[0.386s] Invoking command in '/home/rafiq/Desktop/ROV_control_system/build/rov_control_system': PYTHONPATH=/home/rafiq/Desktop/ROV_control_system/build/rov_control_system/prefix_override:/usr/lib/python3/dist-packages/colcon_core/task/python/colcon_distutils_commands:/home/rafiq/Desktop/ROV_control_system/install/rov_control_system/lib/python3.10/site-packages:${PYTHONPATH} /usr/bin/python3 -W ignore:setup.py install is deprecated -W ignore:easy_install command is deprecated setup.py develop --editable --build-directory /home/rafiq/Desktop/ROV_control_system/build/rov_control_system/build --no-deps symlink_data --force
[0.547s] running develop
[0.623s] running egg_info
[0.623s] writing rov_control_system.egg-info/PKG-INFO
[0.624s] writing dependency_links to rov_control_system.egg-info/dependency_links.txt
[0.624s] writing entry points to rov_control_system.egg-info/entry_points.txt
[0.624s] writing requirements to rov_control_system.egg-info/requires.txt
[0.625s] writing top-level names to rov_control_system.egg-info/top_level.txt
[0.626s] reading manifest file 'rov_control_system.egg-info/SOURCES.txt'
[0.629s] writing manifest file 'rov_control_system.egg-info/SOURCES.txt'
[0.630s] running build_ext
[0.630s] Creating /home/rafiq/Desktop/ROV_control_system/install/rov_control_system/lib/python3.10/site-packages/rov-control-system.egg-link (link to .)
[0.631s] Installing joystick script to /home/rafiq/Desktop/ROV_control_system/install/rov_control_system/lib/rov_control_system
[0.631s] Installing navigation script to /home/rafiq/Desktop/ROV_control_system/install/rov_control_system/lib/rov_control_system
[0.631s] Installing pca script to /home/rafiq/Desktop/ROV_control_system/install/rov_control_system/lib/rov_control_system
[0.631s] Installing thrusters script to /home/rafiq/Desktop/ROV_control_system/install/rov_control_system/lib/rov_control_system
[0.631s] 
[0.631s] Installed /home/rafiq/Desktop/ROV_control_system/build/rov_control_system
[0.631s] running symlink_data
[0.631s] symbolically linking /home/rafiq/Desktop/ROV_control_system/build/rov_control_system/resource/rov_control_system -> /home/rafiq/Desktop/ROV_control_system/install/rov_control_system/share/ament_index/resource_index/packages
[0.631s] symbolically linking /home/rafiq/Desktop/ROV_control_system/build/rov_control_system/package.xml -> /home/rafiq/Desktop/ROV_control_system/install/rov_control_system/share/rov_control_system
[0.648s] Invoked command in '/home/rafiq/Desktop/ROV_control_system/build/rov_control_system' returned '0': PYTHONPATH=/home/rafiq/Desktop/ROV_control_system/build/rov_control_system/prefix_override:/usr/lib/python3/dist-packages/colcon_core/task/python/colcon_distutils_commands:/home/rafiq/Desktop/ROV_control_system/install/rov_control_system/lib/python3.10/site-packages:${PYTHONPATH} /usr/bin/python3 -W ignore:setup.py install is deprecated -W ignore:easy_install command is deprecated setup.py develop --editable --build-directory /home/rafiq/Desktop/ROV_control_system/build/rov_control_system/build --no-deps symlink_data --force
