[0.030s] Invoking command in '/home/rafiq/ros_adv/build/interfaces': CMAKE_PREFIX_PATH=${CMAKE_PREFIX_PATH}:/home/rafiq/ros_adv/install/multi_sensor_validator:/opt/ros/humble /usr/bin/cmake --build /home/rafiq/ros_adv/build/interfaces -- -j20 -l20
[0.114s] [  2%] Built target interfaces__cpp
[0.137s] [  2%] Built target ament_cmake_python_copy_interfaces
[0.142s] [ 12%] Built target interfaces__rosidl_generator_c
[0.173s] [ 23%] Built target interfaces__rosidl_typesupport_introspection_cpp
[0.180s] [ 33%] Built target interfaces__rosidl_typesupport_cpp
[0.180s] [ 43%] Built target interfaces__rosidl_typesupport_fastrtps_cpp
[0.185s] [ 53%] Built target interfaces__rosidl_typesupport_introspection_c
[0.198s] [ 64%] Built target interfaces__rosidl_typesupport_c
[0.199s] [ 74%] Built target interfaces__rosidl_typesupport_fastrtps_c
[0.238s] [ 74%] Built target interfaces
[0.283s] [ 76%] Built target interfaces__py
[0.317s] [ 84%] Built target interfaces__rosidl_generator_py
[0.347s] [ 89%] Built target interfaces__rosidl_typesupport_fastrtps_c__pyext
[0.348s] [ 94%] Built target interfaces__rosidl_typesupport_c__pyext
[0.349s] [100%] Built target interfaces__rosidl_typesupport_introspection_c__pyext
[0.497s] running egg_info
[0.499s] writing interfaces.egg-info/PKG-INFO
[0.500s] writing dependency_links to interfaces.egg-info/dependency_links.txt
[0.500s] writing top-level names to interfaces.egg-info/top_level.txt
[0.502s] reading manifest file 'interfaces.egg-info/SOURCES.txt'
[0.502s] writing manifest file 'interfaces.egg-info/SOURCES.txt'
[0.536s] [100%] Built target ament_cmake_python_build_interfaces_egg
[0.550s] Invoked command in '/home/rafiq/ros_adv/build/interfaces' returned '0': CMAKE_PREFIX_PATH=${CMAKE_PREFIX_PATH}:/home/rafiq/ros_adv/install/multi_sensor_validator:/opt/ros/humble /usr/bin/cmake --build /home/rafiq/ros_adv/build/interfaces -- -j20 -l20
[0.563s] Invoking command in '/home/rafiq/ros_adv/build/interfaces': CMAKE_PREFIX_PATH=${CMAKE_PREFIX_PATH}:/home/rafiq/ros_adv/install/multi_sensor_validator:/opt/ros/humble /usr/bin/cmake --install /home/rafiq/ros_adv/build/interfaces
[0.578s] -- Install configuration: ""
[0.578s] -- Up-to-date: /home/rafiq/ros_adv/install/interfaces/share/ament_index/resource_index/rosidl_interfaces/interfaces
[0.579s] -- Up-to-date: /home/rafiq/ros_adv/install/interfaces/include/interfaces/interfaces
[0.580s] -- Up-to-date: /home/rafiq/ros_adv/install/interfaces/include/interfaces/interfaces/msg
[0.580s] -- Up-to-date: /home/rafiq/ros_adv/install/interfaces/include/interfaces/interfaces/msg/rosidl_generator_c__visibility_control.h
[0.580s] -- Up-to-date: /home/rafiq/ros_adv/install/interfaces/include/interfaces/interfaces/msg/detail
[0.581s] -- Up-to-date: /home/rafiq/ros_adv/install/interfaces/include/interfaces/interfaces/msg/detail/sensor_properties__struct.h
[0.581s] -- Up-to-date: /home/rafiq/ros_adv/install/interfaces/include/interfaces/interfaces/msg/detail/sensor_properties__type_support.h
[0.581s] -- Up-to-date: /home/rafiq/ros_adv/install/interfaces/include/interfaces/interfaces/msg/detail/sensor_properties__functions.c
[0.581s] -- Up-to-date: /home/rafiq/ros_adv/install/interfaces/include/interfaces/interfaces/msg/detail/sensor_properties__functions.h
[0.582s] -- Up-to-date: /home/rafiq/ros_adv/install/interfaces/include/interfaces/interfaces/msg/sensor_properties.h
[0.582s] -- Up-to-date: /home/rafiq/ros_adv/install/interfaces/include/interfaces/interfaces/srv
[0.582s] -- Up-to-date: /home/rafiq/ros_adv/install/interfaces/include/interfaces/interfaces/srv/check_obstacle.h
[0.582s] -- Up-to-date: /home/rafiq/ros_adv/install/interfaces/include/interfaces/interfaces/srv/detail
[0.582s] -- Up-to-date: /home/rafiq/ros_adv/install/interfaces/include/interfaces/interfaces/srv/detail/check_obstacle__type_support.h
[0.582s] -- Up-to-date: /home/rafiq/ros_adv/install/interfaces/include/interfaces/interfaces/srv/detail/check_obstacle__functions.c
[0.583s] -- Up-to-date: /home/rafiq/ros_adv/install/interfaces/include/interfaces/interfaces/srv/detail/check_obstacle__struct.h
[0.583s] -- Up-to-date: /home/rafiq/ros_adv/install/interfaces/include/interfaces/interfaces/srv/detail/check_obstacle__functions.h
[0.583s] -- Up-to-date: /home/rafiq/ros_adv/install/interfaces/share/interfaces/environment/library_path.sh
[0.583s] -- Up-to-date: /home/rafiq/ros_adv/install/interfaces/share/interfaces/environment/library_path.dsv
[0.584s] -- Up-to-date: /home/rafiq/ros_adv/install/interfaces/lib/libinterfaces__rosidl_generator_c.so
[0.584s] -- Up-to-date: /home/rafiq/ros_adv/install/interfaces/include/interfaces/interfaces
[0.584s] -- Up-to-date: /home/rafiq/ros_adv/install/interfaces/include/interfaces/interfaces/msg
[0.584s] -- Up-to-date: /home/rafiq/ros_adv/install/interfaces/include/interfaces/interfaces/msg/detail
[0.584s] -- Up-to-date: /home/rafiq/ros_adv/install/interfaces/include/interfaces/interfaces/msg/detail/sensor_properties__rosidl_typesupport_fastrtps_c.h
[0.585s] -- Up-to-date: /home/rafiq/ros_adv/install/interfaces/include/interfaces/interfaces/msg/rosidl_typesupport_fastrtps_c__visibility_control.h
[0.585s] -- Up-to-date: /home/rafiq/ros_adv/install/interfaces/include/interfaces/interfaces/srv
[0.586s] -- Up-to-date: /home/rafiq/ros_adv/install/interfaces/include/interfaces/interfaces/srv/detail
[0.586s] -- Up-to-date: /home/rafiq/ros_adv/install/interfaces/include/interfaces/interfaces/srv/detail/check_obstacle__rosidl_typesupport_fastrtps_c.h
[0.586s] -- Up-to-date: /home/rafiq/ros_adv/install/interfaces/lib/libinterfaces__rosidl_typesupport_fastrtps_c.so
[0.587s] -- Up-to-date: /home/rafiq/ros_adv/install/interfaces/include/interfaces/interfaces
[0.587s] -- Up-to-date: /home/rafiq/ros_adv/install/interfaces/include/interfaces/interfaces/msg
[0.587s] -- Up-to-date: /home/rafiq/ros_adv/install/interfaces/include/interfaces/interfaces/msg/rosidl_generator_cpp__visibility_control.hpp
[0.588s] -- Up-to-date: /home/rafiq/ros_adv/install/interfaces/include/interfaces/interfaces/msg/sensor_properties.hpp
[0.588s] -- Up-to-date: /home/rafiq/ros_adv/install/interfaces/include/interfaces/interfaces/msg/detail
[0.588s] -- Up-to-date: /home/rafiq/ros_adv/install/interfaces/include/interfaces/interfaces/msg/detail/sensor_properties__type_support.hpp
[0.588s] -- Up-to-date: /home/rafiq/ros_adv/install/interfaces/include/interfaces/interfaces/msg/detail/sensor_properties__struct.hpp
[0.588s] -- Up-to-date: /home/rafiq/ros_adv/install/interfaces/include/interfaces/interfaces/msg/detail/sensor_properties__builder.hpp
[0.588s] -- Up-to-date: /home/rafiq/ros_adv/install/interfaces/include/interfaces/interfaces/msg/detail/sensor_properties__traits.hpp
[0.589s] -- Up-to-date: /home/rafiq/ros_adv/install/interfaces/include/interfaces/interfaces/srv
[0.589s] -- Up-to-date: /home/rafiq/ros_adv/install/interfaces/include/interfaces/interfaces/srv/detail
[0.589s] -- Up-to-date: /home/rafiq/ros_adv/install/interfaces/include/interfaces/interfaces/srv/detail/check_obstacle__traits.hpp
[0.589s] -- Up-to-date: /home/rafiq/ros_adv/install/interfaces/include/interfaces/interfaces/srv/detail/check_obstacle__builder.hpp
[0.590s] -- Up-to-date: /home/rafiq/ros_adv/install/interfaces/include/interfaces/interfaces/srv/detail/check_obstacle__struct.hpp
[0.590s] -- Up-to-date: /home/rafiq/ros_adv/install/interfaces/include/interfaces/interfaces/srv/detail/check_obstacle__type_support.hpp
[0.590s] -- Up-to-date: /home/rafiq/ros_adv/install/interfaces/include/interfaces/interfaces/srv/check_obstacle.hpp
[0.590s] -- Up-to-date: /home/rafiq/ros_adv/install/interfaces/include/interfaces/interfaces
[0.597s] -- Up-to-date: /home/rafiq/ros_adv/install/interfaces/include/interfaces/interfaces/msg
[0.597s] -- Up-to-date: /home/rafiq/ros_adv/install/interfaces/include/interfaces/interfaces/msg/rosidl_typesupport_fastrtps_cpp__visibility_control.h
[0.613s] -- Up-to-date: /home/rafiq/ros_adv/install/interfaces/include/interfaces/interfaces/msg/detail
[0.613s] -- Up-to-date: /home/rafiq/ros_adv/install/interfaces/include/interfaces/interfaces/msg/detail/dds_fastrtps
[0.613s] -- Up-to-date: /home/rafiq/ros_adv/install/interfaces/include/interfaces/interfaces/msg/detail/sensor_properties__rosidl_typesupport_fastrtps_cpp.hpp
[0.613s] -- Up-to-date: /home/rafiq/ros_adv/install/interfaces/include/interfaces/interfaces/srv
[0.626s] -- Up-to-date: /home/rafiq/ros_adv/install/interfaces/include/interfaces/interfaces/srv/detail
[0.626s] -- Up-to-date: /home/rafiq/ros_adv/install/interfaces/include/interfaces/interfaces/srv/detail/dds_fastrtps
[0.627s] -- Up-to-date: /home/rafiq/ros_adv/install/interfaces/include/interfaces/interfaces/srv/detail/check_obstacle__rosidl_typesupport_fastrtps_cpp.hpp
[0.627s] -- Up-to-date: /home/rafiq/ros_adv/install/interfaces/lib/libinterfaces__rosidl_typesupport_fastrtps_cpp.so
[0.627s] -- Up-to-date: /home/rafiq/ros_adv/install/interfaces/include/interfaces/interfaces
[0.627s] -- Up-to-date: /home/rafiq/ros_adv/install/interfaces/include/interfaces/interfaces/msg
[0.627s] -- Up-to-date: /home/rafiq/ros_adv/install/interfaces/include/interfaces/interfaces/msg/rosidl_typesupport_introspection_c__visibility_control.h
[0.627s] -- Up-to-date: /home/rafiq/ros_adv/install/interfaces/include/interfaces/interfaces/msg/detail
[0.627s] -- Up-to-date: /home/rafiq/ros_adv/install/interfaces/include/interfaces/interfaces/msg/detail/sensor_properties__rosidl_typesupport_introspection_c.h
[0.627s] -- Up-to-date: /home/rafiq/ros_adv/install/interfaces/include/interfaces/interfaces/msg/detail/sensor_properties__type_support.c
[0.628s] -- Up-to-date: /home/rafiq/ros_adv/install/interfaces/include/interfaces/interfaces/srv
[0.628s] -- Up-to-date: /home/rafiq/ros_adv/install/interfaces/include/interfaces/interfaces/srv/detail
[0.628s] -- Up-to-date: /home/rafiq/ros_adv/install/interfaces/include/interfaces/interfaces/srv/detail/check_obstacle__type_support.c
[0.628s] -- Up-to-date: /home/rafiq/ros_adv/install/interfaces/include/interfaces/interfaces/srv/detail/check_obstacle__rosidl_typesupport_introspection_c.h
[0.628s] -- Up-to-date: /home/rafiq/ros_adv/install/interfaces/lib/libinterfaces__rosidl_typesupport_introspection_c.so
[0.628s] -- Up-to-date: /home/rafiq/ros_adv/install/interfaces/lib/libinterfaces__rosidl_typesupport_c.so
[0.628s] -- Up-to-date: /home/rafiq/ros_adv/install/interfaces/include/interfaces/interfaces
[0.628s] -- Up-to-date: /home/rafiq/ros_adv/install/interfaces/include/interfaces/interfaces/msg
[0.628s] -- Up-to-date: /home/rafiq/ros_adv/install/interfaces/include/interfaces/interfaces/msg/detail
[0.628s] -- Up-to-date: /home/rafiq/ros_adv/install/interfaces/include/interfaces/interfaces/msg/detail/sensor_properties__rosidl_typesupport_introspection_cpp.hpp
[0.628s] -- Up-to-date: /home/rafiq/ros_adv/install/interfaces/include/interfaces/interfaces/msg/detail/sensor_properties__type_support.cpp
[0.628s] -- Up-to-date: /home/rafiq/ros_adv/install/interfaces/include/interfaces/interfaces/srv
[0.628s] -- Up-to-date: /home/rafiq/ros_adv/install/interfaces/include/interfaces/interfaces/srv/detail
[0.628s] -- Up-to-date: /home/rafiq/ros_adv/install/interfaces/include/interfaces/interfaces/srv/detail/check_obstacle__type_support.cpp
[0.629s] -- Up-to-date: /home/rafiq/ros_adv/install/interfaces/include/interfaces/interfaces/srv/detail/check_obstacle__rosidl_typesupport_introspection_cpp.hpp
[0.629s] -- Up-to-date: /home/rafiq/ros_adv/install/interfaces/lib/libinterfaces__rosidl_typesupport_introspection_cpp.so
[0.629s] -- Up-to-date: /home/rafiq/ros_adv/install/interfaces/lib/libinterfaces__rosidl_typesupport_cpp.so
[0.629s] -- Up-to-date: /home/rafiq/ros_adv/install/interfaces/share/interfaces/environment/pythonpath.sh
[0.629s] -- Up-to-date: /home/rafiq/ros_adv/install/interfaces/share/interfaces/environment/pythonpath.dsv
[0.629s] -- Up-to-date: /home/rafiq/ros_adv/install/interfaces/local/lib/python3.10/dist-packages/interfaces-0.0.0-py3.10.egg-info
[0.629s] -- Installing: /home/rafiq/ros_adv/install/interfaces/local/lib/python3.10/dist-packages/interfaces-0.0.0-py3.10.egg-info/PKG-INFO
[0.629s] -- Installing: /home/rafiq/ros_adv/install/interfaces/local/lib/python3.10/dist-packages/interfaces-0.0.0-py3.10.egg-info/SOURCES.txt
[0.629s] -- Installing: /home/rafiq/ros_adv/install/interfaces/local/lib/python3.10/dist-packages/interfaces-0.0.0-py3.10.egg-info/top_level.txt
[0.629s] -- Installing: /home/rafiq/ros_adv/install/interfaces/local/lib/python3.10/dist-packages/interfaces-0.0.0-py3.10.egg-info/dependency_links.txt
[0.629s] -- Up-to-date: /home/rafiq/ros_adv/install/interfaces/local/lib/python3.10/dist-packages/interfaces
[0.630s] -- Up-to-date: /home/rafiq/ros_adv/install/interfaces/local/lib/python3.10/dist-packages/interfaces/libinterfaces__rosidl_generator_py.so
[0.630s] -- Up-to-date: /home/rafiq/ros_adv/install/interfaces/local/lib/python3.10/dist-packages/interfaces/interfaces_s__rosidl_typesupport_fastrtps_c.cpython-310-x86_64-linux-gnu.so
[0.630s] -- Up-to-date: /home/rafiq/ros_adv/install/interfaces/local/lib/python3.10/dist-packages/interfaces/msg
[0.630s] -- Up-to-date: /home/rafiq/ros_adv/install/interfaces/local/lib/python3.10/dist-packages/interfaces/msg/_sensor_properties_s.c
[0.630s] -- Up-to-date: /home/rafiq/ros_adv/install/interfaces/local/lib/python3.10/dist-packages/interfaces/msg/_sensor_properties.py
[0.630s] -- Up-to-date: /home/rafiq/ros_adv/install/interfaces/local/lib/python3.10/dist-packages/interfaces/msg/__init__.py
[0.630s] -- Up-to-date: /home/rafiq/ros_adv/install/interfaces/local/lib/python3.10/dist-packages/interfaces/_interfaces_s.ep.rosidl_typesupport_c.c
[0.630s] -- Up-to-date: /home/rafiq/ros_adv/install/interfaces/local/lib/python3.10/dist-packages/interfaces/_interfaces_s.ep.rosidl_typesupport_introspection_c.c
[0.630s] -- Up-to-date: /home/rafiq/ros_adv/install/interfaces/local/lib/python3.10/dist-packages/interfaces/_interfaces_s.ep.rosidl_typesupport_fastrtps_c.c
[0.630s] -- Up-to-date: /home/rafiq/ros_adv/install/interfaces/local/lib/python3.10/dist-packages/interfaces/srv
[0.630s] -- Up-to-date: /home/rafiq/ros_adv/install/interfaces/local/lib/python3.10/dist-packages/interfaces/srv/_check_obstacle_s.c
[0.630s] -- Up-to-date: /home/rafiq/ros_adv/install/interfaces/local/lib/python3.10/dist-packages/interfaces/srv/_check_obstacle.py
[0.630s] -- Up-to-date: /home/rafiq/ros_adv/install/interfaces/local/lib/python3.10/dist-packages/interfaces/srv/__init__.py
[0.631s] -- Up-to-date: /home/rafiq/ros_adv/install/interfaces/local/lib/python3.10/dist-packages/interfaces/interfaces_s__rosidl_typesupport_c.cpython-310-x86_64-linux-gnu.so
[0.631s] -- Up-to-date: /home/rafiq/ros_adv/install/interfaces/local/lib/python3.10/dist-packages/interfaces/__init__.py
[0.631s] -- Up-to-date: /home/rafiq/ros_adv/install/interfaces/local/lib/python3.10/dist-packages/interfaces/interfaces_s__rosidl_typesupport_introspection_c.cpython-310-x86_64-linux-gnu.so
[0.662s] Listing '/home/rafiq/ros_adv/install/interfaces/local/lib/python3.10/dist-packages/interfaces'...
[0.662s] Listing '/home/rafiq/ros_adv/install/interfaces/local/lib/python3.10/dist-packages/interfaces/msg'...
[0.662s] Listing '/home/rafiq/ros_adv/install/interfaces/local/lib/python3.10/dist-packages/interfaces/srv'...
[0.676s] -- Up-to-date: /home/rafiq/ros_adv/install/interfaces/local/lib/python3.10/dist-packages/interfaces/interfaces_s__rosidl_typesupport_fastrtps_c.cpython-310-x86_64-linux-gnu.so
[0.676s] -- Up-to-date: /home/rafiq/ros_adv/install/interfaces/local/lib/python3.10/dist-packages/interfaces/interfaces_s__rosidl_typesupport_introspection_c.cpython-310-x86_64-linux-gnu.so
[0.676s] -- Up-to-date: /home/rafiq/ros_adv/install/interfaces/local/lib/python3.10/dist-packages/interfaces/interfaces_s__rosidl_typesupport_c.cpython-310-x86_64-linux-gnu.so
[0.676s] -- Up-to-date: /home/rafiq/ros_adv/install/interfaces/lib/libinterfaces__rosidl_generator_py.so
[0.677s] -- Up-to-date: /home/rafiq/ros_adv/install/interfaces/share/interfaces/msg/SensorProperties.idl
[0.677s] -- Up-to-date: /home/rafiq/ros_adv/install/interfaces/share/interfaces/srv/CheckObstacle.idl
[0.677s] -- Up-to-date: /home/rafiq/ros_adv/install/interfaces/share/interfaces/msg/SensorProperties.msg
[0.677s] -- Up-to-date: /home/rafiq/ros_adv/install/interfaces/share/interfaces/srv/CheckObstacle.srv
[0.677s] -- Up-to-date: /home/rafiq/ros_adv/install/interfaces/share/interfaces/srv/CheckObstacle_Request.msg
[0.678s] -- Up-to-date: /home/rafiq/ros_adv/install/interfaces/share/interfaces/srv/CheckObstacle_Response.msg
[0.678s] -- Up-to-date: /home/rafiq/ros_adv/install/interfaces/share/ament_index/resource_index/package_run_dependencies/interfaces
[0.678s] -- Up-to-date: /home/rafiq/ros_adv/install/interfaces/share/ament_index/resource_index/parent_prefix_path/interfaces
[0.678s] -- Up-to-date: /home/rafiq/ros_adv/install/interfaces/share/interfaces/environment/ament_prefix_path.sh
[0.679s] -- Up-to-date: /home/rafiq/ros_adv/install/interfaces/share/interfaces/environment/ament_prefix_path.dsv
[0.679s] -- Up-to-date: /home/rafiq/ros_adv/install/interfaces/share/interfaces/environment/path.sh
[0.679s] -- Up-to-date: /home/rafiq/ros_adv/install/interfaces/share/interfaces/environment/path.dsv
[0.679s] -- Up-to-date: /home/rafiq/ros_adv/install/interfaces/share/interfaces/local_setup.bash
[0.679s] -- Up-to-date: /home/rafiq/ros_adv/install/interfaces/share/interfaces/local_setup.sh
[0.679s] -- Up-to-date: /home/rafiq/ros_adv/install/interfaces/share/interfaces/local_setup.zsh
[0.679s] -- Up-to-date: /home/rafiq/ros_adv/install/interfaces/share/interfaces/local_setup.dsv
[0.680s] -- Installing: /home/rafiq/ros_adv/install/interfaces/share/interfaces/package.dsv
[0.680s] -- Up-to-date: /home/rafiq/ros_adv/install/interfaces/share/ament_index/resource_index/packages/interfaces
[0.680s] -- Up-to-date: /home/rafiq/ros_adv/install/interfaces/share/interfaces/cmake/export_interfaces__rosidl_generator_cExport.cmake
[0.680s] -- Up-to-date: /home/rafiq/ros_adv/install/interfaces/share/interfaces/cmake/export_interfaces__rosidl_generator_cExport-noconfig.cmake
[0.680s] -- Up-to-date: /home/rafiq/ros_adv/install/interfaces/share/interfaces/cmake/export_interfaces__rosidl_typesupport_fastrtps_cExport.cmake
[0.680s] -- Up-to-date: /home/rafiq/ros_adv/install/interfaces/share/interfaces/cmake/export_interfaces__rosidl_typesupport_fastrtps_cExport-noconfig.cmake
[0.680s] -- Up-to-date: /home/rafiq/ros_adv/install/interfaces/share/interfaces/cmake/export_interfaces__rosidl_generator_cppExport.cmake
[0.681s] -- Up-to-date: /home/rafiq/ros_adv/install/interfaces/share/interfaces/cmake/export_interfaces__rosidl_typesupport_fastrtps_cppExport.cmake
[0.681s] -- Up-to-date: /home/rafiq/ros_adv/install/interfaces/share/interfaces/cmake/export_interfaces__rosidl_typesupport_fastrtps_cppExport-noconfig.cmake
[0.681s] -- Up-to-date: /home/rafiq/ros_adv/install/interfaces/share/interfaces/cmake/interfaces__rosidl_typesupport_introspection_cExport.cmake
[0.681s] -- Up-to-date: /home/rafiq/ros_adv/install/interfaces/share/interfaces/cmake/interfaces__rosidl_typesupport_introspection_cExport-noconfig.cmake
[0.681s] -- Up-to-date: /home/rafiq/ros_adv/install/interfaces/share/interfaces/cmake/interfaces__rosidl_typesupport_cExport.cmake
[0.682s] -- Up-to-date: /home/rafiq/ros_adv/install/interfaces/share/interfaces/cmake/interfaces__rosidl_typesupport_cExport-noconfig.cmake
[0.683s] -- Up-to-date: /home/rafiq/ros_adv/install/interfaces/share/interfaces/cmake/interfaces__rosidl_typesupport_introspection_cppExport.cmake
[0.683s] -- Up-to-date: /home/rafiq/ros_adv/install/interfaces/share/interfaces/cmake/interfaces__rosidl_typesupport_introspection_cppExport-noconfig.cmake
[0.683s] -- Up-to-date: /home/rafiq/ros_adv/install/interfaces/share/interfaces/cmake/interfaces__rosidl_typesupport_cppExport.cmake
[0.683s] -- Up-to-date: /home/rafiq/ros_adv/install/interfaces/share/interfaces/cmake/interfaces__rosidl_typesupport_cppExport-noconfig.cmake
[0.684s] -- Up-to-date: /home/rafiq/ros_adv/install/interfaces/share/interfaces/cmake/export_interfaces__rosidl_generator_pyExport.cmake
[0.684s] -- Up-to-date: /home/rafiq/ros_adv/install/interfaces/share/interfaces/cmake/export_interfaces__rosidl_generator_pyExport-noconfig.cmake
[0.684s] -- Up-to-date: /home/rafiq/ros_adv/install/interfaces/share/interfaces/cmake/rosidl_cmake-extras.cmake
[0.685s] -- Up-to-date: /home/rafiq/ros_adv/install/interfaces/share/interfaces/cmake/ament_cmake_export_dependencies-extras.cmake
[0.685s] -- Up-to-date: /home/rafiq/ros_adv/install/interfaces/share/interfaces/cmake/ament_cmake_export_include_directories-extras.cmake
[0.687s] -- Up-to-date: /home/rafiq/ros_adv/install/interfaces/share/interfaces/cmake/ament_cmake_export_libraries-extras.cmake
[0.687s] -- Up-to-date: /home/rafiq/ros_adv/install/interfaces/share/interfaces/cmake/ament_cmake_export_targets-extras.cmake
[0.687s] -- Up-to-date: /home/rafiq/ros_adv/install/interfaces/share/interfaces/cmake/rosidl_cmake_export_typesupport_targets-extras.cmake
[0.687s] -- Up-to-date: /home/rafiq/ros_adv/install/interfaces/share/interfaces/cmake/rosidl_cmake_export_typesupport_libraries-extras.cmake
[0.687s] -- Up-to-date: /home/rafiq/ros_adv/install/interfaces/share/interfaces/cmake/interfacesConfig.cmake
[0.687s] -- Up-to-date: /home/rafiq/ros_adv/install/interfaces/share/interfaces/cmake/interfacesConfig-version.cmake
[0.687s] -- Up-to-date: /home/rafiq/ros_adv/install/interfaces/share/interfaces/package.xml
[0.688s] Invoked command in '/home/rafiq/ros_adv/build/interfaces' returned '0': CMAKE_PREFIX_PATH=${CMAKE_PREFIX_PATH}:/home/rafiq/ros_adv/install/multi_sensor_validator:/opt/ros/humble /usr/bin/cmake --install /home/rafiq/ros_adv/build/interfaces
