[0.274s] DEBUG:colcon:Command line arguments: ['/usr/bin/colcon', 'build']
[0.274s] DEBUG:colcon:Parsed command line arguments: Namespace(log_base=None, log_level=None, verb_name='build', build_base='build', install_base='install', merge_install=False, symlink_install=False, test_result_base=None, continue_on_error=False, executor='parallel', parallel_workers=20, event_handlers=None, ignore_user_meta=False, metas=['./colcon.meta'], base_paths=['.'], packages_ignore=None, packages_ignore_regex=None, paths=None, packages_up_to=None, packages_up_to_regex=None, packages_above=None, packages_above_and_dependencies=None, packages_above_depth=None, packages_select_by_dep=None, packages_skip_by_dep=None, packages_skip_up_to=None, packages_select_build_failed=False, packages_skip_build_finished=False, packages_select_test_failures=False, packages_skip_test_passed=False, packages_select=None, packages_skip=None, packages_select_regex=None, packages_skip_regex=None, packages_start=None, packages_end=None, allow_overriding=[], cmake_args=None, cmake_target=None, cmake_target_skip_unavailable=False, cmake_clean_cache=False, cmake_clean_first=False, cmake_force_configure=False, ament_cmake_args=None, catkin_cmake_args=None, catkin_skip_building_tests=False, mixin_files=None, mixin=None, verb_parser=<colcon_mixin.mixin.mixin_argument.MixinArgumentDecorator object at 0x7a93cf64da20>, verb_extension=<colcon_core.verb.build.BuildVerb object at 0x7a93cf64d4b0>, main=<bound method BuildVerb.main of <colcon_core.verb.build.BuildVerb object at 0x7a93cf64d4b0>>, mixin_verb=('build',))
[0.501s] Level 1:colcon.colcon_core.package_discovery:discover_packages(colcon_meta) check parameters
[0.501s] Level 1:colcon.colcon_core.package_discovery:discover_packages(recursive) check parameters
[0.501s] Level 1:colcon.colcon_core.package_discovery:discover_packages(ignore) check parameters
[0.501s] Level 1:colcon.colcon_core.package_discovery:discover_packages(path) check parameters
[0.501s] Level 1:colcon.colcon_core.package_discovery:discover_packages(colcon_meta) discover
[0.501s] Level 1:colcon.colcon_core.package_discovery:discover_packages(recursive) discover
[0.501s] INFO:colcon.colcon_core.package_discovery:Crawling recursively for packages in '/home/rafiq/ros_adv'
[0.501s] Level 1:colcon.colcon_core.package_identification:_identify(.) by extensions ['ignore', 'ignore_ament_install']
[0.501s] Level 1:colcon.colcon_core.package_identification:_identify(.) by extension 'ignore'
[0.501s] Level 1:colcon.colcon_core.package_identification:_identify(.) by extension 'ignore_ament_install'
[0.501s] Level 1:colcon.colcon_core.package_identification:_identify(.) by extensions ['colcon_pkg']
[0.501s] Level 1:colcon.colcon_core.package_identification:_identify(.) by extension 'colcon_pkg'
[0.501s] Level 1:colcon.colcon_core.package_identification:_identify(.) by extensions ['colcon_meta']
[0.501s] Level 1:colcon.colcon_core.package_identification:_identify(.) by extension 'colcon_meta'
[0.502s] Level 1:colcon.colcon_core.package_identification:_identify(.) by extensions ['ros']
[0.502s] Level 1:colcon.colcon_core.package_identification:_identify(.) by extension 'ros'
[0.520s] Level 1:colcon.colcon_core.package_identification:_identify(.) by extensions ['cmake', 'python']
[0.520s] Level 1:colcon.colcon_core.package_identification:_identify(.) by extension 'cmake'
[0.520s] Level 1:colcon.colcon_core.package_identification:_identify(.) by extension 'python'
[0.521s] Level 1:colcon.colcon_core.package_identification:_identify(.) by extensions ['python_setup_py']
[0.521s] Level 1:colcon.colcon_core.package_identification:_identify(.) by extension 'python_setup_py'
[0.521s] Level 1:colcon.colcon_core.package_identification:_identify(build) by extensions ['ignore', 'ignore_ament_install']
[0.521s] Level 1:colcon.colcon_core.package_identification:_identify(build) by extension 'ignore'
[0.521s] Level 1:colcon.colcon_core.package_identification:_identify(build) ignored
[0.521s] Level 1:colcon.colcon_core.package_identification:_identify(install) by extensions ['ignore', 'ignore_ament_install']
[0.521s] Level 1:colcon.colcon_core.package_identification:_identify(install) by extension 'ignore'
[0.521s] Level 1:colcon.colcon_core.package_identification:_identify(install) ignored
[0.522s] Level 1:colcon.colcon_core.package_identification:_identify(log) by extensions ['ignore', 'ignore_ament_install']
[0.522s] Level 1:colcon.colcon_core.package_identification:_identify(log) by extension 'ignore'
[0.522s] Level 1:colcon.colcon_core.package_identification:_identify(log) ignored
[0.523s] Level 1:colcon.colcon_core.package_identification:_identify(src) by extensions ['ignore', 'ignore_ament_install']
[0.523s] Level 1:colcon.colcon_core.package_identification:_identify(src) by extension 'ignore'
[0.523s] Level 1:colcon.colcon_core.package_identification:_identify(src) by extension 'ignore_ament_install'
[0.523s] Level 1:colcon.colcon_core.package_identification:_identify(src) by extensions ['colcon_pkg']
[0.523s] Level 1:colcon.colcon_core.package_identification:_identify(src) by extension 'colcon_pkg'
[0.523s] Level 1:colcon.colcon_core.package_identification:_identify(src) by extensions ['colcon_meta']
[0.523s] Level 1:colcon.colcon_core.package_identification:_identify(src) by extension 'colcon_meta'
[0.523s] Level 1:colcon.colcon_core.package_identification:_identify(src) by extensions ['ros']
[0.523s] Level 1:colcon.colcon_core.package_identification:_identify(src) by extension 'ros'
[0.523s] Level 1:colcon.colcon_core.package_identification:_identify(src) by extensions ['cmake', 'python']
[0.524s] Level 1:colcon.colcon_core.package_identification:_identify(src) by extension 'cmake'
[0.524s] Level 1:colcon.colcon_core.package_identification:_identify(src) by extension 'python'
[0.524s] Level 1:colcon.colcon_core.package_identification:_identify(src) by extensions ['python_setup_py']
[0.524s] Level 1:colcon.colcon_core.package_identification:_identify(src) by extension 'python_setup_py'
[0.524s] Level 1:colcon.colcon_core.package_identification:_identify(src/interfaces) by extensions ['ignore', 'ignore_ament_install']
[0.524s] Level 1:colcon.colcon_core.package_identification:_identify(src/interfaces) by extension 'ignore'
[0.524s] Level 1:colcon.colcon_core.package_identification:_identify(src/interfaces) by extension 'ignore_ament_install'
[0.524s] Level 1:colcon.colcon_core.package_identification:_identify(src/interfaces) by extensions ['colcon_pkg']
[0.524s] Level 1:colcon.colcon_core.package_identification:_identify(src/interfaces) by extension 'colcon_pkg'
[0.524s] Level 1:colcon.colcon_core.package_identification:_identify(src/interfaces) by extensions ['colcon_meta']
[0.524s] Level 1:colcon.colcon_core.package_identification:_identify(src/interfaces) by extension 'colcon_meta'
[0.524s] Level 1:colcon.colcon_core.package_identification:_identify(src/interfaces) by extensions ['ros']
[0.524s] Level 1:colcon.colcon_core.package_identification:_identify(src/interfaces) by extension 'ros'
[0.528s] DEBUG:colcon.colcon_core.package_identification:Package 'src/interfaces' with type 'ros.ament_cmake' and name 'interfaces'
[0.528s] Level 1:colcon.colcon_core.package_identification:_identify(src/multi_sensor_validator) by extensions ['ignore', 'ignore_ament_install']
[0.528s] Level 1:colcon.colcon_core.package_identification:_identify(src/multi_sensor_validator) by extension 'ignore'
[0.528s] Level 1:colcon.colcon_core.package_identification:_identify(src/multi_sensor_validator) by extension 'ignore_ament_install'
[0.528s] Level 1:colcon.colcon_core.package_identification:_identify(src/multi_sensor_validator) by extensions ['colcon_pkg']
[0.528s] Level 1:colcon.colcon_core.package_identification:_identify(src/multi_sensor_validator) by extension 'colcon_pkg'
[0.528s] Level 1:colcon.colcon_core.package_identification:_identify(src/multi_sensor_validator) by extensions ['colcon_meta']
[0.528s] Level 1:colcon.colcon_core.package_identification:_identify(src/multi_sensor_validator) by extension 'colcon_meta'
[0.528s] Level 1:colcon.colcon_core.package_identification:_identify(src/multi_sensor_validator) by extensions ['ros']
[0.528s] Level 1:colcon.colcon_core.package_identification:_identify(src/multi_sensor_validator) by extension 'ros'
[0.530s] DEBUG:colcon.colcon_core.package_identification:Package 'src/multi_sensor_validator' with type 'ros.ament_python' and name 'multi_sensor_validator'
[0.530s] Level 1:colcon.colcon_core.package_discovery:discover_packages(recursive) using defaults
[0.530s] Level 1:colcon.colcon_core.package_discovery:discover_packages(ignore) discover
[0.530s] Level 1:colcon.colcon_core.package_discovery:discover_packages(ignore) using defaults
[0.530s] Level 1:colcon.colcon_core.package_discovery:discover_packages(path) discover
[0.530s] Level 1:colcon.colcon_core.package_discovery:discover_packages(path) using defaults
[0.566s] Level 1:colcon.colcon_core.package_discovery:discover_packages(prefix_path) check parameters
[0.566s] Level 1:colcon.colcon_core.package_discovery:discover_packages(prefix_path) discover
[0.567s] DEBUG:colcon.colcon_installed_package_information.package_discovery:Found 2 installed packages in /home/rafiq/ros_adv/install
[0.568s] DEBUG:colcon.colcon_installed_package_information.package_discovery:Found 271 installed packages in /opt/ros/humble
[0.570s] Level 1:colcon.colcon_core.package_discovery:discover_packages(prefix_path) using defaults
[0.615s] Level 5:colcon.colcon_core.verb:set package 'interfaces' build argument 'cmake_args' from command line to 'None'
[0.615s] Level 5:colcon.colcon_core.verb:set package 'interfaces' build argument 'cmake_target' from command line to 'None'
[0.615s] Level 5:colcon.colcon_core.verb:set package 'interfaces' build argument 'cmake_target_skip_unavailable' from command line to 'False'
[0.615s] Level 5:colcon.colcon_core.verb:set package 'interfaces' build argument 'cmake_clean_cache' from command line to 'False'
[0.615s] Level 5:colcon.colcon_core.verb:set package 'interfaces' build argument 'cmake_clean_first' from command line to 'False'
[0.615s] Level 5:colcon.colcon_core.verb:set package 'interfaces' build argument 'cmake_force_configure' from command line to 'False'
[0.615s] Level 5:colcon.colcon_core.verb:set package 'interfaces' build argument 'ament_cmake_args' from command line to 'None'
[0.615s] Level 5:colcon.colcon_core.verb:set package 'interfaces' build argument 'catkin_cmake_args' from command line to 'None'
[0.615s] Level 5:colcon.colcon_core.verb:set package 'interfaces' build argument 'catkin_skip_building_tests' from command line to 'False'
[0.615s] DEBUG:colcon.colcon_core.verb:Building package 'interfaces' with the following arguments: {'ament_cmake_args': None, 'build_base': '/home/rafiq/ros_adv/build/interfaces', 'catkin_cmake_args': None, 'catkin_skip_building_tests': False, 'cmake_args': None, 'cmake_clean_cache': False, 'cmake_clean_first': False, 'cmake_force_configure': False, 'cmake_target': None, 'cmake_target_skip_unavailable': False, 'install_base': '/home/rafiq/ros_adv/install/interfaces', 'merge_install': False, 'path': '/home/rafiq/ros_adv/src/interfaces', 'symlink_install': False, 'test_result_base': None}
[0.615s] Level 5:colcon.colcon_core.verb:set package 'multi_sensor_validator' build argument 'cmake_args' from command line to 'None'
[0.615s] Level 5:colcon.colcon_core.verb:set package 'multi_sensor_validator' build argument 'cmake_target' from command line to 'None'
[0.615s] Level 5:colcon.colcon_core.verb:set package 'multi_sensor_validator' build argument 'cmake_target_skip_unavailable' from command line to 'False'
[0.615s] Level 5:colcon.colcon_core.verb:set package 'multi_sensor_validator' build argument 'cmake_clean_cache' from command line to 'False'
[0.615s] Level 5:colcon.colcon_core.verb:set package 'multi_sensor_validator' build argument 'cmake_clean_first' from command line to 'False'
[0.615s] Level 5:colcon.colcon_core.verb:set package 'multi_sensor_validator' build argument 'cmake_force_configure' from command line to 'False'
[0.615s] Level 5:colcon.colcon_core.verb:set package 'multi_sensor_validator' build argument 'ament_cmake_args' from command line to 'None'
[0.615s] Level 5:colcon.colcon_core.verb:set package 'multi_sensor_validator' build argument 'catkin_cmake_args' from command line to 'None'
[0.615s] Level 5:colcon.colcon_core.verb:set package 'multi_sensor_validator' build argument 'catkin_skip_building_tests' from command line to 'False'
[0.616s] DEBUG:colcon.colcon_core.verb:Building package 'multi_sensor_validator' with the following arguments: {'ament_cmake_args': None, 'build_base': '/home/rafiq/ros_adv/build/multi_sensor_validator', 'catkin_cmake_args': None, 'catkin_skip_building_tests': False, 'cmake_args': None, 'cmake_clean_cache': False, 'cmake_clean_first': False, 'cmake_force_configure': False, 'cmake_target': None, 'cmake_target_skip_unavailable': False, 'install_base': '/home/rafiq/ros_adv/install/multi_sensor_validator', 'merge_install': False, 'path': '/home/rafiq/ros_adv/src/multi_sensor_validator', 'symlink_install': False, 'test_result_base': None}
[0.616s] INFO:colcon.colcon_core.executor:Executing jobs using 'parallel' executor
[0.618s] DEBUG:colcon.colcon_parallel_executor.executor.parallel:run_until_complete
[0.618s] INFO:colcon.colcon_ros.task.ament_cmake.build:Building ROS package in '/home/rafiq/ros_adv/src/interfaces' with build type 'ament_cmake'
[0.618s] INFO:colcon.colcon_cmake.task.cmake.build:Building CMake package in '/home/rafiq/ros_adv/src/interfaces'
[0.623s] INFO:colcon.colcon_core.plugin_system:Skipping extension 'colcon_core.shell.bat': Not used on non-Windows systems
[0.623s] INFO:colcon.colcon_core.shell:Skip shell extension 'powershell' for command environment: Not usable outside of PowerShell
[0.623s] DEBUG:colcon.colcon_core.shell:Skip shell extension 'dsv' for command environment
[0.629s] INFO:colcon.colcon_ros.task.ament_python.build:Building ROS package in '/home/rafiq/ros_adv/src/multi_sensor_validator' with build type 'ament_python'
[0.629s] Level 1:colcon.colcon_core.shell:create_environment_hook('multi_sensor_validator', 'ament_prefix_path')
[0.631s] INFO:colcon.colcon_core.shell:Creating environment hook '/home/rafiq/ros_adv/install/multi_sensor_validator/share/multi_sensor_validator/hook/ament_prefix_path.ps1'
[0.632s] INFO:colcon.colcon_core.shell:Creating environment descriptor '/home/rafiq/ros_adv/install/multi_sensor_validator/share/multi_sensor_validator/hook/ament_prefix_path.dsv'
[0.633s] INFO:colcon.colcon_core.shell:Creating environment hook '/home/rafiq/ros_adv/install/multi_sensor_validator/share/multi_sensor_validator/hook/ament_prefix_path.sh'
[0.634s] INFO:colcon.colcon_core.shell:Skip shell extension 'powershell' for command environment: Not usable outside of PowerShell
[0.634s] DEBUG:colcon.colcon_core.shell:Skip shell extension 'dsv' for command environment
[0.645s] DEBUG:colcon.colcon_core.event_handler.log_command:Invoking command in '/home/rafiq/ros_adv/build/interfaces': CMAKE_PREFIX_PATH=${CMAKE_PREFIX_PATH}:/home/rafiq/ros_adv/install/multi_sensor_validator:/opt/ros/humble /usr/bin/cmake --build /home/rafiq/ros_adv/build/interfaces -- -j20 -l20
[1.046s] INFO:colcon.colcon_core.task.python.build:Building Python package in '/home/rafiq/ros_adv/src/multi_sensor_validator'
[1.046s] INFO:colcon.colcon_core.shell:Skip shell extension 'powershell' for command environment: Not usable outside of PowerShell
[1.047s] DEBUG:colcon.colcon_core.shell:Skip shell extension 'dsv' for command environment
[1.146s] DEBUG:colcon.colcon_core.event_handler.log_command:Invoked command in '/home/rafiq/ros_adv/build/interfaces' returned '0': CMAKE_PREFIX_PATH=${CMAKE_PREFIX_PATH}:/home/rafiq/ros_adv/install/multi_sensor_validator:/opt/ros/humble /usr/bin/cmake --build /home/rafiq/ros_adv/build/interfaces -- -j20 -l20
[1.157s] DEBUG:colcon.colcon_core.event_handler.log_command:Invoking command in '/home/rafiq/ros_adv/build/interfaces': CMAKE_PREFIX_PATH=${CMAKE_PREFIX_PATH}:/home/rafiq/ros_adv/install/multi_sensor_validator:/opt/ros/humble /usr/bin/cmake --install /home/rafiq/ros_adv/build/interfaces
[1.243s] Level 1:colcon.colcon_core.environment:create_environment_scripts_only(interfaces)
[1.244s] DEBUG:colcon.colcon_core.event_handler.log_command:Invoked command in '/home/rafiq/ros_adv/build/interfaces' returned '0': CMAKE_PREFIX_PATH=${CMAKE_PREFIX_PATH}:/home/rafiq/ros_adv/install/multi_sensor_validator:/opt/ros/humble /usr/bin/cmake --install /home/rafiq/ros_adv/build/interfaces
[1.246s] Level 1:colcon.colcon_core.environment:checking '/home/rafiq/ros_adv/install/interfaces' for CMake module files
[1.247s] Level 1:colcon.colcon_core.environment:checking '/home/rafiq/ros_adv/install/interfaces' for CMake config files
[1.247s] Level 1:colcon.colcon_core.shell:create_environment_hook('interfaces', 'cmake_prefix_path')
[1.247s] INFO:colcon.colcon_core.shell:Creating environment hook '/home/rafiq/ros_adv/install/interfaces/share/interfaces/hook/cmake_prefix_path.ps1'
[1.248s] INFO:colcon.colcon_core.shell:Creating environment descriptor '/home/rafiq/ros_adv/install/interfaces/share/interfaces/hook/cmake_prefix_path.dsv'
[1.248s] INFO:colcon.colcon_core.shell:Creating environment hook '/home/rafiq/ros_adv/install/interfaces/share/interfaces/hook/cmake_prefix_path.sh'
[1.249s] Level 1:colcon.colcon_core.environment:checking '/home/rafiq/ros_adv/install/interfaces/lib'
[1.249s] Level 1:colcon.colcon_core.shell:create_environment_hook('interfaces', 'ld_library_path_lib')
[1.250s] INFO:colcon.colcon_core.shell:Creating environment hook '/home/rafiq/ros_adv/install/interfaces/share/interfaces/hook/ld_library_path_lib.ps1'
[1.250s] INFO:colcon.colcon_core.shell:Creating environment descriptor '/home/rafiq/ros_adv/install/interfaces/share/interfaces/hook/ld_library_path_lib.dsv'
[1.250s] INFO:colcon.colcon_core.shell:Creating environment hook '/home/rafiq/ros_adv/install/interfaces/share/interfaces/hook/ld_library_path_lib.sh'
[1.251s] Level 1:colcon.colcon_core.environment:checking '/home/rafiq/ros_adv/install/interfaces/bin'
[1.251s] Level 1:colcon.colcon_core.environment:checking '/home/rafiq/ros_adv/install/interfaces/lib/pkgconfig/interfaces.pc'
[1.251s] Level 1:colcon.colcon_core.environment:checking '/home/rafiq/ros_adv/install/interfaces/lib/python3.10/site-packages'
[1.251s] Level 1:colcon.colcon_core.environment:checking '/home/rafiq/ros_adv/install/interfaces/bin'
[1.252s] INFO:colcon.colcon_core.shell:Creating package script '/home/rafiq/ros_adv/install/interfaces/share/interfaces/package.ps1'
[1.253s] INFO:colcon.colcon_core.shell:Creating package descriptor '/home/rafiq/ros_adv/install/interfaces/share/interfaces/package.dsv'
[1.253s] INFO:colcon.colcon_core.shell:Creating package script '/home/rafiq/ros_adv/install/interfaces/share/interfaces/package.sh'
[1.254s] INFO:colcon.colcon_core.shell:Creating package script '/home/rafiq/ros_adv/install/interfaces/share/interfaces/package.bash'
[1.255s] INFO:colcon.colcon_core.shell:Creating package script '/home/rafiq/ros_adv/install/interfaces/share/interfaces/package.zsh'
[1.256s] Level 1:colcon.colcon_core.environment:create_file_with_runtime_dependencies(/home/rafiq/ros_adv/install/interfaces/share/colcon-core/packages/interfaces)
[1.256s] Level 1:colcon.colcon_core.environment:create_environment_scripts_only(interfaces)
[1.256s] Level 1:colcon.colcon_core.environment:checking '/home/rafiq/ros_adv/install/interfaces' for CMake module files
[1.257s] Level 1:colcon.colcon_core.environment:checking '/home/rafiq/ros_adv/install/interfaces' for CMake config files
[1.257s] Level 1:colcon.colcon_core.shell:create_environment_hook('interfaces', 'cmake_prefix_path')
[1.258s] INFO:colcon.colcon_core.shell:Creating environment hook '/home/rafiq/ros_adv/install/interfaces/share/interfaces/hook/cmake_prefix_path.ps1'
[1.258s] INFO:colcon.colcon_core.shell:Creating environment descriptor '/home/rafiq/ros_adv/install/interfaces/share/interfaces/hook/cmake_prefix_path.dsv'
[1.258s] INFO:colcon.colcon_core.shell:Creating environment hook '/home/rafiq/ros_adv/install/interfaces/share/interfaces/hook/cmake_prefix_path.sh'
[1.259s] Level 1:colcon.colcon_core.environment:checking '/home/rafiq/ros_adv/install/interfaces/lib'
[1.259s] Level 1:colcon.colcon_core.shell:create_environment_hook('interfaces', 'ld_library_path_lib')
[1.259s] INFO:colcon.colcon_core.shell:Creating environment hook '/home/rafiq/ros_adv/install/interfaces/share/interfaces/hook/ld_library_path_lib.ps1'
[1.260s] INFO:colcon.colcon_core.shell:Creating environment descriptor '/home/rafiq/ros_adv/install/interfaces/share/interfaces/hook/ld_library_path_lib.dsv'
[1.260s] INFO:colcon.colcon_core.shell:Creating environment hook '/home/rafiq/ros_adv/install/interfaces/share/interfaces/hook/ld_library_path_lib.sh'
[1.261s] Level 1:colcon.colcon_core.environment:checking '/home/rafiq/ros_adv/install/interfaces/bin'
[1.261s] Level 1:colcon.colcon_core.environment:checking '/home/rafiq/ros_adv/install/interfaces/lib/pkgconfig/interfaces.pc'
[1.261s] Level 1:colcon.colcon_core.environment:checking '/home/rafiq/ros_adv/install/interfaces/lib/python3.10/site-packages'
[1.262s] Level 1:colcon.colcon_core.environment:checking '/home/rafiq/ros_adv/install/interfaces/bin'
[1.262s] INFO:colcon.colcon_core.shell:Creating package script '/home/rafiq/ros_adv/install/interfaces/share/interfaces/package.ps1'
[1.263s] INFO:colcon.colcon_core.shell:Creating package descriptor '/home/rafiq/ros_adv/install/interfaces/share/interfaces/package.dsv'
[1.263s] INFO:colcon.colcon_core.shell:Creating package script '/home/rafiq/ros_adv/install/interfaces/share/interfaces/package.sh'
[1.263s] INFO:colcon.colcon_core.shell:Creating package script '/home/rafiq/ros_adv/install/interfaces/share/interfaces/package.bash'
[1.264s] INFO:colcon.colcon_core.shell:Creating package script '/home/rafiq/ros_adv/install/interfaces/share/interfaces/package.zsh'
[1.264s] Level 1:colcon.colcon_core.environment:create_file_with_runtime_dependencies(/home/rafiq/ros_adv/install/interfaces/share/colcon-core/packages/interfaces)
[1.542s] DEBUG:colcon.colcon_core.event_handler.log_command:Invoking command in '/home/rafiq/ros_adv/src/multi_sensor_validator': PYTHONPATH=/home/rafiq/ros_adv/build/multi_sensor_validator/prefix_override:/usr/lib/python3/dist-packages/colcon_core/task/python/colcon_distutils_commands:/home/rafiq/ros_adv/install/multi_sensor_validator/lib/python3.10/site-packages:${PYTHONPATH} /usr/bin/python3 -W ignore:setup.py install is deprecated -W ignore:easy_install command is deprecated setup.py egg_info --egg-base ../../build/multi_sensor_validator build --build-base /home/rafiq/ros_adv/build/multi_sensor_validator/build install --record /home/rafiq/ros_adv/build/multi_sensor_validator/install.log --single-version-externally-managed install_data
[1.879s] Level 1:colcon.colcon_core.environment:checking '/home/rafiq/ros_adv/install/multi_sensor_validator' for CMake module files
[1.880s] DEBUG:colcon.colcon_core.event_handler.log_command:Invoked command in '/home/rafiq/ros_adv/src/multi_sensor_validator' returned '0': PYTHONPATH=/home/rafiq/ros_adv/build/multi_sensor_validator/prefix_override:/usr/lib/python3/dist-packages/colcon_core/task/python/colcon_distutils_commands:/home/rafiq/ros_adv/install/multi_sensor_validator/lib/python3.10/site-packages:${PYTHONPATH} /usr/bin/python3 -W ignore:setup.py install is deprecated -W ignore:easy_install command is deprecated setup.py egg_info --egg-base ../../build/multi_sensor_validator build --build-base /home/rafiq/ros_adv/build/multi_sensor_validator/build install --record /home/rafiq/ros_adv/build/multi_sensor_validator/install.log --single-version-externally-managed install_data
[1.880s] Level 1:colcon.colcon_core.environment:checking '/home/rafiq/ros_adv/install/multi_sensor_validator' for CMake config files
[1.881s] Level 1:colcon.colcon_core.environment:checking '/home/rafiq/ros_adv/install/multi_sensor_validator/lib'
[1.881s] Level 1:colcon.colcon_core.environment:checking '/home/rafiq/ros_adv/install/multi_sensor_validator/bin'
[1.881s] Level 1:colcon.colcon_core.environment:checking '/home/rafiq/ros_adv/install/multi_sensor_validator/lib/pkgconfig/multi_sensor_validator.pc'
[1.881s] Level 1:colcon.colcon_core.environment:checking '/home/rafiq/ros_adv/install/multi_sensor_validator/lib/python3.10/site-packages'
[1.882s] Level 1:colcon.colcon_core.shell:create_environment_hook('multi_sensor_validator', 'pythonpath')
[1.882s] INFO:colcon.colcon_core.shell:Creating environment hook '/home/rafiq/ros_adv/install/multi_sensor_validator/share/multi_sensor_validator/hook/pythonpath.ps1'
[1.883s] INFO:colcon.colcon_core.shell:Creating environment descriptor '/home/rafiq/ros_adv/install/multi_sensor_validator/share/multi_sensor_validator/hook/pythonpath.dsv'
[1.883s] INFO:colcon.colcon_core.shell:Creating environment hook '/home/rafiq/ros_adv/install/multi_sensor_validator/share/multi_sensor_validator/hook/pythonpath.sh'
[1.884s] Level 1:colcon.colcon_core.environment:checking '/home/rafiq/ros_adv/install/multi_sensor_validator/bin'
[1.884s] Level 1:colcon.colcon_core.environment:create_environment_scripts_only(multi_sensor_validator)
[1.884s] INFO:colcon.colcon_core.shell:Creating package script '/home/rafiq/ros_adv/install/multi_sensor_validator/share/multi_sensor_validator/package.ps1'
[1.885s] INFO:colcon.colcon_core.shell:Creating package descriptor '/home/rafiq/ros_adv/install/multi_sensor_validator/share/multi_sensor_validator/package.dsv'
[1.886s] INFO:colcon.colcon_core.shell:Creating package script '/home/rafiq/ros_adv/install/multi_sensor_validator/share/multi_sensor_validator/package.sh'
[1.886s] INFO:colcon.colcon_core.shell:Creating package script '/home/rafiq/ros_adv/install/multi_sensor_validator/share/multi_sensor_validator/package.bash'
[1.887s] INFO:colcon.colcon_core.shell:Creating package script '/home/rafiq/ros_adv/install/multi_sensor_validator/share/multi_sensor_validator/package.zsh'
[1.887s] Level 1:colcon.colcon_core.environment:create_file_with_runtime_dependencies(/home/rafiq/ros_adv/install/multi_sensor_validator/share/colcon-core/packages/multi_sensor_validator)
[1.887s] DEBUG:colcon.colcon_parallel_executor.executor.parallel:closing loop
[1.888s] DEBUG:colcon.colcon_parallel_executor.executor.parallel:loop closed
[1.888s] DEBUG:colcon.colcon_parallel_executor.executor.parallel:run_until_complete finished with '0'
[1.888s] DEBUG:colcon.colcon_core.event_reactor:joining thread
[1.948s] INFO:colcon.colcon_core.plugin_system:Skipping extension 'colcon_notification.desktop_notification.notify_send': Could not find 'notify-send'
[1.948s] INFO:colcon.colcon_core.plugin_system:Skipping extension 'colcon_notification.desktop_notification.terminal_notifier': Not used on non-Darwin systems
[1.948s] INFO:colcon.colcon_core.plugin_system:Skipping extension 'colcon_notification.desktop_notification.win32': Not used on non-Windows systems
[1.948s] INFO:colcon.colcon_notification.desktop_notification:Sending desktop notification using 'notify2'
[1.950s] DEBUG:colcon.colcon_notification.desktop_notification.notify2:Failed to initialize notify2: org.freedesktop.DBus.Error.ServiceUnknown: The name org.freedesktop.Notifications was not provided by any .service files
[1.950s] DEBUG:colcon.colcon_core.event_reactor:joined thread
[1.951s] INFO:colcon.colcon_core.shell:Creating prefix script '/home/rafiq/ros_adv/install/local_setup.ps1'
[1.952s] INFO:colcon.colcon_core.shell:Creating prefix util module '/home/rafiq/ros_adv/install/_local_setup_util_ps1.py'
[1.953s] INFO:colcon.colcon_core.shell:Creating prefix chain script '/home/rafiq/ros_adv/install/setup.ps1'
[1.955s] INFO:colcon.colcon_core.shell:Creating prefix script '/home/rafiq/ros_adv/install/local_setup.sh'
[1.955s] INFO:colcon.colcon_core.shell:Creating prefix util module '/home/rafiq/ros_adv/install/_local_setup_util_sh.py'
[1.956s] INFO:colcon.colcon_core.shell:Creating prefix chain script '/home/rafiq/ros_adv/install/setup.sh'
[1.958s] INFO:colcon.colcon_core.shell:Creating prefix script '/home/rafiq/ros_adv/install/local_setup.bash'
[1.959s] INFO:colcon.colcon_core.shell:Creating prefix chain script '/home/rafiq/ros_adv/install/setup.bash'
[1.961s] INFO:colcon.colcon_core.shell:Creating prefix script '/home/rafiq/ros_adv/install/local_setup.zsh'
[1.962s] INFO:colcon.colcon_core.shell:Creating prefix chain script '/home/rafiq/ros_adv/install/setup.zsh'
