[0.043s] Invoking command in '/home/rafiq/ros_adv/build/interfaces': CMAKE_PREFIX_PATH=/opt/ros/humble /usr/bin/cmake --build /home/rafiq/ros_adv/build/interfaces -- -j20 -l20
[0.149s] -- Found ament_cmake: 1.3.12 (/opt/ros/humble/share/ament_cmake/cmake)
[0.378s] -- Found sensor_msgs: 4.9.0 (/opt/ros/humble/share/sensor_msgs/cmake)
[0.672s] -- Found rosidl_generator_c: 3.1.7 (/opt/ros/humble/share/rosidl_generator_c/cmake)
[0.680s] -- Found rosidl_adapter: 3.1.7 (/opt/ros/humble/share/rosidl_adapter/cmake)
[0.697s] -- Found rosidl_generator_cpp: 3.1.7 (/opt/ros/humble/share/rosidl_generator_cpp/cmake)
[0.722s] -- Using all available rosidl_typesupport_c: rosidl_typesupport_fastrtps_c;rosidl_typesupport_introspection_c
[0.749s] -- Using all available rosidl_typesupport_cpp: rosidl_typesupport_fastrtps_cpp;rosidl_typesupport_introspection_cpp
[0.850s] -- Found rosidl_default_generators: 1.2.0 (/opt/ros/humble/share/rosidl_default_generators/cmake)
[1.339s] -- Found ament_cmake_ros: 0.10.0 (/opt/ros/humble/share/ament_cmake_ros/cmake)
[1.877s] -- Using all available rosidl_typesupport_c: rosidl_typesupport_fastrtps_c;rosidl_typesupport_introspection_c
[2.093s] -- Using all available rosidl_typesupport_cpp: rosidl_typesupport_fastrtps_cpp;rosidl_typesupport_introspection_cpp
[2.126s] -- Found python_cmake_module: 0.10.0 (/opt/ros/humble/share/python_cmake_module/cmake)
[2.157s] -- Using PYTHON_EXECUTABLE: /usr/bin/python3
[2.157s] -- Using PYTHON_INCLUDE_DIRS: /usr/include/python3.10
[2.158s] -- Using PYTHON_LIBRARIES: /usr/lib/x86_64-linux-gnu/libpython3.10.so
[2.210s] -- Found ament_lint_auto: 0.12.14 (/opt/ros/humble/share/ament_lint_auto/cmake)
[2.252s] -- Added test 'lint_cmake' to check CMake code style
[2.253s] -- Added test 'xmllint' to check XML markup files
[2.258s] -- Configuring done
[2.352s] -- Generating done
[2.377s] -- Build files have been written to: /home/rafiq/ros_adv/build/interfaces
[2.436s] [35m[1mConsolidate compiler generated dependencies of target interfaces__rosidl_generator_c[0m
[2.446s] [  2%] Built target interfaces__cpp
[2.451s] [ 12%] Built target interfaces__rosidl_generator_c
[2.468s] [35m[1mConsolidate compiler generated dependencies of target interfaces__rosidl_typesupport_cpp[0m
[2.477s] [35m[1mConsolidate compiler generated dependencies of target interfaces__rosidl_typesupport_fastrtps_cpp[0m
[2.477s] [35m[1mConsolidate compiler generated dependencies of target interfaces__rosidl_typesupport_c[0m
[2.478s] [35m[1mConsolidate compiler generated dependencies of target interfaces__rosidl_typesupport_fastrtps_c[0m
[2.482s] [35m[1mConsolidate compiler generated dependencies of target interfaces__rosidl_typesupport_introspection_cpp[0m
[2.493s] [35m[1mConsolidate compiler generated dependencies of target interfaces__rosidl_typesupport_introspection_c[0m
[2.493s] [ 23%] Built target interfaces__rosidl_typesupport_cpp
[2.499s] [ 23%] Built target ament_cmake_python_copy_interfaces
[2.504s] [ 33%] Built target interfaces__rosidl_typesupport_fastrtps_cpp
[2.504s] [ 43%] Built target interfaces__rosidl_typesupport_fastrtps_c
[2.504s] [ 53%] Built target interfaces__rosidl_typesupport_c
[2.506s] [ 64%] Built target interfaces__rosidl_typesupport_introspection_cpp
[2.512s] [ 74%] Built target interfaces__rosidl_typesupport_introspection_c
[2.538s] [ 74%] Built target interfaces
[2.562s] [ 76%] Built target interfaces__py
[2.575s] [35m[1mConsolidate compiler generated dependencies of target interfaces__rosidl_generator_py[0m
[2.588s] [ 84%] Built target interfaces__rosidl_generator_py
[2.601s] [35m[1mConsolidate compiler generated dependencies of target interfaces__rosidl_typesupport_introspection_c__pyext[0m
[2.603s] [35m[1mConsolidate compiler generated dependencies of target interfaces__rosidl_typesupport_fastrtps_c__pyext[0m
[2.605s] [35m[1mConsolidate compiler generated dependencies of target interfaces__rosidl_typesupport_c__pyext[0m
[2.620s] [ 89%] Built target interfaces__rosidl_typesupport_fastrtps_c__pyext
[2.623s] [ 94%] Built target interfaces__rosidl_typesupport_introspection_c__pyext
[2.629s] [100%] Built target interfaces__rosidl_typesupport_c__pyext
[2.778s] running egg_info
[2.779s] writing interfaces.egg-info/PKG-INFO
[2.780s] writing dependency_links to interfaces.egg-info/dependency_links.txt
[2.780s] writing top-level names to interfaces.egg-info/top_level.txt
[2.782s] reading manifest file 'interfaces.egg-info/SOURCES.txt'
[2.783s] writing manifest file 'interfaces.egg-info/SOURCES.txt'
[2.809s] [100%] Built target ament_cmake_python_build_interfaces_egg
[2.827s] Invoked command in '/home/rafiq/ros_adv/build/interfaces' returned '0': CMAKE_PREFIX_PATH=/opt/ros/humble /usr/bin/cmake --build /home/rafiq/ros_adv/build/interfaces -- -j20 -l20
[2.841s] Invoking command in '/home/rafiq/ros_adv/build/interfaces': CMAKE_PREFIX_PATH=/opt/ros/humble /usr/bin/cmake --install /home/rafiq/ros_adv/build/interfaces
[2.851s] -- Install configuration: ""
[2.851s] -- Up-to-date: /home/rafiq/ros_adv/install/interfaces/share/ament_index/resource_index/rosidl_interfaces/interfaces
[2.851s] -- Up-to-date: /home/rafiq/ros_adv/install/interfaces/include/interfaces/interfaces
[2.852s] -- Up-to-date: /home/rafiq/ros_adv/install/interfaces/include/interfaces/interfaces/msg
[2.852s] -- Up-to-date: /home/rafiq/ros_adv/install/interfaces/include/interfaces/interfaces/msg/rosidl_generator_c__visibility_control.h
[2.852s] -- Up-to-date: /home/rafiq/ros_adv/install/interfaces/include/interfaces/interfaces/msg/detail
[2.853s] -- Up-to-date: /home/rafiq/ros_adv/install/interfaces/include/interfaces/interfaces/msg/detail/sensor_properties__struct.h
[2.853s] -- Up-to-date: /home/rafiq/ros_adv/install/interfaces/include/interfaces/interfaces/msg/detail/sensor_properties__type_support.h
[2.853s] -- Up-to-date: /home/rafiq/ros_adv/install/interfaces/include/interfaces/interfaces/msg/detail/sensor_properties__functions.c
[2.854s] -- Up-to-date: /home/rafiq/ros_adv/install/interfaces/include/interfaces/interfaces/msg/detail/sensor_properties__functions.h
[2.854s] -- Up-to-date: /home/rafiq/ros_adv/install/interfaces/include/interfaces/interfaces/msg/sensor_properties.h
[2.854s] -- Up-to-date: /home/rafiq/ros_adv/install/interfaces/include/interfaces/interfaces/srv
[2.854s] -- Up-to-date: /home/rafiq/ros_adv/install/interfaces/include/interfaces/interfaces/srv/check_obstacle.h
[2.854s] -- Up-to-date: /home/rafiq/ros_adv/install/interfaces/include/interfaces/interfaces/srv/detail
[2.855s] -- Up-to-date: /home/rafiq/ros_adv/install/interfaces/include/interfaces/interfaces/srv/detail/check_obstacle__type_support.h
[2.855s] -- Up-to-date: /home/rafiq/ros_adv/install/interfaces/include/interfaces/interfaces/srv/detail/check_obstacle__functions.c
[2.855s] -- Up-to-date: /home/rafiq/ros_adv/install/interfaces/include/interfaces/interfaces/srv/detail/check_obstacle__struct.h
[2.855s] -- Up-to-date: /home/rafiq/ros_adv/install/interfaces/include/interfaces/interfaces/srv/detail/check_obstacle__functions.h
[2.855s] -- Up-to-date: /home/rafiq/ros_adv/install/interfaces/share/interfaces/environment/library_path.sh
[2.855s] -- Installing: /home/rafiq/ros_adv/install/interfaces/share/interfaces/environment/library_path.dsv
[2.857s] -- Up-to-date: /home/rafiq/ros_adv/install/interfaces/lib/libinterfaces__rosidl_generator_c.so
[2.857s] -- Up-to-date: /home/rafiq/ros_adv/install/interfaces/include/interfaces/interfaces
[2.857s] -- Up-to-date: /home/rafiq/ros_adv/install/interfaces/include/interfaces/interfaces/msg
[2.858s] -- Up-to-date: /home/rafiq/ros_adv/install/interfaces/include/interfaces/interfaces/msg/detail
[2.858s] -- Up-to-date: /home/rafiq/ros_adv/install/interfaces/include/interfaces/interfaces/msg/detail/sensor_properties__rosidl_typesupport_fastrtps_c.h
[2.858s] -- Up-to-date: /home/rafiq/ros_adv/install/interfaces/include/interfaces/interfaces/msg/rosidl_typesupport_fastrtps_c__visibility_control.h
[2.858s] -- Up-to-date: /home/rafiq/ros_adv/install/interfaces/include/interfaces/interfaces/srv
[2.859s] -- Up-to-date: /home/rafiq/ros_adv/install/interfaces/include/interfaces/interfaces/srv/detail
[2.859s] -- Up-to-date: /home/rafiq/ros_adv/install/interfaces/include/interfaces/interfaces/srv/detail/check_obstacle__rosidl_typesupport_fastrtps_c.h
[2.860s] -- Up-to-date: /home/rafiq/ros_adv/install/interfaces/lib/libinterfaces__rosidl_typesupport_fastrtps_c.so
[2.860s] -- Up-to-date: /home/rafiq/ros_adv/install/interfaces/include/interfaces/interfaces
[2.861s] -- Up-to-date: /home/rafiq/ros_adv/install/interfaces/include/interfaces/interfaces/msg
[2.861s] -- Up-to-date: /home/rafiq/ros_adv/install/interfaces/include/interfaces/interfaces/msg/rosidl_generator_cpp__visibility_control.hpp
[2.861s] -- Up-to-date: /home/rafiq/ros_adv/install/interfaces/include/interfaces/interfaces/msg/sensor_properties.hpp
[2.861s] -- Up-to-date: /home/rafiq/ros_adv/install/interfaces/include/interfaces/interfaces/msg/detail
[2.861s] -- Up-to-date: /home/rafiq/ros_adv/install/interfaces/include/interfaces/interfaces/msg/detail/sensor_properties__type_support.hpp
[2.862s] -- Up-to-date: /home/rafiq/ros_adv/install/interfaces/include/interfaces/interfaces/msg/detail/sensor_properties__struct.hpp
[2.862s] -- Up-to-date: /home/rafiq/ros_adv/install/interfaces/include/interfaces/interfaces/msg/detail/sensor_properties__builder.hpp
[2.862s] -- Up-to-date: /home/rafiq/ros_adv/install/interfaces/include/interfaces/interfaces/msg/detail/sensor_properties__traits.hpp
[2.862s] -- Up-to-date: /home/rafiq/ros_adv/install/interfaces/include/interfaces/interfaces/srv
[2.863s] -- Up-to-date: /home/rafiq/ros_adv/install/interfaces/include/interfaces/interfaces/srv/detail
[2.863s] -- Up-to-date: /home/rafiq/ros_adv/install/interfaces/include/interfaces/interfaces/srv/detail/check_obstacle__traits.hpp
[2.863s] -- Up-to-date: /home/rafiq/ros_adv/install/interfaces/include/interfaces/interfaces/srv/detail/check_obstacle__builder.hpp
[2.863s] -- Up-to-date: /home/rafiq/ros_adv/install/interfaces/include/interfaces/interfaces/srv/detail/check_obstacle__struct.hpp
[2.863s] -- Up-to-date: /home/rafiq/ros_adv/install/interfaces/include/interfaces/interfaces/srv/detail/check_obstacle__type_support.hpp
[2.864s] -- Up-to-date: /home/rafiq/ros_adv/install/interfaces/include/interfaces/interfaces/srv/check_obstacle.hpp
[2.864s] -- Up-to-date: /home/rafiq/ros_adv/install/interfaces/include/interfaces/interfaces
[2.864s] -- Up-to-date: /home/rafiq/ros_adv/install/interfaces/include/interfaces/interfaces/msg
[2.864s] -- Up-to-date: /home/rafiq/ros_adv/install/interfaces/include/interfaces/interfaces/msg/rosidl_typesupport_fastrtps_cpp__visibility_control.h
[2.864s] -- Up-to-date: /home/rafiq/ros_adv/install/interfaces/include/interfaces/interfaces/msg/detail
[2.865s] -- Up-to-date: /home/rafiq/ros_adv/install/interfaces/include/interfaces/interfaces/msg/detail/dds_fastrtps
[2.865s] -- Up-to-date: /home/rafiq/ros_adv/install/interfaces/include/interfaces/interfaces/msg/detail/sensor_properties__rosidl_typesupport_fastrtps_cpp.hpp
[2.865s] -- Up-to-date: /home/rafiq/ros_adv/install/interfaces/include/interfaces/interfaces/srv
[2.865s] -- Up-to-date: /home/rafiq/ros_adv/install/interfaces/include/interfaces/interfaces/srv/detail
[2.865s] -- Up-to-date: /home/rafiq/ros_adv/install/interfaces/include/interfaces/interfaces/srv/detail/dds_fastrtps
[2.865s] -- Up-to-date: /home/rafiq/ros_adv/install/interfaces/include/interfaces/interfaces/srv/detail/check_obstacle__rosidl_typesupport_fastrtps_cpp.hpp
[2.866s] -- Up-to-date: /home/rafiq/ros_adv/install/interfaces/lib/libinterfaces__rosidl_typesupport_fastrtps_cpp.so
[2.867s] -- Up-to-date: /home/rafiq/ros_adv/install/interfaces/include/interfaces/interfaces
[2.867s] -- Up-to-date: /home/rafiq/ros_adv/install/interfaces/include/interfaces/interfaces/msg
[2.867s] -- Up-to-date: /home/rafiq/ros_adv/install/interfaces/include/interfaces/interfaces/msg/rosidl_typesupport_introspection_c__visibility_control.h
[2.867s] -- Up-to-date: /home/rafiq/ros_adv/install/interfaces/include/interfaces/interfaces/msg/detail
[2.868s] -- Up-to-date: /home/rafiq/ros_adv/install/interfaces/include/interfaces/interfaces/msg/detail/sensor_properties__rosidl_typesupport_introspection_c.h
[2.868s] -- Up-to-date: /home/rafiq/ros_adv/install/interfaces/include/interfaces/interfaces/msg/detail/sensor_properties__type_support.c
[2.868s] -- Up-to-date: /home/rafiq/ros_adv/install/interfaces/include/interfaces/interfaces/srv
[2.868s] -- Up-to-date: /home/rafiq/ros_adv/install/interfaces/include/interfaces/interfaces/srv/detail
[2.868s] -- Up-to-date: /home/rafiq/ros_adv/install/interfaces/include/interfaces/interfaces/srv/detail/check_obstacle__type_support.c
[2.868s] -- Up-to-date: /home/rafiq/ros_adv/install/interfaces/include/interfaces/interfaces/srv/detail/check_obstacle__rosidl_typesupport_introspection_c.h
[2.869s] -- Up-to-date: /home/rafiq/ros_adv/install/interfaces/lib/libinterfaces__rosidl_typesupport_introspection_c.so
[2.870s] -- Up-to-date: /home/rafiq/ros_adv/install/interfaces/lib/libinterfaces__rosidl_typesupport_c.so
[2.870s] -- Up-to-date: /home/rafiq/ros_adv/install/interfaces/include/interfaces/interfaces
[2.871s] -- Up-to-date: /home/rafiq/ros_adv/install/interfaces/include/interfaces/interfaces/msg
[2.871s] -- Up-to-date: /home/rafiq/ros_adv/install/interfaces/include/interfaces/interfaces/msg/detail
[2.872s] -- Up-to-date: /home/rafiq/ros_adv/install/interfaces/include/interfaces/interfaces/msg/detail/sensor_properties__rosidl_typesupport_introspection_cpp.hpp
[2.872s] -- Up-to-date: /home/rafiq/ros_adv/install/interfaces/include/interfaces/interfaces/msg/detail/sensor_properties__type_support.cpp
[2.872s] -- Up-to-date: /home/rafiq/ros_adv/install/interfaces/include/interfaces/interfaces/srv
[2.872s] -- Up-to-date: /home/rafiq/ros_adv/install/interfaces/include/interfaces/interfaces/srv/detail
[2.873s] -- Up-to-date: /home/rafiq/ros_adv/install/interfaces/include/interfaces/interfaces/srv/detail/check_obstacle__type_support.cpp
[2.873s] -- Up-to-date: /home/rafiq/ros_adv/install/interfaces/include/interfaces/interfaces/srv/detail/check_obstacle__rosidl_typesupport_introspection_cpp.hpp
[2.874s] -- Up-to-date: /home/rafiq/ros_adv/install/interfaces/lib/libinterfaces__rosidl_typesupport_introspection_cpp.so
[2.875s] -- Up-to-date: /home/rafiq/ros_adv/install/interfaces/lib/libinterfaces__rosidl_typesupport_cpp.so
[2.876s] -- Up-to-date: /home/rafiq/ros_adv/install/interfaces/share/interfaces/environment/pythonpath.sh
[2.876s] -- Installing: /home/rafiq/ros_adv/install/interfaces/share/interfaces/environment/pythonpath.dsv
[2.877s] -- Up-to-date: /home/rafiq/ros_adv/install/interfaces/local/lib/python3.10/dist-packages/interfaces-0.0.0-py3.10.egg-info
[2.877s] -- Installing: /home/rafiq/ros_adv/install/interfaces/local/lib/python3.10/dist-packages/interfaces-0.0.0-py3.10.egg-info/PKG-INFO
[2.879s] -- Installing: /home/rafiq/ros_adv/install/interfaces/local/lib/python3.10/dist-packages/interfaces-0.0.0-py3.10.egg-info/SOURCES.txt
[2.879s] -- Installing: /home/rafiq/ros_adv/install/interfaces/local/lib/python3.10/dist-packages/interfaces-0.0.0-py3.10.egg-info/top_level.txt
[2.879s] -- Installing: /home/rafiq/ros_adv/install/interfaces/local/lib/python3.10/dist-packages/interfaces-0.0.0-py3.10.egg-info/dependency_links.txt
[2.879s] -- Up-to-date: /home/rafiq/ros_adv/install/interfaces/local/lib/python3.10/dist-packages/interfaces
[2.879s] -- Up-to-date: /home/rafiq/ros_adv/install/interfaces/local/lib/python3.10/dist-packages/interfaces/libinterfaces__rosidl_generator_py.so
[2.879s] -- Up-to-date: /home/rafiq/ros_adv/install/interfaces/local/lib/python3.10/dist-packages/interfaces/interfaces_s__rosidl_typesupport_fastrtps_c.cpython-310-x86_64-linux-gnu.so
[2.880s] -- Up-to-date: /home/rafiq/ros_adv/install/interfaces/local/lib/python3.10/dist-packages/interfaces/msg
[2.880s] -- Up-to-date: /home/rafiq/ros_adv/install/interfaces/local/lib/python3.10/dist-packages/interfaces/msg/_sensor_properties_s.c
[2.880s] -- Up-to-date: /home/rafiq/ros_adv/install/interfaces/local/lib/python3.10/dist-packages/interfaces/msg/_sensor_properties.py
[2.880s] -- Up-to-date: /home/rafiq/ros_adv/install/interfaces/local/lib/python3.10/dist-packages/interfaces/msg/__init__.py
[2.880s] -- Up-to-date: /home/rafiq/ros_adv/install/interfaces/local/lib/python3.10/dist-packages/interfaces/_interfaces_s.ep.rosidl_typesupport_c.c
[2.880s] -- Up-to-date: /home/rafiq/ros_adv/install/interfaces/local/lib/python3.10/dist-packages/interfaces/_interfaces_s.ep.rosidl_typesupport_introspection_c.c
[2.880s] -- Up-to-date: /home/rafiq/ros_adv/install/interfaces/local/lib/python3.10/dist-packages/interfaces/_interfaces_s.ep.rosidl_typesupport_fastrtps_c.c
[2.880s] -- Up-to-date: /home/rafiq/ros_adv/install/interfaces/local/lib/python3.10/dist-packages/interfaces/srv
[2.880s] -- Up-to-date: /home/rafiq/ros_adv/install/interfaces/local/lib/python3.10/dist-packages/interfaces/srv/_check_obstacle_s.c
[2.880s] -- Up-to-date: /home/rafiq/ros_adv/install/interfaces/local/lib/python3.10/dist-packages/interfaces/srv/_check_obstacle.py
[2.880s] -- Up-to-date: /home/rafiq/ros_adv/install/interfaces/local/lib/python3.10/dist-packages/interfaces/srv/__init__.py
[2.881s] -- Up-to-date: /home/rafiq/ros_adv/install/interfaces/local/lib/python3.10/dist-packages/interfaces/interfaces_s__rosidl_typesupport_c.cpython-310-x86_64-linux-gnu.so
[2.881s] -- Installing: /home/rafiq/ros_adv/install/interfaces/local/lib/python3.10/dist-packages/interfaces/__init__.py
[2.881s] -- Up-to-date: /home/rafiq/ros_adv/install/interfaces/local/lib/python3.10/dist-packages/interfaces/interfaces_s__rosidl_typesupport_introspection_c.cpython-310-x86_64-linux-gnu.so
[2.919s] Listing '/home/rafiq/ros_adv/install/interfaces/local/lib/python3.10/dist-packages/interfaces'...
[2.919s] Compiling '/home/rafiq/ros_adv/install/interfaces/local/lib/python3.10/dist-packages/interfaces/__init__.py'...
[2.919s] Listing '/home/rafiq/ros_adv/install/interfaces/local/lib/python3.10/dist-packages/interfaces/msg'...
[2.919s] Listing '/home/rafiq/ros_adv/install/interfaces/local/lib/python3.10/dist-packages/interfaces/srv'...
[2.928s] -- Up-to-date: /home/rafiq/ros_adv/install/interfaces/local/lib/python3.10/dist-packages/interfaces/interfaces_s__rosidl_typesupport_fastrtps_c.cpython-310-x86_64-linux-gnu.so
[2.929s] -- Up-to-date: /home/rafiq/ros_adv/install/interfaces/local/lib/python3.10/dist-packages/interfaces/interfaces_s__rosidl_typesupport_introspection_c.cpython-310-x86_64-linux-gnu.so
[2.930s] -- Up-to-date: /home/rafiq/ros_adv/install/interfaces/local/lib/python3.10/dist-packages/interfaces/interfaces_s__rosidl_typesupport_c.cpython-310-x86_64-linux-gnu.so
[2.932s] -- Up-to-date: /home/rafiq/ros_adv/install/interfaces/lib/libinterfaces__rosidl_generator_py.so
[2.932s] -- Up-to-date: /home/rafiq/ros_adv/install/interfaces/share/interfaces/msg/SensorProperties.idl
[2.932s] -- Up-to-date: /home/rafiq/ros_adv/install/interfaces/share/interfaces/srv/CheckObstacle.idl
[2.932s] -- Up-to-date: /home/rafiq/ros_adv/install/interfaces/share/interfaces/msg/SensorProperties.msg
[2.933s] -- Installing: /home/rafiq/ros_adv/install/interfaces/share/interfaces/srv/CheckObstacle.srv
[2.933s] -- Up-to-date: /home/rafiq/ros_adv/install/interfaces/share/interfaces/srv/CheckObstacle_Request.msg
[2.933s] -- Up-to-date: /home/rafiq/ros_adv/install/interfaces/share/interfaces/srv/CheckObstacle_Response.msg
[2.933s] -- Up-to-date: /home/rafiq/ros_adv/install/interfaces/share/ament_index/resource_index/package_run_dependencies/interfaces
[2.933s] -- Installing: /home/rafiq/ros_adv/install/interfaces/share/ament_index/resource_index/parent_prefix_path/interfaces
[2.934s] -- Up-to-date: /home/rafiq/ros_adv/install/interfaces/share/interfaces/environment/ament_prefix_path.sh
[2.934s] -- Installing: /home/rafiq/ros_adv/install/interfaces/share/interfaces/environment/ament_prefix_path.dsv
[2.934s] -- Up-to-date: /home/rafiq/ros_adv/install/interfaces/share/interfaces/environment/path.sh
[2.934s] -- Installing: /home/rafiq/ros_adv/install/interfaces/share/interfaces/environment/path.dsv
[2.935s] -- Up-to-date: /home/rafiq/ros_adv/install/interfaces/share/interfaces/local_setup.bash
[2.935s] -- Up-to-date: /home/rafiq/ros_adv/install/interfaces/share/interfaces/local_setup.sh
[2.935s] -- Up-to-date: /home/rafiq/ros_adv/install/interfaces/share/interfaces/local_setup.zsh
[2.935s] -- Installing: /home/rafiq/ros_adv/install/interfaces/share/interfaces/local_setup.dsv
[2.935s] -- Installing: /home/rafiq/ros_adv/install/interfaces/share/interfaces/package.dsv
[2.936s] -- Up-to-date: /home/rafiq/ros_adv/install/interfaces/share/ament_index/resource_index/packages/interfaces
[2.936s] -- Up-to-date: /home/rafiq/ros_adv/install/interfaces/share/interfaces/cmake/export_interfaces__rosidl_generator_cExport.cmake
[2.937s] -- Up-to-date: /home/rafiq/ros_adv/install/interfaces/share/interfaces/cmake/export_interfaces__rosidl_generator_cExport-noconfig.cmake
[2.937s] -- Up-to-date: /home/rafiq/ros_adv/install/interfaces/share/interfaces/cmake/export_interfaces__rosidl_typesupport_fastrtps_cExport.cmake
[2.937s] -- Up-to-date: /home/rafiq/ros_adv/install/interfaces/share/interfaces/cmake/export_interfaces__rosidl_typesupport_fastrtps_cExport-noconfig.cmake
[2.938s] -- Up-to-date: /home/rafiq/ros_adv/install/interfaces/share/interfaces/cmake/export_interfaces__rosidl_generator_cppExport.cmake
[2.938s] -- Up-to-date: /home/rafiq/ros_adv/install/interfaces/share/interfaces/cmake/export_interfaces__rosidl_typesupport_fastrtps_cppExport.cmake
[2.940s] -- Up-to-date: /home/rafiq/ros_adv/install/interfaces/share/interfaces/cmake/export_interfaces__rosidl_typesupport_fastrtps_cppExport-noconfig.cmake
[2.940s] -- Up-to-date: /home/rafiq/ros_adv/install/interfaces/share/interfaces/cmake/interfaces__rosidl_typesupport_introspection_cExport.cmake
[2.940s] -- Up-to-date: /home/rafiq/ros_adv/install/interfaces/share/interfaces/cmake/interfaces__rosidl_typesupport_introspection_cExport-noconfig.cmake
[2.941s] -- Up-to-date: /home/rafiq/ros_adv/install/interfaces/share/interfaces/cmake/interfaces__rosidl_typesupport_cExport.cmake
[2.941s] -- Up-to-date: /home/rafiq/ros_adv/install/interfaces/share/interfaces/cmake/interfaces__rosidl_typesupport_cExport-noconfig.cmake
[2.941s] -- Up-to-date: /home/rafiq/ros_adv/install/interfaces/share/interfaces/cmake/interfaces__rosidl_typesupport_introspection_cppExport.cmake
[2.941s] -- Up-to-date: /home/rafiq/ros_adv/install/interfaces/share/interfaces/cmake/interfaces__rosidl_typesupport_introspection_cppExport-noconfig.cmake
[2.942s] -- Up-to-date: /home/rafiq/ros_adv/install/interfaces/share/interfaces/cmake/interfaces__rosidl_typesupport_cppExport.cmake
[2.942s] -- Up-to-date: /home/rafiq/ros_adv/install/interfaces/share/interfaces/cmake/interfaces__rosidl_typesupport_cppExport-noconfig.cmake
[2.943s] -- Up-to-date: /home/rafiq/ros_adv/install/interfaces/share/interfaces/cmake/export_interfaces__rosidl_generator_pyExport.cmake
[2.943s] -- Up-to-date: /home/rafiq/ros_adv/install/interfaces/share/interfaces/cmake/export_interfaces__rosidl_generator_pyExport-noconfig.cmake
[2.943s] -- Up-to-date: /home/rafiq/ros_adv/install/interfaces/share/interfaces/cmake/rosidl_cmake-extras.cmake
[2.943s] -- Up-to-date: /home/rafiq/ros_adv/install/interfaces/share/interfaces/cmake/ament_cmake_export_dependencies-extras.cmake
[2.943s] -- Up-to-date: /home/rafiq/ros_adv/install/interfaces/share/interfaces/cmake/ament_cmake_export_include_directories-extras.cmake
[2.944s] -- Up-to-date: /home/rafiq/ros_adv/install/interfaces/share/interfaces/cmake/ament_cmake_export_libraries-extras.cmake
[2.944s] -- Up-to-date: /home/rafiq/ros_adv/install/interfaces/share/interfaces/cmake/ament_cmake_export_targets-extras.cmake
[2.944s] -- Up-to-date: /home/rafiq/ros_adv/install/interfaces/share/interfaces/cmake/rosidl_cmake_export_typesupport_targets-extras.cmake
[2.944s] -- Up-to-date: /home/rafiq/ros_adv/install/interfaces/share/interfaces/cmake/rosidl_cmake_export_typesupport_libraries-extras.cmake
[2.944s] -- Up-to-date: /home/rafiq/ros_adv/install/interfaces/share/interfaces/cmake/interfacesConfig.cmake
[2.944s] -- Up-to-date: /home/rafiq/ros_adv/install/interfaces/share/interfaces/cmake/interfacesConfig-version.cmake
[2.944s] -- Up-to-date: /home/rafiq/ros_adv/install/interfaces/share/interfaces/package.xml
[2.949s] Invoked command in '/home/rafiq/ros_adv/build/interfaces' returned '0': CMAKE_PREFIX_PATH=/opt/ros/humble /usr/bin/cmake --install /home/rafiq/ros_adv/build/interfaces
