[1.594s] Invoking command in '/home/rafiq/Desktop/ROV_control_system/build/rov_control_system': PYTHONPATH=/home/rafiq/Desktop/ROV_control_system/build/rov_control_system/prefix_override:/usr/lib/python3/dist-packages/colcon_core/task/python/colcon_distutils_commands:/home/rafiq/Desktop/ROV_control_system/install/rov_control_system/lib/python3.10/site-packages:${PYTHONPATH} /usr/bin/python3 -W ignore:setup.py install is deprecated -W ignore:easy_install command is deprecated setup.py develop --editable --build-directory /home/rafiq/Desktop/ROV_control_system/build/rov_control_system/build --no-deps symlink_data
[2.026s] running develop
[2.280s] running egg_info
[2.280s] writing rov_control_system.egg-info/PKG-INFO
[2.299s] writing dependency_links to rov_control_system.egg-info/dependency_links.txt
[2.301s] writing entry points to rov_control_system.egg-info/entry_points.txt
[2.304s] writing requirements to rov_control_system.egg-info/requires.txt
[2.304s] writing top-level names to rov_control_system.egg-info/top_level.txt
[2.308s] reading manifest file 'rov_control_system.egg-info/SOURCES.txt'
[2.313s] writing manifest file 'rov_control_system.egg-info/SOURCES.txt'
[2.317s] running build_ext
[2.317s] Creating /home/rafiq/Desktop/ROV_control_system/install/rov_control_system/lib/python3.10/site-packages/rov-control-system.egg-link (link to .)
[2.317s] Installing joystick script to /home/rafiq/Desktop/ROV_control_system/install/rov_control_system/lib/rov_control_system
[2.319s] Installing navigation script to /home/rafiq/Desktop/ROV_control_system/install/rov_control_system/lib/rov_control_system
[2.319s] Installing pca script to /home/rafiq/Desktop/ROV_control_system/install/rov_control_system/lib/rov_control_system
[2.320s] Installing thrusters script to /home/rafiq/Desktop/ROV_control_system/install/rov_control_system/lib/rov_control_system
[2.321s] 
[2.321s] Installed /home/rafiq/Desktop/ROV_control_system/build/rov_control_system
[2.321s] running symlink_data
[2.374s] Invoked command in '/home/rafiq/Desktop/ROV_control_system/build/rov_control_system' returned '0': PYTHONPATH=/home/rafiq/Desktop/ROV_control_system/build/rov_control_system/prefix_override:/usr/lib/python3/dist-packages/colcon_core/task/python/colcon_distutils_commands:/home/rafiq/Desktop/ROV_control_system/install/rov_control_system/lib/python3.10/site-packages:${PYTHONPATH} /usr/bin/python3 -W ignore:setup.py install is deprecated -W ignore:easy_install command is deprecated setup.py develop --editable --build-directory /home/rafiq/Desktop/ROV_control_system/build/rov_control_system/build --no-deps symlink_data
