[0.013s] Invoking command in '/home/rafiq/ros_adv/build/interfaces': CMAKE_PREFIX_PATH=${CMAKE_PREFIX_PATH}:/home/rafiq/ros_adv/install/multi_sensor_validator:/opt/ros/humble /usr/bin/cmake --build /home/rafiq/ros_adv/build/interfaces -- -j20 -l20
[0.052s] -- Found ament_cmake: 1.3.12 (/opt/ros/humble/share/ament_cmake/cmake)
[0.141s] -- Found sensor_msgs: 4.9.0 (/opt/ros/humble/share/sensor_msgs/cmake)
[0.267s] -- Found rosidl_generator_c: 3.1.7 (/opt/ros/humble/share/rosidl_generator_c/cmake)
[0.269s] -- Found rosidl_adapter: 3.1.7 (/opt/ros/humble/share/rosidl_adapter/cmake)
[0.275s] -- Found rosidl_generator_cpp: 3.1.7 (/opt/ros/humble/share/rosidl_generator_cpp/cmake)
[0.284s] -- Using all available rosidl_typesupport_c: rosidl_typesupport_fastrtps_c;rosidl_typesupport_introspection_c
[0.296s] -- Using all available rosidl_typesupport_cpp: rosidl_typesupport_fastrtps_cpp;rosidl_typesupport_introspection_cpp
[0.349s] -- Found rosidl_default_generators: 1.2.0 (/opt/ros/humble/share/rosidl_default_generators/cmake)
[0.526s] -- Found ament_cmake_ros: 0.10.0 (/opt/ros/humble/share/ament_cmake_ros/cmake)
[0.793s] -- Using all available rosidl_typesupport_c: rosidl_typesupport_fastrtps_c;rosidl_typesupport_introspection_c
[0.898s] -- Using all available rosidl_typesupport_cpp: rosidl_typesupport_fastrtps_cpp;rosidl_typesupport_introspection_cpp
[0.912s] -- Found python_cmake_module: 0.10.0 (/opt/ros/humble/share/python_cmake_module/cmake)
[0.928s] -- Using PYTHON_EXECUTABLE: /usr/bin/python3
[0.928s] -- Using PYTHON_INCLUDE_DIRS: /usr/include/python3.10
[0.928s] -- Using PYTHON_LIBRARIES: /usr/lib/x86_64-linux-gnu/libpython3.10.so
[0.955s] -- Found ament_lint_auto: 0.12.14 (/opt/ros/humble/share/ament_lint_auto/cmake)
[0.969s] -- Added test 'lint_cmake' to check CMake code style
[0.970s] -- Added test 'xmllint' to check XML markup files
[0.972s] -- Configuring done
[1.010s] -- Generating done
[1.018s] -- Build files have been written to: /home/rafiq/ros_adv/build/interfaces
[1.035s] [  2%] [34m[1mGenerating C code for ROS interfaces[0m
[1.040s] [  5%] [34m[1mGenerating C++ code for ROS interfaces[0m
[1.047s] [  5%] Built target ament_cmake_python_copy_interfaces
[1.172s] running egg_info
[1.173s] writing interfaces.egg-info/PKG-INFO
[1.173s] writing dependency_links to interfaces.egg-info/dependency_links.txt
[1.173s] writing top-level names to interfaces.egg-info/top_level.txt
[1.174s] reading manifest file 'interfaces.egg-info/SOURCES.txt'
[1.175s] writing manifest file 'interfaces.egg-info/SOURCES.txt'
[1.189s] [  5%] Built target ament_cmake_python_build_interfaces_egg
[1.215s] [35m[1mConsolidate compiler generated dependencies of target interfaces__rosidl_generator_c[0m
[1.220s] [  5%] Built target interfaces__cpp
[1.221s] [  7%] [32mBuilding C object CMakeFiles/interfaces__rosidl_generator_c.dir/rosidl_generator_c/interfaces/msg/detail/sensor_properties__functions.c.o[0m
[1.221s] [ 10%] [32mBuilding C object CMakeFiles/interfaces__rosidl_generator_c.dir/rosidl_generator_c/interfaces/srv/detail/check_obstacle__functions.c.o[0m
[1.226s] [ 12%] [34m[1mGenerating C++ type support dispatch for ROS interfaces[0m
[1.226s] [ 15%] [34m[1mGenerating C++ introspection for ROS interfaces[0m
[1.227s] [ 17%] [34m[1mGenerating C++ type support for eProsima Fast-RTPS[0m
[1.298s] [ 20%] [32m[1mLinking C shared library libinterfaces__rosidl_generator_c.so[0m
[1.360s] [35m[1mConsolidate compiler generated dependencies of target interfaces__rosidl_typesupport_cpp[0m
[1.367s] [ 23%] [32mBuilding CXX object CMakeFiles/interfaces__rosidl_typesupport_cpp.dir/rosidl_typesupport_cpp/interfaces/srv/check_obstacle__type_support.cpp.o[0m
[1.368s] [ 25%] [32mBuilding CXX object CMakeFiles/interfaces__rosidl_typesupport_cpp.dir/rosidl_typesupport_cpp/interfaces/msg/sensor_properties__type_support.cpp.o[0m
[1.372s] [35m[1mConsolidate compiler generated dependencies of target interfaces__rosidl_typesupport_introspection_cpp[0m
[1.379s] [ 28%] [32mBuilding CXX object CMakeFiles/interfaces__rosidl_typesupport_introspection_cpp.dir/rosidl_typesupport_introspection_cpp/interfaces/msg/detail/sensor_properties__type_support.cpp.o[0m
[1.379s] [ 30%] [32mBuilding CXX object CMakeFiles/interfaces__rosidl_typesupport_introspection_cpp.dir/rosidl_typesupport_introspection_cpp/interfaces/srv/detail/check_obstacle__type_support.cpp.o[0m
[1.383s] [35m[1mConsolidate compiler generated dependencies of target interfaces__rosidl_typesupport_fastrtps_cpp[0m
[1.391s] [ 33%] [32mBuilding CXX object CMakeFiles/interfaces__rosidl_typesupport_fastrtps_cpp.dir/rosidl_typesupport_fastrtps_cpp/interfaces/msg/detail/dds_fastrtps/sensor_properties__type_support.cpp.o[0m
[1.391s] [ 35%] [32mBuilding CXX object CMakeFiles/interfaces__rosidl_typesupport_fastrtps_cpp.dir/rosidl_typesupport_fastrtps_cpp/interfaces/srv/detail/dds_fastrtps/check_obstacle__type_support.cpp.o[0m
[1.418s] [ 35%] Built target interfaces__rosidl_generator_c
[1.426s] [ 38%] [34m[1mGenerating C introspection for ROS interfaces[0m
[1.426s] [ 41%] [34m[1mGenerating C type support for eProsima Fast-RTPS[0m
[1.427s] [ 43%] [34m[1mGenerating C type support dispatch for ROS interfaces[0m
[1.608s] [35m[1mConsolidate compiler generated dependencies of target interfaces__rosidl_typesupport_c[0m
[1.618s] [ 46%] [32mBuilding CXX object CMakeFiles/interfaces__rosidl_typesupport_c.dir/rosidl_typesupport_c/interfaces/msg/sensor_properties__type_support.cpp.o[0m
[1.621s] [ 48%] [32mBuilding CXX object CMakeFiles/interfaces__rosidl_typesupport_c.dir/rosidl_typesupport_c/interfaces/srv/check_obstacle__type_support.cpp.o[0m
[1.635s] [35m[1mConsolidate compiler generated dependencies of target interfaces__rosidl_typesupport_introspection_c[0m
[1.642s] [ 51%] [32m[1mLinking CXX shared library libinterfaces__rosidl_typesupport_cpp.so[0m
[1.644s] [ 53%] [32mBuilding C object CMakeFiles/interfaces__rosidl_typesupport_introspection_c.dir/rosidl_typesupport_introspection_c/interfaces/srv/detail/check_obstacle__type_support.c.o[0m
[1.647s] [35m[1mConsolidate compiler generated dependencies of target interfaces__rosidl_typesupport_fastrtps_c[0m
[1.647s] [ 56%] [32mBuilding C object CMakeFiles/interfaces__rosidl_typesupport_introspection_c.dir/rosidl_typesupport_introspection_c/interfaces/msg/detail/sensor_properties__type_support.c.o[0m
[1.651s] [ 58%] [32m[1mLinking CXX shared library libinterfaces__rosidl_typesupport_c.so[0m
[1.657s] [ 61%] [32mBuilding CXX object CMakeFiles/interfaces__rosidl_typesupport_fastrtps_c.dir/rosidl_typesupport_fastrtps_c/interfaces/srv/detail/check_obstacle__type_support_c.cpp.o[0m
[1.659s] [ 64%] [32mBuilding CXX object CMakeFiles/interfaces__rosidl_typesupport_fastrtps_c.dir/rosidl_typesupport_fastrtps_c/interfaces/msg/detail/sensor_properties__type_support_c.cpp.o[0m
[1.675s] [ 66%] [32m[1mLinking C shared library libinterfaces__rosidl_typesupport_introspection_c.so[0m
[1.706s] [ 69%] [32m[1mLinking CXX shared library libinterfaces__rosidl_typesupport_introspection_cpp.so[0m
[1.723s] [ 71%] [32m[1mLinking CXX shared library libinterfaces__rosidl_typesupport_fastrtps_cpp.so[0m
[1.740s] [ 71%] Built target interfaces__rosidl_typesupport_cpp
[1.765s] [ 71%] Built target interfaces__rosidl_typesupport_c
[1.770s] [ 71%] Built target interfaces__rosidl_typesupport_introspection_c
[1.840s] [ 71%] Built target interfaces__rosidl_typesupport_introspection_cpp
[1.849s] [ 71%] Built target interfaces__rosidl_typesupport_fastrtps_cpp
[1.854s] [ 74%] [32m[1mLinking CXX shared library libinterfaces__rosidl_typesupport_fastrtps_c.so[0m
[1.939s] [ 74%] Built target interfaces__rosidl_typesupport_fastrtps_c
[1.951s] [ 74%] Built target interfaces
[1.966s] [ 76%] [34m[1mGenerating Python code for ROS interfaces[0m
[2.196s] [ 76%] Built target interfaces__py
[2.202s] [35m[1mConsolidate compiler generated dependencies of target interfaces__rosidl_generator_py[0m
[2.209s] [ 79%] [32mBuilding C object CMakeFiles/interfaces__rosidl_generator_py.dir/rosidl_generator_py/interfaces/msg/_sensor_properties_s.c.o[0m
[2.209s] [ 82%] [32mBuilding C object CMakeFiles/interfaces__rosidl_generator_py.dir/rosidl_generator_py/interfaces/srv/_check_obstacle_s.c.o[0m
[2.288s] [ 84%] [32m[1mLinking C shared library rosidl_generator_py/interfaces/libinterfaces__rosidl_generator_py.so[0m
[2.349s] [ 84%] Built target interfaces__rosidl_generator_py
[2.355s] [35m[1mConsolidate compiler generated dependencies of target interfaces__rosidl_typesupport_fastrtps_c__pyext[0m
[2.355s] [35m[1mConsolidate compiler generated dependencies of target interfaces__rosidl_typesupport_c__pyext[0m
[2.355s] [35m[1mConsolidate compiler generated dependencies of target interfaces__rosidl_typesupport_introspection_c__pyext[0m
[2.362s] [ 92%] [32mBuilding C object CMakeFiles/interfaces__rosidl_typesupport_fastrtps_c__pyext.dir/rosidl_generator_py/interfaces/_interfaces_s.ep.rosidl_typesupport_fastrtps_c.c.o[0m
[2.362s] [ 92%] [32mBuilding C object CMakeFiles/interfaces__rosidl_typesupport_c__pyext.dir/rosidl_generator_py/interfaces/_interfaces_s.ep.rosidl_typesupport_c.c.o[0m
[2.362s] [ 92%] [32mBuilding C object CMakeFiles/interfaces__rosidl_typesupport_introspection_c__pyext.dir/rosidl_generator_py/interfaces/_interfaces_s.ep.rosidl_typesupport_introspection_c.c.o[0m
[2.419s] [ 97%] [32m[1mLinking C shared library rosidl_generator_py/interfaces/interfaces_s__rosidl_typesupport_c.cpython-310-x86_64-linux-gnu.so[0m
[2.419s] [ 97%] [32m[1mLinking C shared library rosidl_generator_py/interfaces/interfaces_s__rosidl_typesupport_introspection_c.cpython-310-x86_64-linux-gnu.so[0m
[2.419s] [100%] [32m[1mLinking C shared library rosidl_generator_py/interfaces/interfaces_s__rosidl_typesupport_fastrtps_c.cpython-310-x86_64-linux-gnu.so[0m
[2.497s] [100%] Built target interfaces__rosidl_typesupport_c__pyext
[2.497s] [100%] Built target interfaces__rosidl_typesupport_introspection_c__pyext
[2.497s] [100%] Built target interfaces__rosidl_typesupport_fastrtps_c__pyext
[2.504s] Invoked command in '/home/rafiq/ros_adv/build/interfaces' returned '0': CMAKE_PREFIX_PATH=${CMAKE_PREFIX_PATH}:/home/rafiq/ros_adv/install/multi_sensor_validator:/opt/ros/humble /usr/bin/cmake --build /home/rafiq/ros_adv/build/interfaces -- -j20 -l20
[2.509s] Invoking command in '/home/rafiq/ros_adv/build/interfaces': CMAKE_PREFIX_PATH=${CMAKE_PREFIX_PATH}:/home/rafiq/ros_adv/install/multi_sensor_validator:/opt/ros/humble /usr/bin/cmake --install /home/rafiq/ros_adv/build/interfaces
[2.515s] -- Install configuration: ""
[2.515s] -- Up-to-date: /home/rafiq/ros_adv/install/interfaces/share/ament_index/resource_index/rosidl_interfaces/interfaces
[2.515s] -- Up-to-date: /home/rafiq/ros_adv/install/interfaces/include/interfaces/interfaces
[2.515s] -- Up-to-date: /home/rafiq/ros_adv/install/interfaces/include/interfaces/interfaces/msg
[2.515s] -- Up-to-date: /home/rafiq/ros_adv/install/interfaces/include/interfaces/interfaces/msg/rosidl_generator_c__visibility_control.h
[2.515s] -- Up-to-date: /home/rafiq/ros_adv/install/interfaces/include/interfaces/interfaces/msg/detail
[2.515s] -- Installing: /home/rafiq/ros_adv/install/interfaces/include/interfaces/interfaces/msg/detail/sensor_properties__struct.h
[2.516s] -- Installing: /home/rafiq/ros_adv/install/interfaces/include/interfaces/interfaces/msg/detail/sensor_properties__type_support.h
[2.516s] -- Installing: /home/rafiq/ros_adv/install/interfaces/include/interfaces/interfaces/msg/detail/sensor_properties__functions.c
[2.516s] -- Installing: /home/rafiq/ros_adv/install/interfaces/include/interfaces/interfaces/msg/detail/sensor_properties__functions.h
[2.516s] -- Installing: /home/rafiq/ros_adv/install/interfaces/include/interfaces/interfaces/msg/sensor_properties.h
[2.516s] -- Up-to-date: /home/rafiq/ros_adv/install/interfaces/include/interfaces/interfaces/srv
[2.516s] -- Installing: /home/rafiq/ros_adv/install/interfaces/include/interfaces/interfaces/srv/check_obstacle.h
[2.517s] -- Up-to-date: /home/rafiq/ros_adv/install/interfaces/include/interfaces/interfaces/srv/detail
[2.517s] -- Installing: /home/rafiq/ros_adv/install/interfaces/include/interfaces/interfaces/srv/detail/check_obstacle__type_support.h
[2.517s] -- Installing: /home/rafiq/ros_adv/install/interfaces/include/interfaces/interfaces/srv/detail/check_obstacle__functions.c
[2.517s] -- Installing: /home/rafiq/ros_adv/install/interfaces/include/interfaces/interfaces/srv/detail/check_obstacle__struct.h
[2.517s] -- Installing: /home/rafiq/ros_adv/install/interfaces/include/interfaces/interfaces/srv/detail/check_obstacle__functions.h
[2.517s] -- Up-to-date: /home/rafiq/ros_adv/install/interfaces/share/interfaces/environment/library_path.sh
[2.517s] -- Installing: /home/rafiq/ros_adv/install/interfaces/share/interfaces/environment/library_path.dsv
[2.518s] -- Installing: /home/rafiq/ros_adv/install/interfaces/lib/libinterfaces__rosidl_generator_c.so
[2.518s] -- Set runtime path of "/home/rafiq/ros_adv/install/interfaces/lib/libinterfaces__rosidl_generator_c.so" to ""
[2.518s] -- Up-to-date: /home/rafiq/ros_adv/install/interfaces/include/interfaces/interfaces
[2.518s] -- Up-to-date: /home/rafiq/ros_adv/install/interfaces/include/interfaces/interfaces/msg
[2.518s] -- Up-to-date: /home/rafiq/ros_adv/install/interfaces/include/interfaces/interfaces/msg/detail
[2.518s] -- Installing: /home/rafiq/ros_adv/install/interfaces/include/interfaces/interfaces/msg/detail/sensor_properties__rosidl_typesupport_fastrtps_c.h
[2.518s] -- Up-to-date: /home/rafiq/ros_adv/install/interfaces/include/interfaces/interfaces/msg/rosidl_typesupport_fastrtps_c__visibility_control.h
[2.518s] -- Up-to-date: /home/rafiq/ros_adv/install/interfaces/include/interfaces/interfaces/srv
[2.519s] -- Up-to-date: /home/rafiq/ros_adv/install/interfaces/include/interfaces/interfaces/srv/detail
[2.519s] -- Installing: /home/rafiq/ros_adv/install/interfaces/include/interfaces/interfaces/srv/detail/check_obstacle__rosidl_typesupport_fastrtps_c.h
[2.519s] -- Installing: /home/rafiq/ros_adv/install/interfaces/lib/libinterfaces__rosidl_typesupport_fastrtps_c.so
[2.519s] -- Set runtime path of "/home/rafiq/ros_adv/install/interfaces/lib/libinterfaces__rosidl_typesupport_fastrtps_c.so" to ""
[2.519s] -- Up-to-date: /home/rafiq/ros_adv/install/interfaces/include/interfaces/interfaces
[2.519s] -- Up-to-date: /home/rafiq/ros_adv/install/interfaces/include/interfaces/interfaces/msg
[2.519s] -- Up-to-date: /home/rafiq/ros_adv/install/interfaces/include/interfaces/interfaces/msg/rosidl_generator_cpp__visibility_control.hpp
[2.519s] -- Installing: /home/rafiq/ros_adv/install/interfaces/include/interfaces/interfaces/msg/sensor_properties.hpp
[2.520s] -- Up-to-date: /home/rafiq/ros_adv/install/interfaces/include/interfaces/interfaces/msg/detail
[2.520s] -- Installing: /home/rafiq/ros_adv/install/interfaces/include/interfaces/interfaces/msg/detail/sensor_properties__type_support.hpp
[2.520s] -- Installing: /home/rafiq/ros_adv/install/interfaces/include/interfaces/interfaces/msg/detail/sensor_properties__struct.hpp
[2.520s] -- Installing: /home/rafiq/ros_adv/install/interfaces/include/interfaces/interfaces/msg/detail/sensor_properties__builder.hpp
[2.520s] -- Installing: /home/rafiq/ros_adv/install/interfaces/include/interfaces/interfaces/msg/detail/sensor_properties__traits.hpp
[2.520s] -- Up-to-date: /home/rafiq/ros_adv/install/interfaces/include/interfaces/interfaces/srv
[2.520s] -- Up-to-date: /home/rafiq/ros_adv/install/interfaces/include/interfaces/interfaces/srv/detail
[2.520s] -- Installing: /home/rafiq/ros_adv/install/interfaces/include/interfaces/interfaces/srv/detail/check_obstacle__traits.hpp
[2.520s] -- Installing: /home/rafiq/ros_adv/install/interfaces/include/interfaces/interfaces/srv/detail/check_obstacle__builder.hpp
[2.520s] -- Installing: /home/rafiq/ros_adv/install/interfaces/include/interfaces/interfaces/srv/detail/check_obstacle__struct.hpp
[2.520s] -- Installing: /home/rafiq/ros_adv/install/interfaces/include/interfaces/interfaces/srv/detail/check_obstacle__type_support.hpp
[2.521s] -- Installing: /home/rafiq/ros_adv/install/interfaces/include/interfaces/interfaces/srv/check_obstacle.hpp
[2.521s] -- Up-to-date: /home/rafiq/ros_adv/install/interfaces/include/interfaces/interfaces
[2.521s] -- Up-to-date: /home/rafiq/ros_adv/install/interfaces/include/interfaces/interfaces/msg
[2.521s] -- Up-to-date: /home/rafiq/ros_adv/install/interfaces/include/interfaces/interfaces/msg/rosidl_typesupport_fastrtps_cpp__visibility_control.h
[2.521s] -- Up-to-date: /home/rafiq/ros_adv/install/interfaces/include/interfaces/interfaces/msg/detail
[2.521s] -- Up-to-date: /home/rafiq/ros_adv/install/interfaces/include/interfaces/interfaces/msg/detail/dds_fastrtps
[2.521s] -- Installing: /home/rafiq/ros_adv/install/interfaces/include/interfaces/interfaces/msg/detail/sensor_properties__rosidl_typesupport_fastrtps_cpp.hpp
[2.521s] -- Up-to-date: /home/rafiq/ros_adv/install/interfaces/include/interfaces/interfaces/srv
[2.521s] -- Up-to-date: /home/rafiq/ros_adv/install/interfaces/include/interfaces/interfaces/srv/detail
[2.522s] -- Up-to-date: /home/rafiq/ros_adv/install/interfaces/include/interfaces/interfaces/srv/detail/dds_fastrtps
[2.522s] -- Installing: /home/rafiq/ros_adv/install/interfaces/include/interfaces/interfaces/srv/detail/check_obstacle__rosidl_typesupport_fastrtps_cpp.hpp
[2.522s] -- Installing: /home/rafiq/ros_adv/install/interfaces/lib/libinterfaces__rosidl_typesupport_fastrtps_cpp.so
[2.523s] -- Set runtime path of "/home/rafiq/ros_adv/install/interfaces/lib/libinterfaces__rosidl_typesupport_fastrtps_cpp.so" to ""
[2.523s] -- Up-to-date: /home/rafiq/ros_adv/install/interfaces/include/interfaces/interfaces
[2.523s] -- Up-to-date: /home/rafiq/ros_adv/install/interfaces/include/interfaces/interfaces/msg
[2.523s] -- Up-to-date: /home/rafiq/ros_adv/install/interfaces/include/interfaces/interfaces/msg/rosidl_typesupport_introspection_c__visibility_control.h
[2.523s] -- Up-to-date: /home/rafiq/ros_adv/install/interfaces/include/interfaces/interfaces/msg/detail
[2.523s] -- Installing: /home/rafiq/ros_adv/install/interfaces/include/interfaces/interfaces/msg/detail/sensor_properties__rosidl_typesupport_introspection_c.h
[2.523s] -- Installing: /home/rafiq/ros_adv/install/interfaces/include/interfaces/interfaces/msg/detail/sensor_properties__type_support.c
[2.523s] -- Up-to-date: /home/rafiq/ros_adv/install/interfaces/include/interfaces/interfaces/srv
[2.523s] -- Up-to-date: /home/rafiq/ros_adv/install/interfaces/include/interfaces/interfaces/srv/detail
[2.524s] -- Installing: /home/rafiq/ros_adv/install/interfaces/include/interfaces/interfaces/srv/detail/check_obstacle__type_support.c
[2.524s] -- Installing: /home/rafiq/ros_adv/install/interfaces/include/interfaces/interfaces/srv/detail/check_obstacle__rosidl_typesupport_introspection_c.h
[2.524s] -- Installing: /home/rafiq/ros_adv/install/interfaces/lib/libinterfaces__rosidl_typesupport_introspection_c.so
[2.524s] -- Set runtime path of "/home/rafiq/ros_adv/install/interfaces/lib/libinterfaces__rosidl_typesupport_introspection_c.so" to ""
[2.524s] -- Installing: /home/rafiq/ros_adv/install/interfaces/lib/libinterfaces__rosidl_typesupport_c.so
[2.524s] -- Set runtime path of "/home/rafiq/ros_adv/install/interfaces/lib/libinterfaces__rosidl_typesupport_c.so" to ""
[2.524s] -- Up-to-date: /home/rafiq/ros_adv/install/interfaces/include/interfaces/interfaces
[2.524s] -- Up-to-date: /home/rafiq/ros_adv/install/interfaces/include/interfaces/interfaces/msg
[2.525s] -- Up-to-date: /home/rafiq/ros_adv/install/interfaces/include/interfaces/interfaces/msg/detail
[2.525s] -- Installing: /home/rafiq/ros_adv/install/interfaces/include/interfaces/interfaces/msg/detail/sensor_properties__rosidl_typesupport_introspection_cpp.hpp
[2.525s] -- Installing: /home/rafiq/ros_adv/install/interfaces/include/interfaces/interfaces/msg/detail/sensor_properties__type_support.cpp
[2.525s] -- Up-to-date: /home/rafiq/ros_adv/install/interfaces/include/interfaces/interfaces/srv
[2.525s] -- Up-to-date: /home/rafiq/ros_adv/install/interfaces/include/interfaces/interfaces/srv/detail
[2.525s] -- Installing: /home/rafiq/ros_adv/install/interfaces/include/interfaces/interfaces/srv/detail/check_obstacle__type_support.cpp
[2.525s] -- Installing: /home/rafiq/ros_adv/install/interfaces/include/interfaces/interfaces/srv/detail/check_obstacle__rosidl_typesupport_introspection_cpp.hpp
[2.526s] -- Installing: /home/rafiq/ros_adv/install/interfaces/lib/libinterfaces__rosidl_typesupport_introspection_cpp.so
[2.526s] -- Set runtime path of "/home/rafiq/ros_adv/install/interfaces/lib/libinterfaces__rosidl_typesupport_introspection_cpp.so" to ""
[2.526s] -- Installing: /home/rafiq/ros_adv/install/interfaces/lib/libinterfaces__rosidl_typesupport_cpp.so
[2.527s] -- Set runtime path of "/home/rafiq/ros_adv/install/interfaces/lib/libinterfaces__rosidl_typesupport_cpp.so" to ""
[2.527s] -- Up-to-date: /home/rafiq/ros_adv/install/interfaces/share/interfaces/environment/pythonpath.sh
[2.527s] -- Installing: /home/rafiq/ros_adv/install/interfaces/share/interfaces/environment/pythonpath.dsv
[2.527s] -- Up-to-date: /home/rafiq/ros_adv/install/interfaces/local/lib/python3.10/dist-packages/interfaces-0.0.0-py3.10.egg-info
[2.527s] -- Installing: /home/rafiq/ros_adv/install/interfaces/local/lib/python3.10/dist-packages/interfaces-0.0.0-py3.10.egg-info/PKG-INFO
[2.527s] -- Installing: /home/rafiq/ros_adv/install/interfaces/local/lib/python3.10/dist-packages/interfaces-0.0.0-py3.10.egg-info/SOURCES.txt
[2.527s] -- Installing: /home/rafiq/ros_adv/install/interfaces/local/lib/python3.10/dist-packages/interfaces-0.0.0-py3.10.egg-info/top_level.txt
[2.527s] -- Installing: /home/rafiq/ros_adv/install/interfaces/local/lib/python3.10/dist-packages/interfaces-0.0.0-py3.10.egg-info/dependency_links.txt
[2.527s] -- Up-to-date: /home/rafiq/ros_adv/install/interfaces/local/lib/python3.10/dist-packages/interfaces
[2.527s] -- Installing: /home/rafiq/ros_adv/install/interfaces/local/lib/python3.10/dist-packages/interfaces/libinterfaces__rosidl_generator_py.so
[2.527s] -- Installing: /home/rafiq/ros_adv/install/interfaces/local/lib/python3.10/dist-packages/interfaces/interfaces_s__rosidl_typesupport_fastrtps_c.cpython-310-x86_64-linux-gnu.so
[2.527s] -- Up-to-date: /home/rafiq/ros_adv/install/interfaces/local/lib/python3.10/dist-packages/interfaces/msg
[2.527s] -- Installing: /home/rafiq/ros_adv/install/interfaces/local/lib/python3.10/dist-packages/interfaces/msg/_sensor_properties_s.c
[2.528s] -- Installing: /home/rafiq/ros_adv/install/interfaces/local/lib/python3.10/dist-packages/interfaces/msg/_sensor_properties.py
[2.528s] -- Installing: /home/rafiq/ros_adv/install/interfaces/local/lib/python3.10/dist-packages/interfaces/msg/__init__.py
[2.528s] -- Installing: /home/rafiq/ros_adv/install/interfaces/local/lib/python3.10/dist-packages/interfaces/_interfaces_s.ep.rosidl_typesupport_c.c
[2.528s] -- Installing: /home/rafiq/ros_adv/install/interfaces/local/lib/python3.10/dist-packages/interfaces/_interfaces_s.ep.rosidl_typesupport_introspection_c.c
[2.528s] -- Installing: /home/rafiq/ros_adv/install/interfaces/local/lib/python3.10/dist-packages/interfaces/_interfaces_s.ep.rosidl_typesupport_fastrtps_c.c
[2.528s] -- Up-to-date: /home/rafiq/ros_adv/install/interfaces/local/lib/python3.10/dist-packages/interfaces/srv
[2.528s] -- Installing: /home/rafiq/ros_adv/install/interfaces/local/lib/python3.10/dist-packages/interfaces/srv/_check_obstacle_s.c
[2.528s] -- Installing: /home/rafiq/ros_adv/install/interfaces/local/lib/python3.10/dist-packages/interfaces/srv/_check_obstacle.py
[2.528s] -- Installing: /home/rafiq/ros_adv/install/interfaces/local/lib/python3.10/dist-packages/interfaces/srv/__init__.py
[2.528s] -- Installing: /home/rafiq/ros_adv/install/interfaces/local/lib/python3.10/dist-packages/interfaces/interfaces_s__rosidl_typesupport_c.cpython-310-x86_64-linux-gnu.so
[2.528s] -- Installing: /home/rafiq/ros_adv/install/interfaces/local/lib/python3.10/dist-packages/interfaces/__init__.py
[2.528s] -- Installing: /home/rafiq/ros_adv/install/interfaces/local/lib/python3.10/dist-packages/interfaces/interfaces_s__rosidl_typesupport_introspection_c.cpython-310-x86_64-linux-gnu.so
[2.551s] Listing '/home/rafiq/ros_adv/install/interfaces/local/lib/python3.10/dist-packages/interfaces'...
[2.551s] Compiling '/home/rafiq/ros_adv/install/interfaces/local/lib/python3.10/dist-packages/interfaces/__init__.py'...
[2.551s] Listing '/home/rafiq/ros_adv/install/interfaces/local/lib/python3.10/dist-packages/interfaces/msg'...
[2.551s] Compiling '/home/rafiq/ros_adv/install/interfaces/local/lib/python3.10/dist-packages/interfaces/msg/__init__.py'...
[2.551s] Compiling '/home/rafiq/ros_adv/install/interfaces/local/lib/python3.10/dist-packages/interfaces/msg/_sensor_properties.py'...
[2.551s] Listing '/home/rafiq/ros_adv/install/interfaces/local/lib/python3.10/dist-packages/interfaces/srv'...
[2.551s] Compiling '/home/rafiq/ros_adv/install/interfaces/local/lib/python3.10/dist-packages/interfaces/srv/__init__.py'...
[2.551s] Compiling '/home/rafiq/ros_adv/install/interfaces/local/lib/python3.10/dist-packages/interfaces/srv/_check_obstacle.py'...
[2.553s] -- Installing: /home/rafiq/ros_adv/install/interfaces/local/lib/python3.10/dist-packages/interfaces/interfaces_s__rosidl_typesupport_fastrtps_c.cpython-310-x86_64-linux-gnu.so
[2.553s] -- Set runtime path of "/home/rafiq/ros_adv/install/interfaces/local/lib/python3.10/dist-packages/interfaces/interfaces_s__rosidl_typesupport_fastrtps_c.cpython-310-x86_64-linux-gnu.so" to ""
[2.553s] -- Installing: /home/rafiq/ros_adv/install/interfaces/local/lib/python3.10/dist-packages/interfaces/interfaces_s__rosidl_typesupport_introspection_c.cpython-310-x86_64-linux-gnu.so
[2.553s] -- Set runtime path of "/home/rafiq/ros_adv/install/interfaces/local/lib/python3.10/dist-packages/interfaces/interfaces_s__rosidl_typesupport_introspection_c.cpython-310-x86_64-linux-gnu.so" to ""
[2.553s] -- Installing: /home/rafiq/ros_adv/install/interfaces/local/lib/python3.10/dist-packages/interfaces/interfaces_s__rosidl_typesupport_c.cpython-310-x86_64-linux-gnu.so
[2.554s] -- Set runtime path of "/home/rafiq/ros_adv/install/interfaces/local/lib/python3.10/dist-packages/interfaces/interfaces_s__rosidl_typesupport_c.cpython-310-x86_64-linux-gnu.so" to ""
[2.554s] -- Installing: /home/rafiq/ros_adv/install/interfaces/lib/libinterfaces__rosidl_generator_py.so
[2.554s] -- Set runtime path of "/home/rafiq/ros_adv/install/interfaces/lib/libinterfaces__rosidl_generator_py.so" to ""
[2.554s] -- Installing: /home/rafiq/ros_adv/install/interfaces/share/interfaces/msg/SensorProperties.idl
[2.554s] -- Installing: /home/rafiq/ros_adv/install/interfaces/share/interfaces/srv/CheckObstacle.idl
[2.555s] -- Installing: /home/rafiq/ros_adv/install/interfaces/share/interfaces/msg/SensorProperties.msg
[2.555s] -- Installing: /home/rafiq/ros_adv/install/interfaces/share/interfaces/srv/CheckObstacle.srv
[2.555s] -- Installing: /home/rafiq/ros_adv/install/interfaces/share/interfaces/srv/CheckObstacle_Request.msg
[2.555s] -- Up-to-date: /home/rafiq/ros_adv/install/interfaces/share/interfaces/srv/CheckObstacle_Response.msg
[2.555s] -- Up-to-date: /home/rafiq/ros_adv/install/interfaces/share/ament_index/resource_index/package_run_dependencies/interfaces
[2.555s] -- Up-to-date: /home/rafiq/ros_adv/install/interfaces/share/ament_index/resource_index/parent_prefix_path/interfaces
[2.555s] -- Up-to-date: /home/rafiq/ros_adv/install/interfaces/share/interfaces/environment/ament_prefix_path.sh
[2.555s] -- Installing: /home/rafiq/ros_adv/install/interfaces/share/interfaces/environment/ament_prefix_path.dsv
[2.555s] -- Up-to-date: /home/rafiq/ros_adv/install/interfaces/share/interfaces/environment/path.sh
[2.555s] -- Installing: /home/rafiq/ros_adv/install/interfaces/share/interfaces/environment/path.dsv
[2.555s] -- Up-to-date: /home/rafiq/ros_adv/install/interfaces/share/interfaces/local_setup.bash
[2.555s] -- Up-to-date: /home/rafiq/ros_adv/install/interfaces/share/interfaces/local_setup.sh
[2.555s] -- Up-to-date: /home/rafiq/ros_adv/install/interfaces/share/interfaces/local_setup.zsh
[2.555s] -- Installing: /home/rafiq/ros_adv/install/interfaces/share/interfaces/local_setup.dsv
[2.555s] -- Installing: /home/rafiq/ros_adv/install/interfaces/share/interfaces/package.dsv
[2.555s] -- Up-to-date: /home/rafiq/ros_adv/install/interfaces/share/ament_index/resource_index/packages/interfaces
[2.556s] -- Up-to-date: /home/rafiq/ros_adv/install/interfaces/share/interfaces/cmake/export_interfaces__rosidl_generator_cExport.cmake
[2.556s] -- Up-to-date: /home/rafiq/ros_adv/install/interfaces/share/interfaces/cmake/export_interfaces__rosidl_generator_cExport-noconfig.cmake
[2.556s] -- Up-to-date: /home/rafiq/ros_adv/install/interfaces/share/interfaces/cmake/export_interfaces__rosidl_typesupport_fastrtps_cExport.cmake
[2.556s] -- Up-to-date: /home/rafiq/ros_adv/install/interfaces/share/interfaces/cmake/export_interfaces__rosidl_typesupport_fastrtps_cExport-noconfig.cmake
[2.556s] -- Up-to-date: /home/rafiq/ros_adv/install/interfaces/share/interfaces/cmake/export_interfaces__rosidl_generator_cppExport.cmake
[2.557s] -- Up-to-date: /home/rafiq/ros_adv/install/interfaces/share/interfaces/cmake/export_interfaces__rosidl_typesupport_fastrtps_cppExport.cmake
[2.557s] -- Up-to-date: /home/rafiq/ros_adv/install/interfaces/share/interfaces/cmake/export_interfaces__rosidl_typesupport_fastrtps_cppExport-noconfig.cmake
[2.557s] -- Up-to-date: /home/rafiq/ros_adv/install/interfaces/share/interfaces/cmake/interfaces__rosidl_typesupport_introspection_cExport.cmake
[2.557s] -- Up-to-date: /home/rafiq/ros_adv/install/interfaces/share/interfaces/cmake/interfaces__rosidl_typesupport_introspection_cExport-noconfig.cmake
[2.557s] -- Up-to-date: /home/rafiq/ros_adv/install/interfaces/share/interfaces/cmake/interfaces__rosidl_typesupport_cExport.cmake
[2.557s] -- Up-to-date: /home/rafiq/ros_adv/install/interfaces/share/interfaces/cmake/interfaces__rosidl_typesupport_cExport-noconfig.cmake
[2.557s] -- Up-to-date: /home/rafiq/ros_adv/install/interfaces/share/interfaces/cmake/interfaces__rosidl_typesupport_introspection_cppExport.cmake
[2.557s] -- Up-to-date: /home/rafiq/ros_adv/install/interfaces/share/interfaces/cmake/interfaces__rosidl_typesupport_introspection_cppExport-noconfig.cmake
[2.558s] -- Up-to-date: /home/rafiq/ros_adv/install/interfaces/share/interfaces/cmake/interfaces__rosidl_typesupport_cppExport.cmake
[2.558s] -- Up-to-date: /home/rafiq/ros_adv/install/interfaces/share/interfaces/cmake/interfaces__rosidl_typesupport_cppExport-noconfig.cmake
[2.558s] -- Up-to-date: /home/rafiq/ros_adv/install/interfaces/share/interfaces/cmake/export_interfaces__rosidl_generator_pyExport.cmake
[2.558s] -- Up-to-date: /home/rafiq/ros_adv/install/interfaces/share/interfaces/cmake/export_interfaces__rosidl_generator_pyExport-noconfig.cmake
[2.558s] -- Up-to-date: /home/rafiq/ros_adv/install/interfaces/share/interfaces/cmake/rosidl_cmake-extras.cmake
[2.558s] -- Up-to-date: /home/rafiq/ros_adv/install/interfaces/share/interfaces/cmake/ament_cmake_export_dependencies-extras.cmake
[2.558s] -- Up-to-date: /home/rafiq/ros_adv/install/interfaces/share/interfaces/cmake/ament_cmake_export_include_directories-extras.cmake
[2.558s] -- Up-to-date: /home/rafiq/ros_adv/install/interfaces/share/interfaces/cmake/ament_cmake_export_libraries-extras.cmake
[2.558s] -- Up-to-date: /home/rafiq/ros_adv/install/interfaces/share/interfaces/cmake/ament_cmake_export_targets-extras.cmake
[2.558s] -- Up-to-date: /home/rafiq/ros_adv/install/interfaces/share/interfaces/cmake/rosidl_cmake_export_typesupport_targets-extras.cmake
[2.558s] -- Up-to-date: /home/rafiq/ros_adv/install/interfaces/share/interfaces/cmake/rosidl_cmake_export_typesupport_libraries-extras.cmake
[2.558s] -- Up-to-date: /home/rafiq/ros_adv/install/interfaces/share/interfaces/cmake/interfacesConfig.cmake
[2.558s] -- Up-to-date: /home/rafiq/ros_adv/install/interfaces/share/interfaces/cmake/interfacesConfig-version.cmake
[2.558s] -- Up-to-date: /home/rafiq/ros_adv/install/interfaces/share/interfaces/package.xml
[2.560s] Invoked command in '/home/rafiq/ros_adv/build/interfaces' returned '0': CMAKE_PREFIX_PATH=${CMAKE_PREFIX_PATH}:/home/rafiq/ros_adv/install/multi_sensor_validator:/opt/ros/humble /usr/bin/cmake --install /home/rafiq/ros_adv/build/interfaces
