[0.031s] Invoking command in '/home/rafiq/ros_adv/build/interfaces': CMAKE_PREFIX_PATH=${CMAKE_PREFIX_PATH}:/home/rafiq/ros_adv/install/multi_sensor_validator:/opt/ros/humble /usr/bin/cmake --build /home/rafiq/ros_adv/build/interfaces -- -j20 -l20
[0.094s] [35m[1mConsolidate compiler generated dependencies of target interfaces__rosidl_generator_c[0m
[0.125s] [  3%] Built target interfaces__cpp
[0.142s] [35m[1mConsolidate compiler generated dependencies of target interfaces__rosidl_typesupport_fastrtps_cpp[0m
[0.181s] [ 12%] Built target interfaces__rosidl_generator_c
[0.183s] [ 12%] Built target ament_cmake_python_copy_interfaces
[0.190s] [ 22%] Built target interfaces__rosidl_typesupport_fastrtps_cpp
[0.203s] [35m[1mConsolidate compiler generated dependencies of target interfaces__rosidl_typesupport_fastrtps_c[0m
[0.204s] [35m[1mConsolidate compiler generated dependencies of target interfaces__rosidl_typesupport_cpp[0m
[0.206s] [35m[1mConsolidate compiler generated dependencies of target interfaces__rosidl_typesupport_introspection_c[0m
[0.208s] [35m[1mConsolidate compiler generated dependencies of target interfaces__rosidl_typesupport_c[0m
[0.217s] [35m[1mConsolidate compiler generated dependencies of target interfaces__rosidl_typesupport_introspection_cpp[0m
[0.225s] [ 32%] Built target interfaces__rosidl_typesupport_fastrtps_c
[0.228s] [ 41%] Built target interfaces__rosidl_typesupport_introspection_c
[0.228s] [ 51%] Built target interfaces__rosidl_typesupport_cpp
[0.230s] [ 61%] Built target interfaces__rosidl_typesupport_c
[0.235s] [ 70%] Built target interfaces__rosidl_typesupport_introspection_cpp
[0.258s] [ 70%] Built target interfaces
[0.284s] [ 74%] Built target interfaces__py
[0.297s] [35m[1mConsolidate compiler generated dependencies of target interfaces__rosidl_generator_py[0m
[0.312s] [ 80%] Built target interfaces__rosidl_generator_py
[0.326s] [35m[1mConsolidate compiler generated dependencies of target interfaces__rosidl_typesupport_introspection_c__pyext[0m
[0.327s] [35m[1mConsolidate compiler generated dependencies of target interfaces__rosidl_typesupport_fastrtps_c__pyext[0m
[0.328s] [35m[1mConsolidate compiler generated dependencies of target interfaces__rosidl_typesupport_c__pyext[0m
[0.345s] [ 93%] Built target interfaces__rosidl_typesupport_c__pyext
[0.345s] [100%] Built target interfaces__rosidl_typesupport_fastrtps_c__pyext
[0.345s] [100%] Built target interfaces__rosidl_typesupport_introspection_c__pyext
[0.490s] running egg_info
[0.490s] writing interfaces.egg-info/PKG-INFO
[0.491s] writing dependency_links to interfaces.egg-info/dependency_links.txt
[0.491s] writing top-level names to interfaces.egg-info/top_level.txt
[0.494s] reading manifest file 'interfaces.egg-info/SOURCES.txt'
[0.495s] writing manifest file 'interfaces.egg-info/SOURCES.txt'
[0.529s] [100%] Built target ament_cmake_python_build_interfaces_egg
[0.545s] Invoked command in '/home/rafiq/ros_adv/build/interfaces' returned '0': CMAKE_PREFIX_PATH=${CMAKE_PREFIX_PATH}:/home/rafiq/ros_adv/install/multi_sensor_validator:/opt/ros/humble /usr/bin/cmake --build /home/rafiq/ros_adv/build/interfaces -- -j20 -l20
[0.555s] Invoking command in '/home/rafiq/ros_adv/build/interfaces': CMAKE_PREFIX_PATH=${CMAKE_PREFIX_PATH}:/home/rafiq/ros_adv/install/multi_sensor_validator:/opt/ros/humble /usr/bin/cmake --install /home/rafiq/ros_adv/build/interfaces
[0.564s] -- Install configuration: ""
[0.564s] -- Up-to-date: /home/rafiq/ros_adv/install/interfaces/share/ament_index/resource_index/rosidl_interfaces/interfaces
[0.565s] -- Up-to-date: /home/rafiq/ros_adv/install/interfaces/include/interfaces/interfaces
[0.565s] -- Up-to-date: /home/rafiq/ros_adv/install/interfaces/include/interfaces/interfaces/msg
[0.565s] -- Up-to-date: /home/rafiq/ros_adv/install/interfaces/include/interfaces/interfaces/msg/rosidl_generator_c__visibility_control.h
[0.565s] -- Up-to-date: /home/rafiq/ros_adv/install/interfaces/include/interfaces/interfaces/msg/detail
[0.566s] -- Up-to-date: /home/rafiq/ros_adv/install/interfaces/include/interfaces/interfaces/msg/detail/sensor_properties__struct.h
[0.566s] -- Up-to-date: /home/rafiq/ros_adv/install/interfaces/include/interfaces/interfaces/msg/detail/sensor_properties__type_support.h
[0.566s] -- Up-to-date: /home/rafiq/ros_adv/install/interfaces/include/interfaces/interfaces/msg/detail/sensor_properties__functions.c
[0.566s] -- Up-to-date: /home/rafiq/ros_adv/install/interfaces/include/interfaces/interfaces/msg/detail/sensor_properties__functions.h
[0.566s] -- Up-to-date: /home/rafiq/ros_adv/install/interfaces/include/interfaces/interfaces/msg/sensor_properties.h
[0.567s] -- Up-to-date: /home/rafiq/ros_adv/install/interfaces/share/interfaces/environment/library_path.sh
[0.567s] -- Up-to-date: /home/rafiq/ros_adv/install/interfaces/share/interfaces/environment/library_path.dsv
[0.567s] -- Up-to-date: /home/rafiq/ros_adv/install/interfaces/lib/libinterfaces__rosidl_generator_c.so
[0.567s] -- Up-to-date: /home/rafiq/ros_adv/install/interfaces/include/interfaces/interfaces
[0.567s] -- Up-to-date: /home/rafiq/ros_adv/install/interfaces/include/interfaces/interfaces/msg
[0.568s] -- Up-to-date: /home/rafiq/ros_adv/install/interfaces/include/interfaces/interfaces/msg/detail
[0.568s] -- Up-to-date: /home/rafiq/ros_adv/install/interfaces/include/interfaces/interfaces/msg/detail/sensor_properties__rosidl_typesupport_fastrtps_c.h
[0.568s] -- Up-to-date: /home/rafiq/ros_adv/install/interfaces/include/interfaces/interfaces/msg/rosidl_typesupport_fastrtps_c__visibility_control.h
[0.568s] -- Up-to-date: /home/rafiq/ros_adv/install/interfaces/lib/libinterfaces__rosidl_typesupport_fastrtps_c.so
[0.568s] -- Up-to-date: /home/rafiq/ros_adv/install/interfaces/include/interfaces/interfaces
[0.568s] -- Up-to-date: /home/rafiq/ros_adv/install/interfaces/include/interfaces/interfaces/msg
[0.569s] -- Up-to-date: /home/rafiq/ros_adv/install/interfaces/include/interfaces/interfaces/msg/rosidl_generator_cpp__visibility_control.hpp
[0.569s] -- Up-to-date: /home/rafiq/ros_adv/install/interfaces/include/interfaces/interfaces/msg/sensor_properties.hpp
[0.569s] -- Up-to-date: /home/rafiq/ros_adv/install/interfaces/include/interfaces/interfaces/msg/detail
[0.569s] -- Up-to-date: /home/rafiq/ros_adv/install/interfaces/include/interfaces/interfaces/msg/detail/sensor_properties__type_support.hpp
[0.569s] -- Up-to-date: /home/rafiq/ros_adv/install/interfaces/include/interfaces/interfaces/msg/detail/sensor_properties__struct.hpp
[0.569s] -- Up-to-date: /home/rafiq/ros_adv/install/interfaces/include/interfaces/interfaces/msg/detail/sensor_properties__builder.hpp
[0.569s] -- Up-to-date: /home/rafiq/ros_adv/install/interfaces/include/interfaces/interfaces/msg/detail/sensor_properties__traits.hpp
[0.570s] -- Up-to-date: /home/rafiq/ros_adv/install/interfaces/include/interfaces/interfaces
[0.570s] -- Up-to-date: /home/rafiq/ros_adv/install/interfaces/include/interfaces/interfaces/msg
[0.570s] -- Up-to-date: /home/rafiq/ros_adv/install/interfaces/include/interfaces/interfaces/msg/rosidl_typesupport_fastrtps_cpp__visibility_control.h
[0.570s] -- Up-to-date: /home/rafiq/ros_adv/install/interfaces/include/interfaces/interfaces/msg/detail
[0.570s] -- Up-to-date: /home/rafiq/ros_adv/install/interfaces/include/interfaces/interfaces/msg/detail/dds_fastrtps
[0.570s] -- Up-to-date: /home/rafiq/ros_adv/install/interfaces/include/interfaces/interfaces/msg/detail/sensor_properties__rosidl_typesupport_fastrtps_cpp.hpp
[0.570s] -- Up-to-date: /home/rafiq/ros_adv/install/interfaces/lib/libinterfaces__rosidl_typesupport_fastrtps_cpp.so
[0.571s] -- Up-to-date: /home/rafiq/ros_adv/install/interfaces/include/interfaces/interfaces
[0.571s] -- Up-to-date: /home/rafiq/ros_adv/install/interfaces/include/interfaces/interfaces/msg
[0.571s] -- Up-to-date: /home/rafiq/ros_adv/install/interfaces/include/interfaces/interfaces/msg/rosidl_typesupport_introspection_c__visibility_control.h
[0.571s] -- Up-to-date: /home/rafiq/ros_adv/install/interfaces/include/interfaces/interfaces/msg/detail
[0.571s] -- Up-to-date: /home/rafiq/ros_adv/install/interfaces/include/interfaces/interfaces/msg/detail/sensor_properties__rosidl_typesupport_introspection_c.h
[0.571s] -- Up-to-date: /home/rafiq/ros_adv/install/interfaces/include/interfaces/interfaces/msg/detail/sensor_properties__type_support.c
[0.571s] -- Up-to-date: /home/rafiq/ros_adv/install/interfaces/lib/libinterfaces__rosidl_typesupport_introspection_c.so
[0.571s] -- Up-to-date: /home/rafiq/ros_adv/install/interfaces/lib/libinterfaces__rosidl_typesupport_c.so
[0.572s] -- Up-to-date: /home/rafiq/ros_adv/install/interfaces/include/interfaces/interfaces
[0.572s] -- Up-to-date: /home/rafiq/ros_adv/install/interfaces/include/interfaces/interfaces/msg
[0.572s] -- Up-to-date: /home/rafiq/ros_adv/install/interfaces/include/interfaces/interfaces/msg/detail
[0.572s] -- Up-to-date: /home/rafiq/ros_adv/install/interfaces/include/interfaces/interfaces/msg/detail/sensor_properties__rosidl_typesupport_introspection_cpp.hpp
[0.572s] -- Up-to-date: /home/rafiq/ros_adv/install/interfaces/include/interfaces/interfaces/msg/detail/sensor_properties__type_support.cpp
[0.572s] -- Up-to-date: /home/rafiq/ros_adv/install/interfaces/lib/libinterfaces__rosidl_typesupport_introspection_cpp.so
[0.572s] -- Up-to-date: /home/rafiq/ros_adv/install/interfaces/lib/libinterfaces__rosidl_typesupport_cpp.so
[0.572s] -- Up-to-date: /home/rafiq/ros_adv/install/interfaces/share/interfaces/environment/pythonpath.sh
[0.572s] -- Up-to-date: /home/rafiq/ros_adv/install/interfaces/share/interfaces/environment/pythonpath.dsv
[0.572s] -- Up-to-date: /home/rafiq/ros_adv/install/interfaces/local/lib/python3.10/dist-packages/interfaces-0.0.0-py3.10.egg-info
[0.572s] -- Installing: /home/rafiq/ros_adv/install/interfaces/local/lib/python3.10/dist-packages/interfaces-0.0.0-py3.10.egg-info/PKG-INFO
[0.572s] -- Installing: /home/rafiq/ros_adv/install/interfaces/local/lib/python3.10/dist-packages/interfaces-0.0.0-py3.10.egg-info/SOURCES.txt
[0.572s] -- Installing: /home/rafiq/ros_adv/install/interfaces/local/lib/python3.10/dist-packages/interfaces-0.0.0-py3.10.egg-info/top_level.txt
[0.572s] -- Installing: /home/rafiq/ros_adv/install/interfaces/local/lib/python3.10/dist-packages/interfaces-0.0.0-py3.10.egg-info/dependency_links.txt
[0.573s] -- Up-to-date: /home/rafiq/ros_adv/install/interfaces/local/lib/python3.10/dist-packages/interfaces
[0.573s] -- Up-to-date: /home/rafiq/ros_adv/install/interfaces/local/lib/python3.10/dist-packages/interfaces/libinterfaces__rosidl_generator_py.so
[0.573s] -- Up-to-date: /home/rafiq/ros_adv/install/interfaces/local/lib/python3.10/dist-packages/interfaces/interfaces_s__rosidl_typesupport_fastrtps_c.cpython-310-x86_64-linux-gnu.so
[0.573s] -- Up-to-date: /home/rafiq/ros_adv/install/interfaces/local/lib/python3.10/dist-packages/interfaces/msg
[0.573s] -- Up-to-date: /home/rafiq/ros_adv/install/interfaces/local/lib/python3.10/dist-packages/interfaces/msg/_sensor_properties_s.c
[0.573s] -- Up-to-date: /home/rafiq/ros_adv/install/interfaces/local/lib/python3.10/dist-packages/interfaces/msg/_sensor_properties.py
[0.573s] -- Up-to-date: /home/rafiq/ros_adv/install/interfaces/local/lib/python3.10/dist-packages/interfaces/msg/__init__.py
[0.573s] -- Up-to-date: /home/rafiq/ros_adv/install/interfaces/local/lib/python3.10/dist-packages/interfaces/_interfaces_s.ep.rosidl_typesupport_c.c
[0.573s] -- Up-to-date: /home/rafiq/ros_adv/install/interfaces/local/lib/python3.10/dist-packages/interfaces/_interfaces_s.ep.rosidl_typesupport_introspection_c.c
[0.573s] -- Up-to-date: /home/rafiq/ros_adv/install/interfaces/local/lib/python3.10/dist-packages/interfaces/_interfaces_s.ep.rosidl_typesupport_fastrtps_c.c
[0.573s] -- Up-to-date: /home/rafiq/ros_adv/install/interfaces/local/lib/python3.10/dist-packages/interfaces/interfaces_s__rosidl_typesupport_c.cpython-310-x86_64-linux-gnu.so
[0.573s] -- Up-to-date: /home/rafiq/ros_adv/install/interfaces/local/lib/python3.10/dist-packages/interfaces/__init__.py
[0.573s] -- Up-to-date: /home/rafiq/ros_adv/install/interfaces/local/lib/python3.10/dist-packages/interfaces/interfaces_s__rosidl_typesupport_introspection_c.cpython-310-x86_64-linux-gnu.so
[0.612s] Listing '/home/rafiq/ros_adv/install/interfaces/local/lib/python3.10/dist-packages/interfaces'...
[0.613s] Listing '/home/rafiq/ros_adv/install/interfaces/local/lib/python3.10/dist-packages/interfaces/msg'...
[0.618s] -- Up-to-date: /home/rafiq/ros_adv/install/interfaces/local/lib/python3.10/dist-packages/interfaces/interfaces_s__rosidl_typesupport_fastrtps_c.cpython-310-x86_64-linux-gnu.so
[0.618s] -- Up-to-date: /home/rafiq/ros_adv/install/interfaces/local/lib/python3.10/dist-packages/interfaces/interfaces_s__rosidl_typesupport_introspection_c.cpython-310-x86_64-linux-gnu.so
[0.619s] -- Up-to-date: /home/rafiq/ros_adv/install/interfaces/local/lib/python3.10/dist-packages/interfaces/interfaces_s__rosidl_typesupport_c.cpython-310-x86_64-linux-gnu.so
[0.619s] -- Up-to-date: /home/rafiq/ros_adv/install/interfaces/lib/libinterfaces__rosidl_generator_py.so
[0.619s] -- Up-to-date: /home/rafiq/ros_adv/install/interfaces/share/interfaces/msg/SensorProperties.idl
[0.620s] -- Up-to-date: /home/rafiq/ros_adv/install/interfaces/share/interfaces/msg/SensorProperties.msg
[0.620s] -- Up-to-date: /home/rafiq/ros_adv/install/interfaces/share/ament_index/resource_index/package_run_dependencies/interfaces
[0.620s] -- Up-to-date: /home/rafiq/ros_adv/install/interfaces/share/ament_index/resource_index/parent_prefix_path/interfaces
[0.620s] -- Up-to-date: /home/rafiq/ros_adv/install/interfaces/share/interfaces/environment/ament_prefix_path.sh
[0.620s] -- Up-to-date: /home/rafiq/ros_adv/install/interfaces/share/interfaces/environment/ament_prefix_path.dsv
[0.621s] -- Up-to-date: /home/rafiq/ros_adv/install/interfaces/share/interfaces/environment/path.sh
[0.621s] -- Up-to-date: /home/rafiq/ros_adv/install/interfaces/share/interfaces/environment/path.dsv
[0.621s] -- Up-to-date: /home/rafiq/ros_adv/install/interfaces/share/interfaces/local_setup.bash
[0.621s] -- Up-to-date: /home/rafiq/ros_adv/install/interfaces/share/interfaces/local_setup.sh
[0.621s] -- Up-to-date: /home/rafiq/ros_adv/install/interfaces/share/interfaces/local_setup.zsh
[0.621s] -- Up-to-date: /home/rafiq/ros_adv/install/interfaces/share/interfaces/local_setup.dsv
[0.622s] -- Installing: /home/rafiq/ros_adv/install/interfaces/share/interfaces/package.dsv
[0.622s] -- Up-to-date: /home/rafiq/ros_adv/install/interfaces/share/ament_index/resource_index/packages/interfaces
[0.622s] -- Up-to-date: /home/rafiq/ros_adv/install/interfaces/share/interfaces/cmake/export_interfaces__rosidl_generator_cExport.cmake
[0.622s] -- Up-to-date: /home/rafiq/ros_adv/install/interfaces/share/interfaces/cmake/export_interfaces__rosidl_generator_cExport-noconfig.cmake
[0.623s] -- Up-to-date: /home/rafiq/ros_adv/install/interfaces/share/interfaces/cmake/export_interfaces__rosidl_typesupport_fastrtps_cExport.cmake
[0.623s] -- Up-to-date: /home/rafiq/ros_adv/install/interfaces/share/interfaces/cmake/export_interfaces__rosidl_typesupport_fastrtps_cExport-noconfig.cmake
[0.623s] -- Up-to-date: /home/rafiq/ros_adv/install/interfaces/share/interfaces/cmake/export_interfaces__rosidl_generator_cppExport.cmake
[0.623s] -- Up-to-date: /home/rafiq/ros_adv/install/interfaces/share/interfaces/cmake/export_interfaces__rosidl_typesupport_fastrtps_cppExport.cmake
[0.623s] -- Up-to-date: /home/rafiq/ros_adv/install/interfaces/share/interfaces/cmake/export_interfaces__rosidl_typesupport_fastrtps_cppExport-noconfig.cmake
[0.623s] -- Up-to-date: /home/rafiq/ros_adv/install/interfaces/share/interfaces/cmake/interfaces__rosidl_typesupport_introspection_cExport.cmake
[0.623s] -- Up-to-date: /home/rafiq/ros_adv/install/interfaces/share/interfaces/cmake/interfaces__rosidl_typesupport_introspection_cExport-noconfig.cmake
[0.623s] -- Up-to-date: /home/rafiq/ros_adv/install/interfaces/share/interfaces/cmake/interfaces__rosidl_typesupport_cExport.cmake
[0.624s] -- Up-to-date: /home/rafiq/ros_adv/install/interfaces/share/interfaces/cmake/interfaces__rosidl_typesupport_cExport-noconfig.cmake
[0.624s] -- Up-to-date: /home/rafiq/ros_adv/install/interfaces/share/interfaces/cmake/interfaces__rosidl_typesupport_introspection_cppExport.cmake
[0.624s] -- Up-to-date: /home/rafiq/ros_adv/install/interfaces/share/interfaces/cmake/interfaces__rosidl_typesupport_introspection_cppExport-noconfig.cmake
[0.624s] -- Up-to-date: /home/rafiq/ros_adv/install/interfaces/share/interfaces/cmake/interfaces__rosidl_typesupport_cppExport.cmake
[0.624s] -- Up-to-date: /home/rafiq/ros_adv/install/interfaces/share/interfaces/cmake/interfaces__rosidl_typesupport_cppExport-noconfig.cmake
[0.624s] -- Up-to-date: /home/rafiq/ros_adv/install/interfaces/share/interfaces/cmake/export_interfaces__rosidl_generator_pyExport.cmake
[0.624s] -- Up-to-date: /home/rafiq/ros_adv/install/interfaces/share/interfaces/cmake/export_interfaces__rosidl_generator_pyExport-noconfig.cmake
[0.624s] -- Up-to-date: /home/rafiq/ros_adv/install/interfaces/share/interfaces/cmake/rosidl_cmake-extras.cmake
[0.624s] -- Up-to-date: /home/rafiq/ros_adv/install/interfaces/share/interfaces/cmake/ament_cmake_export_dependencies-extras.cmake
[0.624s] -- Up-to-date: /home/rafiq/ros_adv/install/interfaces/share/interfaces/cmake/ament_cmake_export_include_directories-extras.cmake
[0.624s] -- Up-to-date: /home/rafiq/ros_adv/install/interfaces/share/interfaces/cmake/ament_cmake_export_libraries-extras.cmake
[0.624s] -- Up-to-date: /home/rafiq/ros_adv/install/interfaces/share/interfaces/cmake/ament_cmake_export_targets-extras.cmake
[0.624s] -- Up-to-date: /home/rafiq/ros_adv/install/interfaces/share/interfaces/cmake/rosidl_cmake_export_typesupport_targets-extras.cmake
[0.625s] -- Up-to-date: /home/rafiq/ros_adv/install/interfaces/share/interfaces/cmake/rosidl_cmake_export_typesupport_libraries-extras.cmake
[0.625s] -- Up-to-date: /home/rafiq/ros_adv/install/interfaces/share/interfaces/cmake/interfacesConfig.cmake
[0.625s] -- Up-to-date: /home/rafiq/ros_adv/install/interfaces/share/interfaces/cmake/interfacesConfig-version.cmake
[0.625s] -- Up-to-date: /home/rafiq/ros_adv/install/interfaces/share/interfaces/package.xml
[0.628s] Invoked command in '/home/rafiq/ros_adv/build/interfaces' returned '0': CMAKE_PREFIX_PATH=${CMAKE_PREFIX_PATH}:/home/rafiq/ros_adv/install/multi_sensor_validator:/opt/ros/humble /usr/bin/cmake --install /home/rafiq/ros_adv/build/interfaces
