[0.146s] DEBUG:colcon:Command line arguments: ['/usr/bin/colcon', 'build', '--symlink-install']
[0.146s] DEBUG:colcon:Parsed command line arguments: Namespace(log_base=None, log_level=None, verb_name='build', build_base='build', install_base='install', merge_install=False, symlink_install=True, test_result_base=None, continue_on_error=False, executor='parallel', parallel_workers=8, event_handlers=None, ignore_user_meta=False, metas=['./colcon.meta'], base_paths=['.'], packages_ignore=None, packages_ignore_regex=None, paths=None, packages_up_to=None, packages_up_to_regex=None, packages_above=None, packages_above_and_dependencies=None, packages_above_depth=None, packages_select_by_dep=None, packages_skip_by_dep=None, packages_skip_up_to=None, packages_select_build_failed=False, packages_skip_build_finished=False, packages_select_test_failures=False, packages_skip_test_passed=False, packages_select=None, packages_skip=None, packages_select_regex=None, packages_skip_regex=None, packages_start=None, packages_end=None, allow_overriding=[], cmake_args=None, cmake_target=None, cmake_target_skip_unavailable=False, cmake_clean_cache=False, cmake_clean_first=False, cmake_force_configure=False, ament_cmake_args=None, catkin_cmake_args=None, catkin_skip_building_tests=False, mixin_files=None, mixin=None, verb_parser=<colcon_mixin.mixin.mixin_argument.MixinArgumentDecorator object at 0x7d5fdd832f20>, verb_extension=<colcon_core.verb.build.BuildVerb object at 0x7d5fdd95feb0>, main=<bound method BuildVerb.main of <colcon_core.verb.build.BuildVerb object at 0x7d5fdd95feb0>>, mixin_verb=('build',))
[0.521s] Level 1:colcon.colcon_core.package_discovery:discover_packages(colcon_meta) check parameters
[0.521s] Level 1:colcon.colcon_core.package_discovery:discover_packages(recursive) check parameters
[0.521s] Level 1:colcon.colcon_core.package_discovery:discover_packages(ignore) check parameters
[0.521s] Level 1:colcon.colcon_core.package_discovery:discover_packages(path) check parameters
[0.521s] Level 1:colcon.colcon_core.package_discovery:discover_packages(colcon_meta) discover
[0.522s] Level 1:colcon.colcon_core.package_discovery:discover_packages(recursive) discover
[0.522s] INFO:colcon.colcon_core.package_discovery:Crawling recursively for packages in '/home/rafiq/Desktop/ROV_control_system'
[0.522s] Level 1:colcon.colcon_core.package_identification:_identify(.) by extensions ['ignore', 'ignore_ament_install']
[0.522s] Level 1:colcon.colcon_core.package_identification:_identify(.) by extension 'ignore'
[0.523s] Level 1:colcon.colcon_core.package_identification:_identify(.) by extension 'ignore_ament_install'
[0.523s] Level 1:colcon.colcon_core.package_identification:_identify(.) by extensions ['colcon_pkg']
[0.523s] Level 1:colcon.colcon_core.package_identification:_identify(.) by extension 'colcon_pkg'
[0.523s] Level 1:colcon.colcon_core.package_identification:_identify(.) by extensions ['colcon_meta']
[0.523s] Level 1:colcon.colcon_core.package_identification:_identify(.) by extension 'colcon_meta'
[0.524s] Level 1:colcon.colcon_core.package_identification:_identify(.) by extensions ['ros']
[0.524s] Level 1:colcon.colcon_core.package_identification:_identify(.) by extension 'ros'
[0.543s] Level 1:colcon.colcon_core.package_identification:_identify(.) by extensions ['cmake', 'python']
[0.543s] Level 1:colcon.colcon_core.package_identification:_identify(.) by extension 'cmake'
[0.543s] Level 1:colcon.colcon_core.package_identification:_identify(.) by extension 'python'
[0.543s] Level 1:colcon.colcon_core.package_identification:_identify(.) by extensions ['python_setup_py']
[0.543s] Level 1:colcon.colcon_core.package_identification:_identify(.) by extension 'python_setup_py'
[0.543s] Level 1:colcon.colcon_core.package_identification:_identify(build) by extensions ['ignore', 'ignore_ament_install']
[0.543s] Level 1:colcon.colcon_core.package_identification:_identify(build) by extension 'ignore'
[0.543s] Level 1:colcon.colcon_core.package_identification:_identify(build) ignored
[0.543s] Level 1:colcon.colcon_core.package_identification:_identify(install) by extensions ['ignore', 'ignore_ament_install']
[0.543s] Level 1:colcon.colcon_core.package_identification:_identify(install) by extension 'ignore'
[0.543s] Level 1:colcon.colcon_core.package_identification:_identify(install) ignored
[0.544s] Level 1:colcon.colcon_core.package_identification:_identify(log) by extensions ['ignore', 'ignore_ament_install']
[0.544s] Level 1:colcon.colcon_core.package_identification:_identify(log) by extension 'ignore'
[0.544s] Level 1:colcon.colcon_core.package_identification:_identify(log) ignored
[0.544s] Level 1:colcon.colcon_core.package_identification:_identify(src) by extensions ['ignore', 'ignore_ament_install']
[0.544s] Level 1:colcon.colcon_core.package_identification:_identify(src) by extension 'ignore'
[0.544s] Level 1:colcon.colcon_core.package_identification:_identify(src) by extension 'ignore_ament_install'
[0.544s] Level 1:colcon.colcon_core.package_identification:_identify(src) by extensions ['colcon_pkg']
[0.544s] Level 1:colcon.colcon_core.package_identification:_identify(src) by extension 'colcon_pkg'
[0.544s] Level 1:colcon.colcon_core.package_identification:_identify(src) by extensions ['colcon_meta']
[0.544s] Level 1:colcon.colcon_core.package_identification:_identify(src) by extension 'colcon_meta'
[0.544s] Level 1:colcon.colcon_core.package_identification:_identify(src) by extensions ['ros']
[0.544s] Level 1:colcon.colcon_core.package_identification:_identify(src) by extension 'ros'
[0.544s] Level 1:colcon.colcon_core.package_identification:_identify(src) by extensions ['cmake', 'python']
[0.544s] Level 1:colcon.colcon_core.package_identification:_identify(src) by extension 'cmake'
[0.544s] Level 1:colcon.colcon_core.package_identification:_identify(src) by extension 'python'
[0.544s] Level 1:colcon.colcon_core.package_identification:_identify(src) by extensions ['python_setup_py']
[0.544s] Level 1:colcon.colcon_core.package_identification:_identify(src) by extension 'python_setup_py'
[0.544s] Level 1:colcon.colcon_core.package_identification:_identify(src/rov_control_system) by extensions ['ignore', 'ignore_ament_install']
[0.544s] Level 1:colcon.colcon_core.package_identification:_identify(src/rov_control_system) by extension 'ignore'
[0.544s] Level 1:colcon.colcon_core.package_identification:_identify(src/rov_control_system) by extension 'ignore_ament_install'
[0.545s] Level 1:colcon.colcon_core.package_identification:_identify(src/rov_control_system) by extensions ['colcon_pkg']
[0.545s] Level 1:colcon.colcon_core.package_identification:_identify(src/rov_control_system) by extension 'colcon_pkg'
[0.545s] Level 1:colcon.colcon_core.package_identification:_identify(src/rov_control_system) by extensions ['colcon_meta']
[0.545s] Level 1:colcon.colcon_core.package_identification:_identify(src/rov_control_system) by extension 'colcon_meta'
[0.545s] Level 1:colcon.colcon_core.package_identification:_identify(src/rov_control_system) by extensions ['ros']
[0.545s] Level 1:colcon.colcon_core.package_identification:_identify(src/rov_control_system) by extension 'ros'
[0.555s] DEBUG:colcon.colcon_core.package_identification:Package 'src/rov_control_system' with type 'ros.ament_python' and name 'rov_control_system'
[0.555s] Level 1:colcon.colcon_core.package_discovery:discover_packages(recursive) using defaults
[0.555s] Level 1:colcon.colcon_core.package_discovery:discover_packages(ignore) discover
[0.555s] Level 1:colcon.colcon_core.package_discovery:discover_packages(ignore) using defaults
[0.555s] Level 1:colcon.colcon_core.package_discovery:discover_packages(path) discover
[0.555s] Level 1:colcon.colcon_core.package_discovery:discover_packages(path) using defaults
[0.641s] Level 1:colcon.colcon_core.package_discovery:discover_packages(prefix_path) check parameters
[0.642s] Level 1:colcon.colcon_core.package_discovery:discover_packages(prefix_path) discover
[0.651s] DEBUG:colcon.colcon_installed_package_information.package_discovery:Found 1 installed packages in /home/rafiq/Desktop/ROV_control_system/install
[0.651s] DEBUG:colcon.colcon_installed_package_information.package_discovery:Found 1 installed packages in /home/rafiq/Desktop/task1_ws/install
[0.652s] DEBUG:colcon.colcon_installed_package_information.package_discovery:Found 1 installed packages in /home/rafiq/my_first_ws/install
[0.653s] DEBUG:colcon.colcon_installed_package_information.package_discovery:Found 271 installed packages in /opt/ros/humble
[0.654s] Level 1:colcon.colcon_core.package_discovery:discover_packages(prefix_path) using defaults
[0.711s] Level 5:colcon.colcon_core.verb:set package 'rov_control_system' build argument 'cmake_args' from command line to 'None'
[0.711s] Level 5:colcon.colcon_core.verb:set package 'rov_control_system' build argument 'cmake_target' from command line to 'None'
[0.711s] Level 5:colcon.colcon_core.verb:set package 'rov_control_system' build argument 'cmake_target_skip_unavailable' from command line to 'False'
[0.711s] Level 5:colcon.colcon_core.verb:set package 'rov_control_system' build argument 'cmake_clean_cache' from command line to 'False'
[0.711s] Level 5:colcon.colcon_core.verb:set package 'rov_control_system' build argument 'cmake_clean_first' from command line to 'False'
[0.711s] Level 5:colcon.colcon_core.verb:set package 'rov_control_system' build argument 'cmake_force_configure' from command line to 'False'
[0.711s] Level 5:colcon.colcon_core.verb:set package 'rov_control_system' build argument 'ament_cmake_args' from command line to 'None'
[0.712s] Level 5:colcon.colcon_core.verb:set package 'rov_control_system' build argument 'catkin_cmake_args' from command line to 'None'
[0.712s] Level 5:colcon.colcon_core.verb:set package 'rov_control_system' build argument 'catkin_skip_building_tests' from command line to 'False'
[0.712s] DEBUG:colcon.colcon_core.verb:Building package 'rov_control_system' with the following arguments: {'ament_cmake_args': None, 'build_base': '/home/rafiq/Desktop/ROV_control_system/build/rov_control_system', 'catkin_cmake_args': None, 'catkin_skip_building_tests': False, 'cmake_args': None, 'cmake_clean_cache': False, 'cmake_clean_first': False, 'cmake_force_configure': False, 'cmake_target': None, 'cmake_target_skip_unavailable': False, 'install_base': '/home/rafiq/Desktop/ROV_control_system/install/rov_control_system', 'merge_install': False, 'path': '/home/rafiq/Desktop/ROV_control_system/src/rov_control_system', 'symlink_install': True, 'test_result_base': None}
[0.712s] INFO:colcon.colcon_core.executor:Executing jobs using 'parallel' executor
[0.716s] DEBUG:colcon.colcon_parallel_executor.executor.parallel:run_until_complete
[0.716s] INFO:colcon.colcon_ros.task.ament_python.build:Building ROS package in '/home/rafiq/Desktop/ROV_control_system/src/rov_control_system' with build type 'ament_python'
[0.716s] Level 1:colcon.colcon_core.shell:create_environment_hook('rov_control_system', 'ament_prefix_path')
[0.731s] INFO:colcon.colcon_core.plugin_system:Skipping extension 'colcon_core.shell.bat': Not used on non-Windows systems
[0.733s] INFO:colcon.colcon_core.shell:Creating environment hook '/home/rafiq/Desktop/ROV_control_system/install/rov_control_system/share/rov_control_system/hook/ament_prefix_path.ps1'
[0.735s] INFO:colcon.colcon_core.shell:Creating environment descriptor '/home/rafiq/Desktop/ROV_control_system/install/rov_control_system/share/rov_control_system/hook/ament_prefix_path.dsv'
[0.739s] INFO:colcon.colcon_core.shell:Creating environment hook '/home/rafiq/Desktop/ROV_control_system/install/rov_control_system/share/rov_control_system/hook/ament_prefix_path.sh'
[0.743s] INFO:colcon.colcon_core.shell:Skip shell extension 'powershell' for command environment: Not usable outside of PowerShell
[0.743s] DEBUG:colcon.colcon_core.shell:Skip shell extension 'dsv' for command environment
[1.594s] INFO:colcon.colcon_core.task.python.build:Building Python package in '/home/rafiq/Desktop/ROV_control_system/src/rov_control_system'
[1.597s] INFO:colcon.colcon_core.shell:Skip shell extension 'powershell' for command environment: Not usable outside of PowerShell
[1.597s] DEBUG:colcon.colcon_core.shell:Skip shell extension 'dsv' for command environment
[2.311s] DEBUG:colcon.colcon_core.event_handler.log_command:Invoking command in '/home/rafiq/Desktop/ROV_control_system/build/rov_control_system': PYTHONPATH=/home/rafiq/Desktop/ROV_control_system/build/rov_control_system/prefix_override:/usr/lib/python3/dist-packages/colcon_core/task/python/colcon_distutils_commands:/home/rafiq/Desktop/ROV_control_system/install/rov_control_system/lib/python3.10/site-packages:${PYTHONPATH} /usr/bin/python3 -W ignore:setup.py install is deprecated -W ignore:easy_install command is deprecated setup.py develop --editable --build-directory /home/rafiq/Desktop/ROV_control_system/build/rov_control_system/build --no-deps symlink_data
[3.090s] Level 1:colcon.colcon_core.shell:create_environment_hook('rov_control_system', 'pythonpath_develop')
[3.091s] DEBUG:colcon.colcon_core.event_handler.log_command:Invoked command in '/home/rafiq/Desktop/ROV_control_system/build/rov_control_system' returned '0': PYTHONPATH=/home/rafiq/Desktop/ROV_control_system/build/rov_control_system/prefix_override:/usr/lib/python3/dist-packages/colcon_core/task/python/colcon_distutils_commands:/home/rafiq/Desktop/ROV_control_system/install/rov_control_system/lib/python3.10/site-packages:${PYTHONPATH} /usr/bin/python3 -W ignore:setup.py install is deprecated -W ignore:easy_install command is deprecated setup.py develop --editable --build-directory /home/rafiq/Desktop/ROV_control_system/build/rov_control_system/build --no-deps symlink_data
[3.093s] INFO:colcon.colcon_core.shell:Creating environment hook '/home/rafiq/Desktop/ROV_control_system/build/rov_control_system/share/rov_control_system/hook/pythonpath_develop.ps1'
[3.096s] INFO:colcon.colcon_core.shell:Creating environment descriptor '/home/rafiq/Desktop/ROV_control_system/build/rov_control_system/share/rov_control_system/hook/pythonpath_develop.dsv'
[3.099s] INFO:colcon.colcon_core.shell:Creating environment hook '/home/rafiq/Desktop/ROV_control_system/build/rov_control_system/share/rov_control_system/hook/pythonpath_develop.sh'
[3.117s] Level 1:colcon.colcon_core.environment:checking '/home/rafiq/Desktop/ROV_control_system/install/rov_control_system' for CMake module files
[3.118s] Level 1:colcon.colcon_core.environment:checking '/home/rafiq/Desktop/ROV_control_system/install/rov_control_system' for CMake config files
[3.119s] Level 1:colcon.colcon_core.environment:checking '/home/rafiq/Desktop/ROV_control_system/install/rov_control_system/lib'
[3.119s] Level 1:colcon.colcon_core.environment:checking '/home/rafiq/Desktop/ROV_control_system/install/rov_control_system/bin'
[3.119s] Level 1:colcon.colcon_core.environment:checking '/home/rafiq/Desktop/ROV_control_system/install/rov_control_system/lib/pkgconfig/rov_control_system.pc'
[3.120s] Level 1:colcon.colcon_core.environment:checking '/home/rafiq/Desktop/ROV_control_system/install/rov_control_system/lib/python3.10/site-packages'
[3.120s] Level 1:colcon.colcon_core.shell:create_environment_hook('rov_control_system', 'pythonpath')
[3.120s] INFO:colcon.colcon_core.shell:Creating environment hook '/home/rafiq/Desktop/ROV_control_system/install/rov_control_system/share/rov_control_system/hook/pythonpath.ps1'
[3.122s] INFO:colcon.colcon_core.shell:Creating environment descriptor '/home/rafiq/Desktop/ROV_control_system/install/rov_control_system/share/rov_control_system/hook/pythonpath.dsv'
[3.123s] INFO:colcon.colcon_core.shell:Creating environment hook '/home/rafiq/Desktop/ROV_control_system/install/rov_control_system/share/rov_control_system/hook/pythonpath.sh'
[3.125s] Level 1:colcon.colcon_core.environment:checking '/home/rafiq/Desktop/ROV_control_system/install/rov_control_system/bin'
[3.125s] Level 1:colcon.colcon_core.environment:create_environment_scripts_only(rov_control_system)
[3.126s] INFO:colcon.colcon_core.shell:Creating package script '/home/rafiq/Desktop/ROV_control_system/install/rov_control_system/share/rov_control_system/package.ps1'
[3.128s] INFO:colcon.colcon_core.shell:Creating package descriptor '/home/rafiq/Desktop/ROV_control_system/install/rov_control_system/share/rov_control_system/package.dsv'
[3.131s] INFO:colcon.colcon_core.shell:Creating package script '/home/rafiq/Desktop/ROV_control_system/install/rov_control_system/share/rov_control_system/package.sh'
[3.134s] INFO:colcon.colcon_core.shell:Creating package script '/home/rafiq/Desktop/ROV_control_system/install/rov_control_system/share/rov_control_system/package.bash'
[3.136s] INFO:colcon.colcon_core.shell:Creating package script '/home/rafiq/Desktop/ROV_control_system/install/rov_control_system/share/rov_control_system/package.zsh'
[3.139s] Level 1:colcon.colcon_core.environment:create_file_with_runtime_dependencies(/home/rafiq/Desktop/ROV_control_system/install/rov_control_system/share/colcon-core/packages/rov_control_system)
[3.140s] DEBUG:colcon.colcon_parallel_executor.executor.parallel:closing loop
[3.141s] DEBUG:colcon.colcon_parallel_executor.executor.parallel:loop closed
[3.141s] DEBUG:colcon.colcon_parallel_executor.executor.parallel:run_until_complete finished with '0'
[3.141s] DEBUG:colcon.colcon_core.event_reactor:joining thread
[3.153s] INFO:colcon.colcon_core.plugin_system:Skipping extension 'colcon_notification.desktop_notification.terminal_notifier': Not used on non-Darwin systems
[3.153s] INFO:colcon.colcon_core.plugin_system:Skipping extension 'colcon_notification.desktop_notification.win32': Not used on non-Windows systems
[3.153s] INFO:colcon.colcon_notification.desktop_notification:Sending desktop notification using 'notify2'
[3.226s] DEBUG:colcon.colcon_core.event_reactor:joined thread
[3.227s] INFO:colcon.colcon_core.shell:Creating prefix script '/home/rafiq/Desktop/ROV_control_system/install/local_setup.ps1'
[3.231s] INFO:colcon.colcon_core.shell:Creating prefix util module '/home/rafiq/Desktop/ROV_control_system/install/_local_setup_util_ps1.py'
[3.236s] INFO:colcon.colcon_core.shell:Creating prefix chain script '/home/rafiq/Desktop/ROV_control_system/install/setup.ps1'
[3.240s] INFO:colcon.colcon_core.shell:Creating prefix script '/home/rafiq/Desktop/ROV_control_system/install/local_setup.sh'
[3.243s] INFO:colcon.colcon_core.shell:Creating prefix util module '/home/rafiq/Desktop/ROV_control_system/install/_local_setup_util_sh.py'
[3.244s] INFO:colcon.colcon_core.shell:Creating prefix chain script '/home/rafiq/Desktop/ROV_control_system/install/setup.sh'
[3.271s] INFO:colcon.colcon_core.shell:Creating prefix script '/home/rafiq/Desktop/ROV_control_system/install/local_setup.bash'
[3.274s] INFO:colcon.colcon_core.shell:Creating prefix chain script '/home/rafiq/Desktop/ROV_control_system/install/setup.bash'
[3.277s] INFO:colcon.colcon_core.shell:Creating prefix script '/home/rafiq/Desktop/ROV_control_system/install/local_setup.zsh'
[3.291s] INFO:colcon.colcon_core.shell:Creating prefix chain script '/home/rafiq/Desktop/ROV_control_system/install/setup.zsh'
