running egg_info
creating ../../build/rov_control_system/rov_control_system.egg-info
writing ../../build/rov_control_system/rov_control_system.egg-info/PKG-INFO
writing dependency_links to ../../build/rov_control_system/rov_control_system.egg-info/dependency_links.txt
writing entry points to ../../build/rov_control_system/rov_control_system.egg-info/entry_points.txt
writing requirements to ../../build/rov_control_system/rov_control_system.egg-info/requires.txt
writing top-level names to ../../build/rov_control_system/rov_control_system.egg-info/top_level.txt
writing manifest file '../../build/rov_control_system/rov_control_system.egg-info/SOURCES.txt'
reading manifest file '../../build/rov_control_system/rov_control_system.egg-info/SOURCES.txt'
adding license file 'LICENSE'
writing manifest file '../../build/rov_control_system/rov_control_system.egg-info/SOURCES.txt'
running build
running build_py
creating /home/rafiq/Desktop/ROV_control_system/build/rov_control_system/build
creating /home/rafiq/Desktop/ROV_control_system/build/rov_control_system/build/lib
creating /home/rafiq/Desktop/ROV_control_system/build/rov_control_system/build/lib/rov_control_system
copying rov_control_system/PCA.py -> /home/rafiq/Desktop/ROV_control_system/build/rov_control_system/build/lib/rov_control_system
copying rov_control_system/joystick.py -> /home/rafiq/Desktop/ROV_control_system/build/rov_control_system/build/lib/rov_control_system
copying rov_control_system/navigation.py -> /home/rafiq/Desktop/ROV_control_system/build/rov_control_system/build/lib/rov_control_system
copying rov_control_system/__init__.py -> /home/rafiq/Desktop/ROV_control_system/build/rov_control_system/build/lib/rov_control_system
copying rov_control_system/thrusters.py -> /home/rafiq/Desktop/ROV_control_system/build/rov_control_system/build/lib/rov_control_system
running install
running install_lib
creating /home/rafiq/Desktop/ROV_control_system/install/rov_control_system/lib/python3.10/site-packages/rov_control_system
copying /home/rafiq/Desktop/ROV_control_system/build/rov_control_system/build/lib/rov_control_system/PCA.py -> /home/rafiq/Desktop/ROV_control_system/install/rov_control_system/lib/python3.10/site-packages/rov_control_system
copying /home/rafiq/Desktop/ROV_control_system/build/rov_control_system/build/lib/rov_control_system/joystick.py -> /home/rafiq/Desktop/ROV_control_system/install/rov_control_system/lib/python3.10/site-packages/rov_control_system
copying /home/rafiq/Desktop/ROV_control_system/build/rov_control_system/build/lib/rov_control_system/navigation.py -> /home/rafiq/Desktop/ROV_control_system/install/rov_control_system/lib/python3.10/site-packages/rov_control_system
copying /home/rafiq/Desktop/ROV_control_system/build/rov_control_system/build/lib/rov_control_system/__init__.py -> /home/rafiq/Desktop/ROV_control_system/install/rov_control_system/lib/python3.10/site-packages/rov_control_system
copying /home/rafiq/Desktop/ROV_control_system/build/rov_control_system/build/lib/rov_control_system/thrusters.py -> /home/rafiq/Desktop/ROV_control_system/install/rov_control_system/lib/python3.10/site-packages/rov_control_system
byte-compiling /home/rafiq/Desktop/ROV_control_system/install/rov_control_system/lib/python3.10/site-packages/rov_control_system/PCA.py to PCA.cpython-310.pyc
byte-compiling /home/rafiq/Desktop/ROV_control_system/install/rov_control_system/lib/python3.10/site-packages/rov_control_system/joystick.py to joystick.cpython-310.pyc
byte-compiling /home/rafiq/Desktop/ROV_control_system/install/rov_control_system/lib/python3.10/site-packages/rov_control_system/navigation.py to navigation.cpython-310.pyc
byte-compiling /home/rafiq/Desktop/ROV_control_system/install/rov_control_system/lib/python3.10/site-packages/rov_control_system/__init__.py to __init__.cpython-310.pyc
byte-compiling /home/rafiq/Desktop/ROV_control_system/install/rov_control_system/lib/python3.10/site-packages/rov_control_system/thrusters.py to thrusters.cpython-310.pyc
running install_data
creating /home/rafiq/Desktop/ROV_control_system/install/rov_control_system/share/ament_index
creating /home/rafiq/Desktop/ROV_control_system/install/rov_control_system/share/ament_index/resource_index
creating /home/rafiq/Desktop/ROV_control_system/install/rov_control_system/share/ament_index/resource_index/packages
copying resource/rov_control_system -> /home/rafiq/Desktop/ROV_control_system/install/rov_control_system/share/ament_index/resource_index/packages
copying package.xml -> /home/rafiq/Desktop/ROV_control_system/install/rov_control_system/share/rov_control_system
running install_egg_info
Copying ../../build/rov_control_system/rov_control_system.egg-info to /home/rafiq/Desktop/ROV_control_system/install/rov_control_system/lib/python3.10/site-packages/rov_control_system-0.0.0-py3.10.egg-info
running install_scripts
Installing joystick script to /home/rafiq/Desktop/ROV_control_system/install/rov_control_system/lib/rov_control_system
Installing navigation script to /home/rafiq/Desktop/ROV_control_system/install/rov_control_system/lib/rov_control_system
Installing pca script to /home/rafiq/Desktop/ROV_control_system/install/rov_control_system/lib/rov_control_system
Installing thrusters script to /home/rafiq/Desktop/ROV_control_system/install/rov_control_system/lib/rov_control_system
writing list of installed files to '/home/rafiq/Desktop/ROV_control_system/build/rov_control_system/install.log'
