[0.535s] Invoking command in '/home/rafiq/Desktop/ROV_control_system/src/rov_control_system': PYTHONPATH=/home/rafiq/Desktop/ROV_control_system/build/rov_control_system/prefix_override:/usr/lib/python3/dist-packages/colcon_core/task/python/colcon_distutils_commands:/home/rafiq/Desktop/ROV_control_system/install/rov_control_system/lib/python3.10/site-packages:${PYTHONPATH} /usr/bin/python3 -W ignore:setup.py install is deprecated -W ignore:easy_install command is deprecated setup.py egg_info --egg-base ../../build/rov_control_system build --build-base /home/rafiq/Desktop/ROV_control_system/build/rov_control_system/build install --record /home/rafiq/Desktop/ROV_control_system/build/rov_control_system/install.log --single-version-externally-managed install_data
[0.682s] running egg_info
[0.683s] creating ../../build/rov_control_system/rov_control_system.egg-info
[0.683s] writing ../../build/rov_control_system/rov_control_system.egg-info/PKG-INFO
[0.684s] writing dependency_links to ../../build/rov_control_system/rov_control_system.egg-info/dependency_links.txt
[0.684s] writing entry points to ../../build/rov_control_system/rov_control_system.egg-info/entry_points.txt
[0.684s] writing requirements to ../../build/rov_control_system/rov_control_system.egg-info/requires.txt
[0.684s] writing top-level names to ../../build/rov_control_system/rov_control_system.egg-info/top_level.txt
[0.684s] writing manifest file '../../build/rov_control_system/rov_control_system.egg-info/SOURCES.txt'
[0.685s] reading manifest file '../../build/rov_control_system/rov_control_system.egg-info/SOURCES.txt'
[0.685s] adding license file 'LICENSE'
[0.685s] writing manifest file '../../build/rov_control_system/rov_control_system.egg-info/SOURCES.txt'
[0.685s] running build
[0.686s] running build_py
[0.687s] creating /home/rafiq/Desktop/ROV_control_system/build/rov_control_system/build
[0.687s] creating /home/rafiq/Desktop/ROV_control_system/build/rov_control_system/build/lib
[0.687s] creating /home/rafiq/Desktop/ROV_control_system/build/rov_control_system/build/lib/rov_control_system
[0.687s] copying rov_control_system/PCA.py -> /home/rafiq/Desktop/ROV_control_system/build/rov_control_system/build/lib/rov_control_system
[0.687s] copying rov_control_system/joystick.py -> /home/rafiq/Desktop/ROV_control_system/build/rov_control_system/build/lib/rov_control_system
[0.687s] copying rov_control_system/navigation.py -> /home/rafiq/Desktop/ROV_control_system/build/rov_control_system/build/lib/rov_control_system
[0.687s] copying rov_control_system/__init__.py -> /home/rafiq/Desktop/ROV_control_system/build/rov_control_system/build/lib/rov_control_system
[0.687s] copying rov_control_system/thrusters.py -> /home/rafiq/Desktop/ROV_control_system/build/rov_control_system/build/lib/rov_control_system
[0.687s] running install
[0.687s] running install_lib
[0.689s] creating /home/rafiq/Desktop/ROV_control_system/install/rov_control_system/lib/python3.10/site-packages/rov_control_system
[0.689s] copying /home/rafiq/Desktop/ROV_control_system/build/rov_control_system/build/lib/rov_control_system/PCA.py -> /home/rafiq/Desktop/ROV_control_system/install/rov_control_system/lib/python3.10/site-packages/rov_control_system
[0.689s] copying /home/rafiq/Desktop/ROV_control_system/build/rov_control_system/build/lib/rov_control_system/joystick.py -> /home/rafiq/Desktop/ROV_control_system/install/rov_control_system/lib/python3.10/site-packages/rov_control_system
[0.689s] copying /home/rafiq/Desktop/ROV_control_system/build/rov_control_system/build/lib/rov_control_system/navigation.py -> /home/rafiq/Desktop/ROV_control_system/install/rov_control_system/lib/python3.10/site-packages/rov_control_system
[0.689s] copying /home/rafiq/Desktop/ROV_control_system/build/rov_control_system/build/lib/rov_control_system/__init__.py -> /home/rafiq/Desktop/ROV_control_system/install/rov_control_system/lib/python3.10/site-packages/rov_control_system
[0.689s] copying /home/rafiq/Desktop/ROV_control_system/build/rov_control_system/build/lib/rov_control_system/thrusters.py -> /home/rafiq/Desktop/ROV_control_system/install/rov_control_system/lib/python3.10/site-packages/rov_control_system
[0.690s] byte-compiling /home/rafiq/Desktop/ROV_control_system/install/rov_control_system/lib/python3.10/site-packages/rov_control_system/PCA.py to PCA.cpython-310.pyc
[0.690s] byte-compiling /home/rafiq/Desktop/ROV_control_system/install/rov_control_system/lib/python3.10/site-packages/rov_control_system/joystick.py to joystick.cpython-310.pyc
[0.690s] byte-compiling /home/rafiq/Desktop/ROV_control_system/install/rov_control_system/lib/python3.10/site-packages/rov_control_system/navigation.py to navigation.cpython-310.pyc
[0.691s] byte-compiling /home/rafiq/Desktop/ROV_control_system/install/rov_control_system/lib/python3.10/site-packages/rov_control_system/__init__.py to __init__.cpython-310.pyc
[0.691s] byte-compiling /home/rafiq/Desktop/ROV_control_system/install/rov_control_system/lib/python3.10/site-packages/rov_control_system/thrusters.py to thrusters.cpython-310.pyc
[0.691s] running install_data
[0.691s] creating /home/rafiq/Desktop/ROV_control_system/install/rov_control_system/share/ament_index
[0.691s] creating /home/rafiq/Desktop/ROV_control_system/install/rov_control_system/share/ament_index/resource_index
[0.691s] creating /home/rafiq/Desktop/ROV_control_system/install/rov_control_system/share/ament_index/resource_index/packages
[0.691s] copying resource/rov_control_system -> /home/rafiq/Desktop/ROV_control_system/install/rov_control_system/share/ament_index/resource_index/packages
[0.691s] copying package.xml -> /home/rafiq/Desktop/ROV_control_system/install/rov_control_system/share/rov_control_system
[0.691s] running install_egg_info
[0.693s] Copying ../../build/rov_control_system/rov_control_system.egg-info to /home/rafiq/Desktop/ROV_control_system/install/rov_control_system/lib/python3.10/site-packages/rov_control_system-0.0.0-py3.10.egg-info
[0.693s] running install_scripts
[0.707s] Installing joystick script to /home/rafiq/Desktop/ROV_control_system/install/rov_control_system/lib/rov_control_system
[0.707s] Installing navigation script to /home/rafiq/Desktop/ROV_control_system/install/rov_control_system/lib/rov_control_system
[0.707s] Installing pca script to /home/rafiq/Desktop/ROV_control_system/install/rov_control_system/lib/rov_control_system
[0.707s] Installing thrusters script to /home/rafiq/Desktop/ROV_control_system/install/rov_control_system/lib/rov_control_system
[0.707s] writing list of installed files to '/home/rafiq/Desktop/ROV_control_system/build/rov_control_system/install.log'
[0.723s] Invoked command in '/home/rafiq/Desktop/ROV_control_system/src/rov_control_system' returned '0': PYTHONPATH=/home/rafiq/Desktop/ROV_control_system/build/rov_control_system/prefix_override:/usr/lib/python3/dist-packages/colcon_core/task/python/colcon_distutils_commands:/home/rafiq/Desktop/ROV_control_system/install/rov_control_system/lib/python3.10/site-packages:${PYTHONPATH} /usr/bin/python3 -W ignore:setup.py install is deprecated -W ignore:easy_install command is deprecated setup.py egg_info --egg-base ../../build/rov_control_system build --build-base /home/rafiq/Desktop/ROV_control_system/build/rov_control_system/build install --record /home/rafiq/Desktop/ROV_control_system/build/rov_control_system/install.log --single-version-externally-managed install_data
