[0.317s] DEBUG:colcon:Command line arguments: ['/usr/bin/colcon', 'build']
[0.317s] DEBUG:colcon:Parsed command line arguments: Namespace(log_base=None, log_level=None, verb_name='build', build_base='build', install_base='install', merge_install=False, symlink_install=False, test_result_base=None, continue_on_error=False, executor='parallel', parallel_workers=20, event_handlers=None, ignore_user_meta=False, metas=['./colcon.meta'], base_paths=['.'], packages_ignore=None, packages_ignore_regex=None, paths=None, packages_up_to=None, packages_up_to_regex=None, packages_above=None, packages_above_and_dependencies=None, packages_above_depth=None, packages_select_by_dep=None, packages_skip_by_dep=None, packages_skip_up_to=None, packages_select_build_failed=False, packages_skip_build_finished=False, packages_select_test_failures=False, packages_skip_test_passed=False, packages_select=None, packages_skip=None, packages_select_regex=None, packages_skip_regex=None, packages_start=None, packages_end=None, allow_overriding=[], cmake_args=None, cmake_target=None, cmake_target_skip_unavailable=False, cmake_clean_cache=False, cmake_clean_first=False, cmake_force_configure=False, ament_cmake_args=None, catkin_cmake_args=None, catkin_skip_building_tests=False, mixin_files=None, mixin=None, verb_parser=<colcon_mixin.mixin.mixin_argument.MixinArgumentDecorator object at 0x707365d3d3c0>, verb_extension=<colcon_core.verb.build.BuildVerb object at 0x707365d3ce50>, main=<bound method BuildVerb.main of <colcon_core.verb.build.BuildVerb object at 0x707365d3ce50>>, mixin_verb=('build',))
[0.469s] Level 1:colcon.colcon_core.package_discovery:discover_packages(colcon_meta) check parameters
[0.469s] Level 1:colcon.colcon_core.package_discovery:discover_packages(recursive) check parameters
[0.469s] Level 1:colcon.colcon_core.package_discovery:discover_packages(ignore) check parameters
[0.469s] Level 1:colcon.colcon_core.package_discovery:discover_packages(path) check parameters
[0.469s] Level 1:colcon.colcon_core.package_discovery:discover_packages(colcon_meta) discover
[0.469s] Level 1:colcon.colcon_core.package_discovery:discover_packages(recursive) discover
[0.469s] INFO:colcon.colcon_core.package_discovery:Crawling recursively for packages in '/home/rafiq/ros_adv'
[0.469s] Level 1:colcon.colcon_core.package_identification:_identify(.) by extensions ['ignore', 'ignore_ament_install']
[0.469s] Level 1:colcon.colcon_core.package_identification:_identify(.) by extension 'ignore'
[0.469s] Level 1:colcon.colcon_core.package_identification:_identify(.) by extension 'ignore_ament_install'
[0.469s] Level 1:colcon.colcon_core.package_identification:_identify(.) by extensions ['colcon_pkg']
[0.469s] Level 1:colcon.colcon_core.package_identification:_identify(.) by extension 'colcon_pkg'
[0.469s] Level 1:colcon.colcon_core.package_identification:_identify(.) by extensions ['colcon_meta']
[0.469s] Level 1:colcon.colcon_core.package_identification:_identify(.) by extension 'colcon_meta'
[0.469s] Level 1:colcon.colcon_core.package_identification:_identify(.) by extensions ['ros']
[0.469s] Level 1:colcon.colcon_core.package_identification:_identify(.) by extension 'ros'
[0.481s] Level 1:colcon.colcon_core.package_identification:_identify(.) by extensions ['cmake', 'python']
[0.481s] Level 1:colcon.colcon_core.package_identification:_identify(.) by extension 'cmake'
[0.481s] Level 1:colcon.colcon_core.package_identification:_identify(.) by extension 'python'
[0.481s] Level 1:colcon.colcon_core.package_identification:_identify(.) by extensions ['python_setup_py']
[0.481s] Level 1:colcon.colcon_core.package_identification:_identify(.) by extension 'python_setup_py'
[0.481s] Level 1:colcon.colcon_core.package_identification:_identify(build) by extensions ['ignore', 'ignore_ament_install']
[0.481s] Level 1:colcon.colcon_core.package_identification:_identify(build) by extension 'ignore'
[0.481s] Level 1:colcon.colcon_core.package_identification:_identify(build) ignored
[0.481s] Level 1:colcon.colcon_core.package_identification:_identify(install) by extensions ['ignore', 'ignore_ament_install']
[0.482s] Level 1:colcon.colcon_core.package_identification:_identify(install) by extension 'ignore'
[0.482s] Level 1:colcon.colcon_core.package_identification:_identify(install) ignored
[0.482s] Level 1:colcon.colcon_core.package_identification:_identify(log) by extensions ['ignore', 'ignore_ament_install']
[0.482s] Level 1:colcon.colcon_core.package_identification:_identify(log) by extension 'ignore'
[0.482s] Level 1:colcon.colcon_core.package_identification:_identify(log) ignored
[0.482s] Level 1:colcon.colcon_core.package_identification:_identify(src) by extensions ['ignore', 'ignore_ament_install']
[0.482s] Level 1:colcon.colcon_core.package_identification:_identify(src) by extension 'ignore'
[0.482s] Level 1:colcon.colcon_core.package_identification:_identify(src) by extension 'ignore_ament_install'
[0.482s] Level 1:colcon.colcon_core.package_identification:_identify(src) by extensions ['colcon_pkg']
[0.482s] Level 1:colcon.colcon_core.package_identification:_identify(src) by extension 'colcon_pkg'
[0.482s] Level 1:colcon.colcon_core.package_identification:_identify(src) by extensions ['colcon_meta']
[0.482s] Level 1:colcon.colcon_core.package_identification:_identify(src) by extension 'colcon_meta'
[0.482s] Level 1:colcon.colcon_core.package_identification:_identify(src) by extensions ['ros']
[0.482s] Level 1:colcon.colcon_core.package_identification:_identify(src) by extension 'ros'
[0.482s] Level 1:colcon.colcon_core.package_identification:_identify(src) by extensions ['cmake', 'python']
[0.482s] Level 1:colcon.colcon_core.package_identification:_identify(src) by extension 'cmake'
[0.482s] Level 1:colcon.colcon_core.package_identification:_identify(src) by extension 'python'
[0.482s] Level 1:colcon.colcon_core.package_identification:_identify(src) by extensions ['python_setup_py']
[0.482s] Level 1:colcon.colcon_core.package_identification:_identify(src) by extension 'python_setup_py'
[0.482s] Level 1:colcon.colcon_core.package_identification:_identify(src/interfaces) by extensions ['ignore', 'ignore_ament_install']
[0.482s] Level 1:colcon.colcon_core.package_identification:_identify(src/interfaces) by extension 'ignore'
[0.483s] Level 1:colcon.colcon_core.package_identification:_identify(src/interfaces) by extension 'ignore_ament_install'
[0.483s] Level 1:colcon.colcon_core.package_identification:_identify(src/interfaces) by extensions ['colcon_pkg']
[0.483s] Level 1:colcon.colcon_core.package_identification:_identify(src/interfaces) by extension 'colcon_pkg'
[0.483s] Level 1:colcon.colcon_core.package_identification:_identify(src/interfaces) by extensions ['colcon_meta']
[0.483s] Level 1:colcon.colcon_core.package_identification:_identify(src/interfaces) by extension 'colcon_meta'
[0.483s] Level 1:colcon.colcon_core.package_identification:_identify(src/interfaces) by extensions ['ros']
[0.483s] Level 1:colcon.colcon_core.package_identification:_identify(src/interfaces) by extension 'ros'
[0.488s] DEBUG:colcon.colcon_core.package_identification:Package 'src/interfaces' with type 'ros.ament_cmake' and name 'interfaces'
[0.488s] Level 1:colcon.colcon_core.package_identification:_identify(src/multi_sensor_validator) by extensions ['ignore', 'ignore_ament_install']
[0.488s] Level 1:colcon.colcon_core.package_identification:_identify(src/multi_sensor_validator) by extension 'ignore'
[0.488s] Level 1:colcon.colcon_core.package_identification:_identify(src/multi_sensor_validator) by extension 'ignore_ament_install'
[0.488s] Level 1:colcon.colcon_core.package_identification:_identify(src/multi_sensor_validator) by extensions ['colcon_pkg']
[0.488s] Level 1:colcon.colcon_core.package_identification:_identify(src/multi_sensor_validator) by extension 'colcon_pkg'
[0.488s] Level 1:colcon.colcon_core.package_identification:_identify(src/multi_sensor_validator) by extensions ['colcon_meta']
[0.488s] Level 1:colcon.colcon_core.package_identification:_identify(src/multi_sensor_validator) by extension 'colcon_meta'
[0.489s] Level 1:colcon.colcon_core.package_identification:_identify(src/multi_sensor_validator) by extensions ['ros']
[0.489s] Level 1:colcon.colcon_core.package_identification:_identify(src/multi_sensor_validator) by extension 'ros'
[0.491s] DEBUG:colcon.colcon_core.package_identification:Package 'src/multi_sensor_validator' with type 'ros.ament_python' and name 'multi_sensor_validator'
[0.491s] Level 1:colcon.colcon_core.package_discovery:discover_packages(recursive) using defaults
[0.491s] Level 1:colcon.colcon_core.package_discovery:discover_packages(ignore) discover
[0.491s] Level 1:colcon.colcon_core.package_discovery:discover_packages(ignore) using defaults
[0.491s] Level 1:colcon.colcon_core.package_discovery:discover_packages(path) discover
[0.491s] Level 1:colcon.colcon_core.package_discovery:discover_packages(path) using defaults
[0.519s] Level 1:colcon.colcon_core.package_discovery:discover_packages(prefix_path) check parameters
[0.520s] Level 1:colcon.colcon_core.package_discovery:discover_packages(prefix_path) discover
[0.522s] DEBUG:colcon.colcon_installed_package_information.package_discovery:Found 271 installed packages in /opt/ros/humble
[0.523s] Level 1:colcon.colcon_core.package_discovery:discover_packages(prefix_path) using defaults
[0.558s] Level 5:colcon.colcon_core.verb:set package 'interfaces' build argument 'cmake_args' from command line to 'None'
[0.558s] Level 5:colcon.colcon_core.verb:set package 'interfaces' build argument 'cmake_target' from command line to 'None'
[0.558s] Level 5:colcon.colcon_core.verb:set package 'interfaces' build argument 'cmake_target_skip_unavailable' from command line to 'False'
[0.558s] Level 5:colcon.colcon_core.verb:set package 'interfaces' build argument 'cmake_clean_cache' from command line to 'False'
[0.558s] Level 5:colcon.colcon_core.verb:set package 'interfaces' build argument 'cmake_clean_first' from command line to 'False'
[0.558s] Level 5:colcon.colcon_core.verb:set package 'interfaces' build argument 'cmake_force_configure' from command line to 'False'
[0.558s] Level 5:colcon.colcon_core.verb:set package 'interfaces' build argument 'ament_cmake_args' from command line to 'None'
[0.558s] Level 5:colcon.colcon_core.verb:set package 'interfaces' build argument 'catkin_cmake_args' from command line to 'None'
[0.558s] Level 5:colcon.colcon_core.verb:set package 'interfaces' build argument 'catkin_skip_building_tests' from command line to 'False'
[0.558s] DEBUG:colcon.colcon_core.verb:Building package 'interfaces' with the following arguments: {'ament_cmake_args': None, 'build_base': '/home/rafiq/ros_adv/build/interfaces', 'catkin_cmake_args': None, 'catkin_skip_building_tests': False, 'cmake_args': None, 'cmake_clean_cache': False, 'cmake_clean_first': False, 'cmake_force_configure': False, 'cmake_target': None, 'cmake_target_skip_unavailable': False, 'install_base': '/home/rafiq/ros_adv/install/interfaces', 'merge_install': False, 'path': '/home/rafiq/ros_adv/src/interfaces', 'symlink_install': False, 'test_result_base': None}
[0.558s] Level 5:colcon.colcon_core.verb:set package 'multi_sensor_validator' build argument 'cmake_args' from command line to 'None'
[0.558s] Level 5:colcon.colcon_core.verb:set package 'multi_sensor_validator' build argument 'cmake_target' from command line to 'None'
[0.558s] Level 5:colcon.colcon_core.verb:set package 'multi_sensor_validator' build argument 'cmake_target_skip_unavailable' from command line to 'False'
[0.558s] Level 5:colcon.colcon_core.verb:set package 'multi_sensor_validator' build argument 'cmake_clean_cache' from command line to 'False'
[0.558s] Level 5:colcon.colcon_core.verb:set package 'multi_sensor_validator' build argument 'cmake_clean_first' from command line to 'False'
[0.558s] Level 5:colcon.colcon_core.verb:set package 'multi_sensor_validator' build argument 'cmake_force_configure' from command line to 'False'
[0.558s] Level 5:colcon.colcon_core.verb:set package 'multi_sensor_validator' build argument 'ament_cmake_args' from command line to 'None'
[0.559s] Level 5:colcon.colcon_core.verb:set package 'multi_sensor_validator' build argument 'catkin_cmake_args' from command line to 'None'
[0.559s] Level 5:colcon.colcon_core.verb:set package 'multi_sensor_validator' build argument 'catkin_skip_building_tests' from command line to 'False'
[0.559s] DEBUG:colcon.colcon_core.verb:Building package 'multi_sensor_validator' with the following arguments: {'ament_cmake_args': None, 'build_base': '/home/rafiq/ros_adv/build/multi_sensor_validator', 'catkin_cmake_args': None, 'catkin_skip_building_tests': False, 'cmake_args': None, 'cmake_clean_cache': False, 'cmake_clean_first': False, 'cmake_force_configure': False, 'cmake_target': None, 'cmake_target_skip_unavailable': False, 'install_base': '/home/rafiq/ros_adv/install/multi_sensor_validator', 'merge_install': False, 'path': '/home/rafiq/ros_adv/src/multi_sensor_validator', 'symlink_install': False, 'test_result_base': None}
[0.559s] INFO:colcon.colcon_core.executor:Executing jobs using 'parallel' executor
[0.560s] DEBUG:colcon.colcon_parallel_executor.executor.parallel:run_until_complete
[0.560s] INFO:colcon.colcon_ros.task.ament_cmake.build:Building ROS package in '/home/rafiq/ros_adv/src/interfaces' with build type 'ament_cmake'
[0.560s] INFO:colcon.colcon_cmake.task.cmake.build:Building CMake package in '/home/rafiq/ros_adv/src/interfaces'
[0.563s] INFO:colcon.colcon_core.plugin_system:Skipping extension 'colcon_core.shell.bat': Not used on non-Windows systems
[0.564s] INFO:colcon.colcon_core.shell:Skip shell extension 'powershell' for command environment: Not usable outside of PowerShell
[0.564s] DEBUG:colcon.colcon_core.shell:Skip shell extension 'dsv' for command environment
[0.567s] INFO:colcon.colcon_ros.task.ament_python.build:Building ROS package in '/home/rafiq/ros_adv/src/multi_sensor_validator' with build type 'ament_python'
[0.568s] Level 1:colcon.colcon_core.shell:create_environment_hook('multi_sensor_validator', 'ament_prefix_path')
[0.568s] INFO:colcon.colcon_core.shell:Creating environment hook '/home/rafiq/ros_adv/install/multi_sensor_validator/share/multi_sensor_validator/hook/ament_prefix_path.ps1'
[0.569s] INFO:colcon.colcon_core.shell:Creating environment descriptor '/home/rafiq/ros_adv/install/multi_sensor_validator/share/multi_sensor_validator/hook/ament_prefix_path.dsv'
[0.572s] INFO:colcon.colcon_core.shell:Creating environment hook '/home/rafiq/ros_adv/install/multi_sensor_validator/share/multi_sensor_validator/hook/ament_prefix_path.sh'
[0.573s] INFO:colcon.colcon_core.shell:Skip shell extension 'powershell' for command environment: Not usable outside of PowerShell
[0.573s] DEBUG:colcon.colcon_core.shell:Skip shell extension 'dsv' for command environment
[0.865s] INFO:colcon.colcon_core.task.python.build:Building Python package in '/home/rafiq/ros_adv/src/multi_sensor_validator'
[0.865s] INFO:colcon.colcon_core.shell:Skip shell extension 'powershell' for command environment: Not usable outside of PowerShell
[0.865s] DEBUG:colcon.colcon_core.shell:Skip shell extension 'dsv' for command environment
[0.881s] DEBUG:colcon.colcon_core.event_handler.log_command:Invoking command in '/home/rafiq/ros_adv/build/interfaces': CMAKE_PREFIX_PATH=/opt/ros/humble /usr/bin/cmake --build /home/rafiq/ros_adv/build/interfaces -- -j20 -l20
[1.374s] DEBUG:colcon.colcon_core.event_handler.log_command:Invoking command in '/home/rafiq/ros_adv/src/multi_sensor_validator': PYTHONPATH=/home/rafiq/ros_adv/build/multi_sensor_validator/prefix_override:/usr/lib/python3/dist-packages/colcon_core/task/python/colcon_distutils_commands:/home/rafiq/ros_adv/install/multi_sensor_validator/lib/python3.10/site-packages:${PYTHONPATH} /usr/bin/python3 -W ignore:setup.py install is deprecated -W ignore:easy_install command is deprecated setup.py egg_info --egg-base ../../build/multi_sensor_validator build --build-base /home/rafiq/ros_adv/build/multi_sensor_validator/build install --record /home/rafiq/ros_adv/build/multi_sensor_validator/install.log --single-version-externally-managed install_data
[1.376s] DEBUG:colcon.colcon_core.event_handler.log_command:Invoked command in '/home/rafiq/ros_adv/build/interfaces' returned '0': CMAKE_PREFIX_PATH=/opt/ros/humble /usr/bin/cmake --build /home/rafiq/ros_adv/build/interfaces -- -j20 -l20
[1.388s] DEBUG:colcon.colcon_core.event_handler.log_command:Invoking command in '/home/rafiq/ros_adv/build/interfaces': CMAKE_PREFIX_PATH=/opt/ros/humble /usr/bin/cmake --install /home/rafiq/ros_adv/build/interfaces
[1.468s] Level 1:colcon.colcon_core.environment:create_environment_scripts_only(interfaces)
[1.469s] DEBUG:colcon.colcon_core.event_handler.log_command:Invoked command in '/home/rafiq/ros_adv/build/interfaces' returned '0': CMAKE_PREFIX_PATH=/opt/ros/humble /usr/bin/cmake --install /home/rafiq/ros_adv/build/interfaces
[1.471s] Level 1:colcon.colcon_core.environment:checking '/home/rafiq/ros_adv/install/interfaces' for CMake module files
[1.472s] Level 1:colcon.colcon_core.environment:checking '/home/rafiq/ros_adv/install/interfaces' for CMake config files
[1.473s] Level 1:colcon.colcon_core.shell:create_environment_hook('interfaces', 'cmake_prefix_path')
[1.473s] INFO:colcon.colcon_core.shell:Creating environment hook '/home/rafiq/ros_adv/install/interfaces/share/interfaces/hook/cmake_prefix_path.ps1'
[1.474s] INFO:colcon.colcon_core.shell:Creating environment descriptor '/home/rafiq/ros_adv/install/interfaces/share/interfaces/hook/cmake_prefix_path.dsv'
[1.474s] INFO:colcon.colcon_core.shell:Creating environment hook '/home/rafiq/ros_adv/install/interfaces/share/interfaces/hook/cmake_prefix_path.sh'
[1.475s] Level 1:colcon.colcon_core.environment:checking '/home/rafiq/ros_adv/install/interfaces/lib'
[1.475s] Level 1:colcon.colcon_core.shell:create_environment_hook('interfaces', 'ld_library_path_lib')
[1.476s] INFO:colcon.colcon_core.shell:Creating environment hook '/home/rafiq/ros_adv/install/interfaces/share/interfaces/hook/ld_library_path_lib.ps1'
[1.476s] INFO:colcon.colcon_core.shell:Creating environment descriptor '/home/rafiq/ros_adv/install/interfaces/share/interfaces/hook/ld_library_path_lib.dsv'
[1.477s] INFO:colcon.colcon_core.shell:Creating environment hook '/home/rafiq/ros_adv/install/interfaces/share/interfaces/hook/ld_library_path_lib.sh'
[1.478s] Level 1:colcon.colcon_core.environment:checking '/home/rafiq/ros_adv/install/interfaces/bin'
[1.478s] Level 1:colcon.colcon_core.environment:checking '/home/rafiq/ros_adv/install/interfaces/lib/pkgconfig/interfaces.pc'
[1.478s] Level 1:colcon.colcon_core.environment:checking '/home/rafiq/ros_adv/install/interfaces/lib/python3.10/site-packages'
[1.478s] Level 1:colcon.colcon_core.environment:checking '/home/rafiq/ros_adv/install/interfaces/bin'
[1.479s] INFO:colcon.colcon_core.shell:Creating package script '/home/rafiq/ros_adv/install/interfaces/share/interfaces/package.ps1'
[1.480s] INFO:colcon.colcon_core.shell:Creating package descriptor '/home/rafiq/ros_adv/install/interfaces/share/interfaces/package.dsv'
[1.481s] INFO:colcon.colcon_core.shell:Creating package script '/home/rafiq/ros_adv/install/interfaces/share/interfaces/package.sh'
[1.482s] INFO:colcon.colcon_core.shell:Creating package script '/home/rafiq/ros_adv/install/interfaces/share/interfaces/package.bash'
[1.484s] INFO:colcon.colcon_core.shell:Creating package script '/home/rafiq/ros_adv/install/interfaces/share/interfaces/package.zsh'
[1.485s] Level 1:colcon.colcon_core.environment:create_file_with_runtime_dependencies(/home/rafiq/ros_adv/install/interfaces/share/colcon-core/packages/interfaces)
[1.486s] Level 1:colcon.colcon_core.environment:create_environment_scripts_only(interfaces)
[1.487s] Level 1:colcon.colcon_core.environment:checking '/home/rafiq/ros_adv/install/interfaces' for CMake module files
[1.488s] Level 1:colcon.colcon_core.environment:checking '/home/rafiq/ros_adv/install/interfaces' for CMake config files
[1.488s] Level 1:colcon.colcon_core.shell:create_environment_hook('interfaces', 'cmake_prefix_path')
[1.488s] INFO:colcon.colcon_core.shell:Creating environment hook '/home/rafiq/ros_adv/install/interfaces/share/interfaces/hook/cmake_prefix_path.ps1'
[1.489s] INFO:colcon.colcon_core.shell:Creating environment descriptor '/home/rafiq/ros_adv/install/interfaces/share/interfaces/hook/cmake_prefix_path.dsv'
[1.489s] INFO:colcon.colcon_core.shell:Creating environment hook '/home/rafiq/ros_adv/install/interfaces/share/interfaces/hook/cmake_prefix_path.sh'
[1.490s] Level 1:colcon.colcon_core.environment:checking '/home/rafiq/ros_adv/install/interfaces/lib'
[1.490s] Level 1:colcon.colcon_core.shell:create_environment_hook('interfaces', 'ld_library_path_lib')
[1.491s] INFO:colcon.colcon_core.shell:Creating environment hook '/home/rafiq/ros_adv/install/interfaces/share/interfaces/hook/ld_library_path_lib.ps1'
[1.491s] INFO:colcon.colcon_core.shell:Creating environment descriptor '/home/rafiq/ros_adv/install/interfaces/share/interfaces/hook/ld_library_path_lib.dsv'
[1.492s] INFO:colcon.colcon_core.shell:Creating environment hook '/home/rafiq/ros_adv/install/interfaces/share/interfaces/hook/ld_library_path_lib.sh'
[1.492s] Level 1:colcon.colcon_core.environment:checking '/home/rafiq/ros_adv/install/interfaces/bin'
[1.492s] Level 1:colcon.colcon_core.environment:checking '/home/rafiq/ros_adv/install/interfaces/lib/pkgconfig/interfaces.pc'
[1.493s] Level 1:colcon.colcon_core.environment:checking '/home/rafiq/ros_adv/install/interfaces/lib/python3.10/site-packages'
[1.493s] Level 1:colcon.colcon_core.environment:checking '/home/rafiq/ros_adv/install/interfaces/bin'
[1.493s] INFO:colcon.colcon_core.shell:Creating package script '/home/rafiq/ros_adv/install/interfaces/share/interfaces/package.ps1'
[1.494s] INFO:colcon.colcon_core.shell:Creating package descriptor '/home/rafiq/ros_adv/install/interfaces/share/interfaces/package.dsv'
[1.495s] INFO:colcon.colcon_core.shell:Creating package script '/home/rafiq/ros_adv/install/interfaces/share/interfaces/package.sh'
[1.496s] INFO:colcon.colcon_core.shell:Creating package script '/home/rafiq/ros_adv/install/interfaces/share/interfaces/package.bash'
[1.496s] INFO:colcon.colcon_core.shell:Creating package script '/home/rafiq/ros_adv/install/interfaces/share/interfaces/package.zsh'
[1.497s] Level 1:colcon.colcon_core.environment:create_file_with_runtime_dependencies(/home/rafiq/ros_adv/install/interfaces/share/colcon-core/packages/interfaces)
[1.729s] Level 1:colcon.colcon_core.environment:checking '/home/rafiq/ros_adv/install/multi_sensor_validator' for CMake module files
[1.730s] DEBUG:colcon.colcon_core.event_handler.log_command:Invoked command in '/home/rafiq/ros_adv/src/multi_sensor_validator' returned '0': PYTHONPATH=/home/rafiq/ros_adv/build/multi_sensor_validator/prefix_override:/usr/lib/python3/dist-packages/colcon_core/task/python/colcon_distutils_commands:/home/rafiq/ros_adv/install/multi_sensor_validator/lib/python3.10/site-packages:${PYTHONPATH} /usr/bin/python3 -W ignore:setup.py install is deprecated -W ignore:easy_install command is deprecated setup.py egg_info --egg-base ../../build/multi_sensor_validator build --build-base /home/rafiq/ros_adv/build/multi_sensor_validator/build install --record /home/rafiq/ros_adv/build/multi_sensor_validator/install.log --single-version-externally-managed install_data
[1.730s] Level 1:colcon.colcon_core.environment:checking '/home/rafiq/ros_adv/install/multi_sensor_validator' for CMake config files
[1.731s] Level 1:colcon.colcon_core.environment:checking '/home/rafiq/ros_adv/install/multi_sensor_validator/lib'
[1.731s] Level 1:colcon.colcon_core.environment:checking '/home/rafiq/ros_adv/install/multi_sensor_validator/bin'
[1.731s] Level 1:colcon.colcon_core.environment:checking '/home/rafiq/ros_adv/install/multi_sensor_validator/lib/pkgconfig/multi_sensor_validator.pc'
[1.731s] Level 1:colcon.colcon_core.environment:checking '/home/rafiq/ros_adv/install/multi_sensor_validator/lib/python3.10/site-packages'
[1.731s] Level 1:colcon.colcon_core.shell:create_environment_hook('multi_sensor_validator', 'pythonpath')
[1.731s] INFO:colcon.colcon_core.shell:Creating environment hook '/home/rafiq/ros_adv/install/multi_sensor_validator/share/multi_sensor_validator/hook/pythonpath.ps1'
[1.732s] INFO:colcon.colcon_core.shell:Creating environment descriptor '/home/rafiq/ros_adv/install/multi_sensor_validator/share/multi_sensor_validator/hook/pythonpath.dsv'
[1.732s] INFO:colcon.colcon_core.shell:Creating environment hook '/home/rafiq/ros_adv/install/multi_sensor_validator/share/multi_sensor_validator/hook/pythonpath.sh'
[1.733s] Level 1:colcon.colcon_core.environment:checking '/home/rafiq/ros_adv/install/multi_sensor_validator/bin'
[1.733s] Level 1:colcon.colcon_core.environment:create_environment_scripts_only(multi_sensor_validator)
[1.734s] INFO:colcon.colcon_core.shell:Creating package script '/home/rafiq/ros_adv/install/multi_sensor_validator/share/multi_sensor_validator/package.ps1'
[1.735s] INFO:colcon.colcon_core.shell:Creating package descriptor '/home/rafiq/ros_adv/install/multi_sensor_validator/share/multi_sensor_validator/package.dsv'
[1.735s] INFO:colcon.colcon_core.shell:Creating package script '/home/rafiq/ros_adv/install/multi_sensor_validator/share/multi_sensor_validator/package.sh'
[1.736s] INFO:colcon.colcon_core.shell:Creating package script '/home/rafiq/ros_adv/install/multi_sensor_validator/share/multi_sensor_validator/package.bash'
[1.737s] INFO:colcon.colcon_core.shell:Creating package script '/home/rafiq/ros_adv/install/multi_sensor_validator/share/multi_sensor_validator/package.zsh'
[1.737s] Level 1:colcon.colcon_core.environment:create_file_with_runtime_dependencies(/home/rafiq/ros_adv/install/multi_sensor_validator/share/colcon-core/packages/multi_sensor_validator)
[1.738s] DEBUG:colcon.colcon_parallel_executor.executor.parallel:closing loop
[1.738s] DEBUG:colcon.colcon_parallel_executor.executor.parallel:loop closed
[1.739s] DEBUG:colcon.colcon_parallel_executor.executor.parallel:run_until_complete finished with '0'
[1.739s] DEBUG:colcon.colcon_core.event_reactor:joining thread
[1.808s] INFO:colcon.colcon_core.plugin_system:Skipping extension 'colcon_notification.desktop_notification.notify_send': Could not find 'notify-send'
[1.808s] INFO:colcon.colcon_core.plugin_system:Skipping extension 'colcon_notification.desktop_notification.terminal_notifier': Not used on non-Darwin systems
[1.808s] INFO:colcon.colcon_core.plugin_system:Skipping extension 'colcon_notification.desktop_notification.win32': Not used on non-Windows systems
[1.808s] INFO:colcon.colcon_notification.desktop_notification:Sending desktop notification using 'notify2'
[1.809s] DEBUG:colcon.colcon_notification.desktop_notification.notify2:Failed to initialize notify2: org.freedesktop.DBus.Error.ServiceUnknown: The name org.freedesktop.Notifications was not provided by any .service files
[1.810s] DEBUG:colcon.colcon_core.event_reactor:joined thread
[1.810s] INFO:colcon.colcon_core.shell:Creating prefix script '/home/rafiq/ros_adv/install/local_setup.ps1'
[1.811s] INFO:colcon.colcon_core.shell:Creating prefix util module '/home/rafiq/ros_adv/install/_local_setup_util_ps1.py'
[1.813s] INFO:colcon.colcon_core.shell:Creating prefix chain script '/home/rafiq/ros_adv/install/setup.ps1'
[1.814s] INFO:colcon.colcon_core.shell:Creating prefix script '/home/rafiq/ros_adv/install/local_setup.sh'
[1.814s] INFO:colcon.colcon_core.shell:Creating prefix util module '/home/rafiq/ros_adv/install/_local_setup_util_sh.py'
[1.815s] INFO:colcon.colcon_core.shell:Creating prefix chain script '/home/rafiq/ros_adv/install/setup.sh'
[1.816s] INFO:colcon.colcon_core.shell:Creating prefix script '/home/rafiq/ros_adv/install/local_setup.bash'
[1.817s] INFO:colcon.colcon_core.shell:Creating prefix chain script '/home/rafiq/ros_adv/install/setup.bash'
[1.818s] INFO:colcon.colcon_core.shell:Creating prefix script '/home/rafiq/ros_adv/install/local_setup.zsh'
[1.818s] INFO:colcon.colcon_core.shell:Creating prefix chain script '/home/rafiq/ros_adv/install/setup.zsh'
