[0.030s] Invoking command in '/home/rafiq/ros_adv/build/interfaces': CMAKE_PREFIX_PATH=${CMAKE_PREFIX_PATH}:/home/rafiq/ros_adv/install/multi_sensor_validator:/opt/ros/humble /usr/bin/cmake --build /home/rafiq/ros_adv/build/interfaces -- -j20 -l20
[0.393s] [ 10%] Built target interfaces__rosidl_generator_c
[0.393s] [ 12%] Built target interfaces__cpp
[0.394s] [ 12%] Built target ament_cmake_python_copy_interfaces
[0.394s] [ 23%] Built target interfaces__rosidl_typesupport_c
[0.395s] [ 33%] Built target interfaces__rosidl_typesupport_fastrtps_c
[0.395s] [ 43%] Built target interfaces__rosidl_typesupport_introspection_c
[0.395s] [ 53%] Built target interfaces__rosidl_typesupport_introspection_cpp
[0.395s] [ 64%] Built target interfaces__rosidl_typesupport_fastrtps_cpp
[0.397s] [ 74%] Built target interfaces__rosidl_typesupport_cpp
[0.397s] [ 74%] Built target interfaces
[0.397s] [ 76%] Built target interfaces__py
[0.397s] [ 84%] Built target interfaces__rosidl_generator_py
[0.397s] [ 89%] Built target interfaces__rosidl_typesupport_introspection_c__pyext
[0.397s] [ 94%] Built target interfaces__rosidl_typesupport_fastrtps_c__pyext
[0.397s] [100%] Built target interfaces__rosidl_typesupport_c__pyext
[0.431s] running egg_info
[0.432s] writing interfaces.egg-info/PKG-INFO
[0.432s] writing dependency_links to interfaces.egg-info/dependency_links.txt
[0.432s] writing top-level names to interfaces.egg-info/top_level.txt
[0.435s] reading manifest file 'interfaces.egg-info/SOURCES.txt'
[0.436s] writing manifest file 'interfaces.egg-info/SOURCES.txt'
[0.466s] [100%] Built target ament_cmake_python_build_interfaces_egg
[0.482s] Invoked command in '/home/rafiq/ros_adv/build/interfaces' returned '0': CMAKE_PREFIX_PATH=${CMAKE_PREFIX_PATH}:/home/rafiq/ros_adv/install/multi_sensor_validator:/opt/ros/humble /usr/bin/cmake --build /home/rafiq/ros_adv/build/interfaces -- -j20 -l20
[0.493s] Invoking command in '/home/rafiq/ros_adv/build/interfaces': CMAKE_PREFIX_PATH=${CMAKE_PREFIX_PATH}:/home/rafiq/ros_adv/install/multi_sensor_validator:/opt/ros/humble /usr/bin/cmake --install /home/rafiq/ros_adv/build/interfaces
[0.502s] -- Install configuration: ""
[0.502s] -- Up-to-date: /home/rafiq/ros_adv/install/interfaces/share/ament_index/resource_index/rosidl_interfaces/interfaces
[0.502s] -- Up-to-date: /home/rafiq/ros_adv/install/interfaces/include/interfaces/interfaces
[0.503s] -- Up-to-date: /home/rafiq/ros_adv/install/interfaces/include/interfaces/interfaces/msg
[0.503s] -- Up-to-date: /home/rafiq/ros_adv/install/interfaces/include/interfaces/interfaces/msg/rosidl_generator_c__visibility_control.h
[0.503s] -- Up-to-date: /home/rafiq/ros_adv/install/interfaces/include/interfaces/interfaces/msg/detail
[0.504s] -- Up-to-date: /home/rafiq/ros_adv/install/interfaces/include/interfaces/interfaces/msg/detail/sensor_properties__struct.h
[0.504s] -- Up-to-date: /home/rafiq/ros_adv/install/interfaces/include/interfaces/interfaces/msg/detail/sensor_properties__type_support.h
[0.504s] -- Up-to-date: /home/rafiq/ros_adv/install/interfaces/include/interfaces/interfaces/msg/detail/sensor_properties__functions.c
[0.504s] -- Up-to-date: /home/rafiq/ros_adv/install/interfaces/include/interfaces/interfaces/msg/detail/sensor_properties__functions.h
[0.504s] -- Up-to-date: /home/rafiq/ros_adv/install/interfaces/include/interfaces/interfaces/msg/sensor_properties.h
[0.504s] -- Up-to-date: /home/rafiq/ros_adv/install/interfaces/include/interfaces/interfaces/srv
[0.505s] -- Up-to-date: /home/rafiq/ros_adv/install/interfaces/include/interfaces/interfaces/srv/check_obstacle.h
[0.505s] -- Up-to-date: /home/rafiq/ros_adv/install/interfaces/include/interfaces/interfaces/srv/detail
[0.505s] -- Up-to-date: /home/rafiq/ros_adv/install/interfaces/include/interfaces/interfaces/srv/detail/check_obstacle__type_support.h
[0.505s] -- Up-to-date: /home/rafiq/ros_adv/install/interfaces/include/interfaces/interfaces/srv/detail/check_obstacle__functions.c
[0.505s] -- Up-to-date: /home/rafiq/ros_adv/install/interfaces/include/interfaces/interfaces/srv/detail/check_obstacle__struct.h
[0.505s] -- Up-to-date: /home/rafiq/ros_adv/install/interfaces/include/interfaces/interfaces/srv/detail/check_obstacle__functions.h
[0.506s] -- Up-to-date: /home/rafiq/ros_adv/install/interfaces/share/interfaces/environment/library_path.sh
[0.506s] -- Up-to-date: /home/rafiq/ros_adv/install/interfaces/share/interfaces/environment/library_path.dsv
[0.506s] -- Up-to-date: /home/rafiq/ros_adv/install/interfaces/lib/libinterfaces__rosidl_generator_c.so
[0.506s] -- Up-to-date: /home/rafiq/ros_adv/install/interfaces/include/interfaces/interfaces
[0.506s] -- Up-to-date: /home/rafiq/ros_adv/install/interfaces/include/interfaces/interfaces/msg
[0.506s] -- Up-to-date: /home/rafiq/ros_adv/install/interfaces/include/interfaces/interfaces/msg/detail
[0.507s] -- Up-to-date: /home/rafiq/ros_adv/install/interfaces/include/interfaces/interfaces/msg/detail/sensor_properties__rosidl_typesupport_fastrtps_c.h
[0.507s] -- Up-to-date: /home/rafiq/ros_adv/install/interfaces/include/interfaces/interfaces/msg/rosidl_typesupport_fastrtps_c__visibility_control.h
[0.507s] -- Up-to-date: /home/rafiq/ros_adv/install/interfaces/include/interfaces/interfaces/srv
[0.507s] -- Up-to-date: /home/rafiq/ros_adv/install/interfaces/include/interfaces/interfaces/srv/detail
[0.507s] -- Up-to-date: /home/rafiq/ros_adv/install/interfaces/include/interfaces/interfaces/srv/detail/check_obstacle__rosidl_typesupport_fastrtps_c.h
[0.507s] -- Up-to-date: /home/rafiq/ros_adv/install/interfaces/lib/libinterfaces__rosidl_typesupport_fastrtps_c.so
[0.507s] -- Up-to-date: /home/rafiq/ros_adv/install/interfaces/include/interfaces/interfaces
[0.507s] -- Up-to-date: /home/rafiq/ros_adv/install/interfaces/include/interfaces/interfaces/msg
[0.507s] -- Up-to-date: /home/rafiq/ros_adv/install/interfaces/include/interfaces/interfaces/msg/rosidl_generator_cpp__visibility_control.hpp
[0.507s] -- Up-to-date: /home/rafiq/ros_adv/install/interfaces/include/interfaces/interfaces/msg/sensor_properties.hpp
[0.508s] -- Up-to-date: /home/rafiq/ros_adv/install/interfaces/include/interfaces/interfaces/msg/detail
[0.508s] -- Up-to-date: /home/rafiq/ros_adv/install/interfaces/include/interfaces/interfaces/msg/detail/sensor_properties__type_support.hpp
[0.508s] -- Up-to-date: /home/rafiq/ros_adv/install/interfaces/include/interfaces/interfaces/msg/detail/sensor_properties__struct.hpp
[0.508s] -- Up-to-date: /home/rafiq/ros_adv/install/interfaces/include/interfaces/interfaces/msg/detail/sensor_properties__builder.hpp
[0.508s] -- Up-to-date: /home/rafiq/ros_adv/install/interfaces/include/interfaces/interfaces/msg/detail/sensor_properties__traits.hpp
[0.509s] -- Up-to-date: /home/rafiq/ros_adv/install/interfaces/include/interfaces/interfaces/srv
[0.509s] -- Up-to-date: /home/rafiq/ros_adv/install/interfaces/include/interfaces/interfaces/srv/detail
[0.515s] -- Up-to-date: /home/rafiq/ros_adv/install/interfaces/include/interfaces/interfaces/srv/detail/check_obstacle__traits.hpp
[0.515s] -- Up-to-date: /home/rafiq/ros_adv/install/interfaces/include/interfaces/interfaces/srv/detail/check_obstacle__builder.hpp
[0.516s] -- Up-to-date: /home/rafiq/ros_adv/install/interfaces/include/interfaces/interfaces/srv/detail/check_obstacle__struct.hpp
[0.516s] -- Up-to-date: /home/rafiq/ros_adv/install/interfaces/include/interfaces/interfaces/srv/detail/check_obstacle__type_support.hpp
[0.516s] -- Up-to-date: /home/rafiq/ros_adv/install/interfaces/include/interfaces/interfaces/srv/check_obstacle.hpp
[0.516s] -- Up-to-date: /home/rafiq/ros_adv/install/interfaces/include/interfaces/interfaces
[0.516s] -- Up-to-date: /home/rafiq/ros_adv/install/interfaces/include/interfaces/interfaces/msg
[0.516s] -- Up-to-date: /home/rafiq/ros_adv/install/interfaces/include/interfaces/interfaces/msg/rosidl_typesupport_fastrtps_cpp__visibility_control.h
[0.516s] -- Up-to-date: /home/rafiq/ros_adv/install/interfaces/include/interfaces/interfaces/msg/detail
[0.516s] -- Up-to-date: /home/rafiq/ros_adv/install/interfaces/include/interfaces/interfaces/msg/detail/dds_fastrtps
[0.516s] -- Up-to-date: /home/rafiq/ros_adv/install/interfaces/include/interfaces/interfaces/msg/detail/sensor_properties__rosidl_typesupport_fastrtps_cpp.hpp
[0.516s] -- Up-to-date: /home/rafiq/ros_adv/install/interfaces/include/interfaces/interfaces/srv
[0.516s] -- Up-to-date: /home/rafiq/ros_adv/install/interfaces/include/interfaces/interfaces/srv/detail
[0.516s] -- Up-to-date: /home/rafiq/ros_adv/install/interfaces/include/interfaces/interfaces/srv/detail/dds_fastrtps
[0.516s] -- Up-to-date: /home/rafiq/ros_adv/install/interfaces/include/interfaces/interfaces/srv/detail/check_obstacle__rosidl_typesupport_fastrtps_cpp.hpp
[0.517s] -- Up-to-date: /home/rafiq/ros_adv/install/interfaces/lib/libinterfaces__rosidl_typesupport_fastrtps_cpp.so
[0.517s] -- Up-to-date: /home/rafiq/ros_adv/install/interfaces/include/interfaces/interfaces
[0.517s] -- Up-to-date: /home/rafiq/ros_adv/install/interfaces/include/interfaces/interfaces/msg
[0.517s] -- Up-to-date: /home/rafiq/ros_adv/install/interfaces/include/interfaces/interfaces/msg/rosidl_typesupport_introspection_c__visibility_control.h
[0.517s] -- Up-to-date: /home/rafiq/ros_adv/install/interfaces/include/interfaces/interfaces/msg/detail
[0.517s] -- Up-to-date: /home/rafiq/ros_adv/install/interfaces/include/interfaces/interfaces/msg/detail/sensor_properties__rosidl_typesupport_introspection_c.h
[0.517s] -- Up-to-date: /home/rafiq/ros_adv/install/interfaces/include/interfaces/interfaces/msg/detail/sensor_properties__type_support.c
[0.517s] -- Up-to-date: /home/rafiq/ros_adv/install/interfaces/include/interfaces/interfaces/srv
[0.517s] -- Up-to-date: /home/rafiq/ros_adv/install/interfaces/include/interfaces/interfaces/srv/detail
[0.517s] -- Up-to-date: /home/rafiq/ros_adv/install/interfaces/include/interfaces/interfaces/srv/detail/check_obstacle__type_support.c
[0.517s] -- Up-to-date: /home/rafiq/ros_adv/install/interfaces/include/interfaces/interfaces/srv/detail/check_obstacle__rosidl_typesupport_introspection_c.h
[0.517s] -- Up-to-date: /home/rafiq/ros_adv/install/interfaces/lib/libinterfaces__rosidl_typesupport_introspection_c.so
[0.517s] -- Up-to-date: /home/rafiq/ros_adv/install/interfaces/lib/libinterfaces__rosidl_typesupport_c.so
[0.517s] -- Up-to-date: /home/rafiq/ros_adv/install/interfaces/include/interfaces/interfaces
[0.518s] -- Up-to-date: /home/rafiq/ros_adv/install/interfaces/include/interfaces/interfaces/msg
[0.518s] -- Up-to-date: /home/rafiq/ros_adv/install/interfaces/include/interfaces/interfaces/msg/detail
[0.518s] -- Up-to-date: /home/rafiq/ros_adv/install/interfaces/include/interfaces/interfaces/msg/detail/sensor_properties__rosidl_typesupport_introspection_cpp.hpp
[0.518s] -- Up-to-date: /home/rafiq/ros_adv/install/interfaces/include/interfaces/interfaces/msg/detail/sensor_properties__type_support.cpp
[0.518s] -- Up-to-date: /home/rafiq/ros_adv/install/interfaces/include/interfaces/interfaces/srv
[0.518s] -- Up-to-date: /home/rafiq/ros_adv/install/interfaces/include/interfaces/interfaces/srv/detail
[0.518s] -- Up-to-date: /home/rafiq/ros_adv/install/interfaces/include/interfaces/interfaces/srv/detail/check_obstacle__type_support.cpp
[0.518s] -- Up-to-date: /home/rafiq/ros_adv/install/interfaces/include/interfaces/interfaces/srv/detail/check_obstacle__rosidl_typesupport_introspection_cpp.hpp
[0.518s] -- Up-to-date: /home/rafiq/ros_adv/install/interfaces/lib/libinterfaces__rosidl_typesupport_introspection_cpp.so
[0.518s] -- Up-to-date: /home/rafiq/ros_adv/install/interfaces/lib/libinterfaces__rosidl_typesupport_cpp.so
[0.518s] -- Up-to-date: /home/rafiq/ros_adv/install/interfaces/share/interfaces/environment/pythonpath.sh
[0.519s] -- Up-to-date: /home/rafiq/ros_adv/install/interfaces/share/interfaces/environment/pythonpath.dsv
[0.519s] -- Up-to-date: /home/rafiq/ros_adv/install/interfaces/local/lib/python3.10/dist-packages/interfaces-0.0.0-py3.10.egg-info
[0.519s] -- Installing: /home/rafiq/ros_adv/install/interfaces/local/lib/python3.10/dist-packages/interfaces-0.0.0-py3.10.egg-info/PKG-INFO
[0.519s] -- Installing: /home/rafiq/ros_adv/install/interfaces/local/lib/python3.10/dist-packages/interfaces-0.0.0-py3.10.egg-info/SOURCES.txt
[0.519s] -- Installing: /home/rafiq/ros_adv/install/interfaces/local/lib/python3.10/dist-packages/interfaces-0.0.0-py3.10.egg-info/top_level.txt
[0.519s] -- Installing: /home/rafiq/ros_adv/install/interfaces/local/lib/python3.10/dist-packages/interfaces-0.0.0-py3.10.egg-info/dependency_links.txt
[0.520s] -- Up-to-date: /home/rafiq/ros_adv/install/interfaces/local/lib/python3.10/dist-packages/interfaces
[0.520s] -- Up-to-date: /home/rafiq/ros_adv/install/interfaces/local/lib/python3.10/dist-packages/interfaces/libinterfaces__rosidl_generator_py.so
[0.520s] -- Up-to-date: /home/rafiq/ros_adv/install/interfaces/local/lib/python3.10/dist-packages/interfaces/interfaces_s__rosidl_typesupport_fastrtps_c.cpython-310-x86_64-linux-gnu.so
[0.520s] -- Up-to-date: /home/rafiq/ros_adv/install/interfaces/local/lib/python3.10/dist-packages/interfaces/msg
[0.520s] -- Up-to-date: /home/rafiq/ros_adv/install/interfaces/local/lib/python3.10/dist-packages/interfaces/msg/_sensor_properties_s.c
[0.520s] -- Up-to-date: /home/rafiq/ros_adv/install/interfaces/local/lib/python3.10/dist-packages/interfaces/msg/_sensor_properties.py
[0.520s] -- Up-to-date: /home/rafiq/ros_adv/install/interfaces/local/lib/python3.10/dist-packages/interfaces/msg/__init__.py
[0.520s] -- Up-to-date: /home/rafiq/ros_adv/install/interfaces/local/lib/python3.10/dist-packages/interfaces/_interfaces_s.ep.rosidl_typesupport_c.c
[0.520s] -- Up-to-date: /home/rafiq/ros_adv/install/interfaces/local/lib/python3.10/dist-packages/interfaces/_interfaces_s.ep.rosidl_typesupport_introspection_c.c
[0.520s] -- Up-to-date: /home/rafiq/ros_adv/install/interfaces/local/lib/python3.10/dist-packages/interfaces/_interfaces_s.ep.rosidl_typesupport_fastrtps_c.c
[0.520s] -- Up-to-date: /home/rafiq/ros_adv/install/interfaces/local/lib/python3.10/dist-packages/interfaces/srv
[0.520s] -- Up-to-date: /home/rafiq/ros_adv/install/interfaces/local/lib/python3.10/dist-packages/interfaces/srv/_check_obstacle_s.c
[0.520s] -- Up-to-date: /home/rafiq/ros_adv/install/interfaces/local/lib/python3.10/dist-packages/interfaces/srv/_check_obstacle.py
[0.521s] -- Up-to-date: /home/rafiq/ros_adv/install/interfaces/local/lib/python3.10/dist-packages/interfaces/srv/__init__.py
[0.521s] -- Up-to-date: /home/rafiq/ros_adv/install/interfaces/local/lib/python3.10/dist-packages/interfaces/interfaces_s__rosidl_typesupport_c.cpython-310-x86_64-linux-gnu.so
[0.521s] -- Up-to-date: /home/rafiq/ros_adv/install/interfaces/local/lib/python3.10/dist-packages/interfaces/__init__.py
[0.521s] -- Up-to-date: /home/rafiq/ros_adv/install/interfaces/local/lib/python3.10/dist-packages/interfaces/interfaces_s__rosidl_typesupport_introspection_c.cpython-310-x86_64-linux-gnu.so
[0.556s] Listing '/home/rafiq/ros_adv/install/interfaces/local/lib/python3.10/dist-packages/interfaces'...
[0.556s] Listing '/home/rafiq/ros_adv/install/interfaces/local/lib/python3.10/dist-packages/interfaces/msg'...
[0.556s] Listing '/home/rafiq/ros_adv/install/interfaces/local/lib/python3.10/dist-packages/interfaces/srv'...
[0.560s] -- Up-to-date: /home/rafiq/ros_adv/install/interfaces/local/lib/python3.10/dist-packages/interfaces/interfaces_s__rosidl_typesupport_fastrtps_c.cpython-310-x86_64-linux-gnu.so
[0.561s] -- Up-to-date: /home/rafiq/ros_adv/install/interfaces/local/lib/python3.10/dist-packages/interfaces/interfaces_s__rosidl_typesupport_introspection_c.cpython-310-x86_64-linux-gnu.so
[0.561s] -- Up-to-date: /home/rafiq/ros_adv/install/interfaces/local/lib/python3.10/dist-packages/interfaces/interfaces_s__rosidl_typesupport_c.cpython-310-x86_64-linux-gnu.so
[0.562s] -- Up-to-date: /home/rafiq/ros_adv/install/interfaces/lib/libinterfaces__rosidl_generator_py.so
[0.562s] -- Up-to-date: /home/rafiq/ros_adv/install/interfaces/share/interfaces/msg/SensorProperties.idl
[0.562s] -- Up-to-date: /home/rafiq/ros_adv/install/interfaces/share/interfaces/srv/CheckObstacle.idl
[0.562s] -- Up-to-date: /home/rafiq/ros_adv/install/interfaces/share/interfaces/msg/SensorProperties.msg
[0.562s] -- Up-to-date: /home/rafiq/ros_adv/install/interfaces/share/interfaces/srv/CheckObstacle.srv
[0.562s] -- Up-to-date: /home/rafiq/ros_adv/install/interfaces/share/interfaces/srv/CheckObstacle_Request.msg
[0.562s] -- Up-to-date: /home/rafiq/ros_adv/install/interfaces/share/interfaces/srv/CheckObstacle_Response.msg
[0.563s] -- Up-to-date: /home/rafiq/ros_adv/install/interfaces/share/ament_index/resource_index/package_run_dependencies/interfaces
[0.563s] -- Up-to-date: /home/rafiq/ros_adv/install/interfaces/share/ament_index/resource_index/parent_prefix_path/interfaces
[0.563s] -- Up-to-date: /home/rafiq/ros_adv/install/interfaces/share/interfaces/environment/ament_prefix_path.sh
[0.563s] -- Up-to-date: /home/rafiq/ros_adv/install/interfaces/share/interfaces/environment/ament_prefix_path.dsv
[0.563s] -- Up-to-date: /home/rafiq/ros_adv/install/interfaces/share/interfaces/environment/path.sh
[0.563s] -- Up-to-date: /home/rafiq/ros_adv/install/interfaces/share/interfaces/environment/path.dsv
[0.563s] -- Up-to-date: /home/rafiq/ros_adv/install/interfaces/share/interfaces/local_setup.bash
[0.563s] -- Up-to-date: /home/rafiq/ros_adv/install/interfaces/share/interfaces/local_setup.sh
[0.563s] -- Up-to-date: /home/rafiq/ros_adv/install/interfaces/share/interfaces/local_setup.zsh
[0.563s] -- Up-to-date: /home/rafiq/ros_adv/install/interfaces/share/interfaces/local_setup.dsv
[0.563s] -- Installing: /home/rafiq/ros_adv/install/interfaces/share/interfaces/package.dsv
[0.564s] -- Up-to-date: /home/rafiq/ros_adv/install/interfaces/share/ament_index/resource_index/packages/interfaces
[0.564s] -- Up-to-date: /home/rafiq/ros_adv/install/interfaces/share/interfaces/cmake/export_interfaces__rosidl_generator_cExport.cmake
[0.564s] -- Up-to-date: /home/rafiq/ros_adv/install/interfaces/share/interfaces/cmake/export_interfaces__rosidl_generator_cExport-noconfig.cmake
[0.564s] -- Up-to-date: /home/rafiq/ros_adv/install/interfaces/share/interfaces/cmake/export_interfaces__rosidl_typesupport_fastrtps_cExport.cmake
[0.564s] -- Up-to-date: /home/rafiq/ros_adv/install/interfaces/share/interfaces/cmake/export_interfaces__rosidl_typesupport_fastrtps_cExport-noconfig.cmake
[0.565s] -- Up-to-date: /home/rafiq/ros_adv/install/interfaces/share/interfaces/cmake/export_interfaces__rosidl_generator_cppExport.cmake
[0.565s] -- Up-to-date: /home/rafiq/ros_adv/install/interfaces/share/interfaces/cmake/export_interfaces__rosidl_typesupport_fastrtps_cppExport.cmake
[0.566s] -- Up-to-date: /home/rafiq/ros_adv/install/interfaces/share/interfaces/cmake/export_interfaces__rosidl_typesupport_fastrtps_cppExport-noconfig.cmake
[0.566s] -- Up-to-date: /home/rafiq/ros_adv/install/interfaces/share/interfaces/cmake/interfaces__rosidl_typesupport_introspection_cExport.cmake
[0.566s] -- Up-to-date: /home/rafiq/ros_adv/install/interfaces/share/interfaces/cmake/interfaces__rosidl_typesupport_introspection_cExport-noconfig.cmake
[0.567s] -- Up-to-date: /home/rafiq/ros_adv/install/interfaces/share/interfaces/cmake/interfaces__rosidl_typesupport_cExport.cmake
[0.567s] -- Up-to-date: /home/rafiq/ros_adv/install/interfaces/share/interfaces/cmake/interfaces__rosidl_typesupport_cExport-noconfig.cmake
[0.567s] -- Up-to-date: /home/rafiq/ros_adv/install/interfaces/share/interfaces/cmake/interfaces__rosidl_typesupport_introspection_cppExport.cmake
[0.567s] -- Up-to-date: /home/rafiq/ros_adv/install/interfaces/share/interfaces/cmake/interfaces__rosidl_typesupport_introspection_cppExport-noconfig.cmake
[0.567s] -- Up-to-date: /home/rafiq/ros_adv/install/interfaces/share/interfaces/cmake/interfaces__rosidl_typesupport_cppExport.cmake
[0.567s] -- Up-to-date: /home/rafiq/ros_adv/install/interfaces/share/interfaces/cmake/interfaces__rosidl_typesupport_cppExport-noconfig.cmake
[0.567s] -- Up-to-date: /home/rafiq/ros_adv/install/interfaces/share/interfaces/cmake/export_interfaces__rosidl_generator_pyExport.cmake
[0.567s] -- Up-to-date: /home/rafiq/ros_adv/install/interfaces/share/interfaces/cmake/export_interfaces__rosidl_generator_pyExport-noconfig.cmake
[0.568s] -- Up-to-date: /home/rafiq/ros_adv/install/interfaces/share/interfaces/cmake/rosidl_cmake-extras.cmake
[0.568s] -- Up-to-date: /home/rafiq/ros_adv/install/interfaces/share/interfaces/cmake/ament_cmake_export_dependencies-extras.cmake
[0.568s] -- Up-to-date: /home/rafiq/ros_adv/install/interfaces/share/interfaces/cmake/ament_cmake_export_include_directories-extras.cmake
[0.568s] -- Up-to-date: /home/rafiq/ros_adv/install/interfaces/share/interfaces/cmake/ament_cmake_export_libraries-extras.cmake
[0.569s] -- Up-to-date: /home/rafiq/ros_adv/install/interfaces/share/interfaces/cmake/ament_cmake_export_targets-extras.cmake
[0.570s] -- Up-to-date: /home/rafiq/ros_adv/install/interfaces/share/interfaces/cmake/rosidl_cmake_export_typesupport_targets-extras.cmake
[0.570s] -- Up-to-date: /home/rafiq/ros_adv/install/interfaces/share/interfaces/cmake/rosidl_cmake_export_typesupport_libraries-extras.cmake
[0.570s] -- Up-to-date: /home/rafiq/ros_adv/install/interfaces/share/interfaces/cmake/interfacesConfig.cmake
[0.570s] -- Up-to-date: /home/rafiq/ros_adv/install/interfaces/share/interfaces/cmake/interfacesConfig-version.cmake
[0.570s] -- Up-to-date: /home/rafiq/ros_adv/install/interfaces/share/interfaces/package.xml
[0.570s] Invoked command in '/home/rafiq/ros_adv/build/interfaces' returned '0': CMAKE_PREFIX_PATH=${CMAKE_PREFIX_PATH}:/home/rafiq/ros_adv/install/multi_sensor_validator:/opt/ros/humble /usr/bin/cmake --install /home/rafiq/ros_adv/build/interfaces
